{
  "uid" : "3770bf0622e67615",
  "name" : "POST checking ports_len negative symbols",
  "fullName" : "tests_api.test_bd.TestPOST#test_post_checking_ports_len_negative_symbols",
  "historyId" : "381cac88cc6f55198cae5b20cb94989e",
  "time" : {
    "start" : 1740706602537,
    "stop" : 1740706602893,
    "duration" : 356
  },
  "status" : "failed",
  "statusMessage" : "AssertionError: Result is not equal expected value",
  "statusTrace" : "self = <tests_api.test_bd.TestPOST object at 0x7fa57dd4e420>\n\n    @allure.title('POST checking ports_len negative symbols')\n    def test_post_checking_ports_len_negative_symbols(self):\n        result = API.post_create_docker_container_checking_ports(\n            token=TestPOST.token,\n            port_len=\"qwert\")\n        Checking.check_status_code(result, 400)\n>       Checking.check_json_value(result, 'msg', \"msg[]: ports range isn't accepted\")\n\ntests_api/test_bd.py:399: \n_ _ _ _ _ _ _ _ _ _ _ _ _ _ _ _ _ _ _ _ _ _ _ _ _ _ _ _ _ _ _ _ _ _ _ _ _ _ _ _ \n\nresponse = <Response [400]>, field_name = 'msg'\nexpected_value = \"msg[]: ports range isn't accepted\"\n\n    @staticmethod\n    def check_json_value(response: requests.models.Response, field_name: str, expected_value):\n        \"\"\"\n        :param response: requests.models.Response\n        :param field_name:\n        :param expected_value:\n        \"\"\"\n        check = response.json()\n        check_info = check.get(field_name)\n        with allure.step(\n                f'Compare result request with expected value:'\n                f'\\nResponse: {response}\\nField name: {field_name}\\nValue: {expected_value}'):\n>           assert check_info == expected_value, 'Result is not equal expected value'\nE           AssertionError: Result is not equal expected value\n\ntests_api/utils/checking.py:57: AssertionError",
  "flaky" : false,
  "newFailed" : false,
  "beforeStages" : [ ],
  "testStage" : {
    "status" : "failed",
    "statusMessage" : "AssertionError: Result is not equal expected value",
    "statusTrace" : "self = <tests_api.test_bd.TestPOST object at 0x7fa57dd4e420>\n\n    @allure.title('POST checking ports_len negative symbols')\n    def test_post_checking_ports_len_negative_symbols(self):\n        result = API.post_create_docker_container_checking_ports(\n            token=TestPOST.token,\n            port_len=\"qwert\")\n        Checking.check_status_code(result, 400)\n>       Checking.check_json_value(result, 'msg', \"msg[]: ports range isn't accepted\")\n\ntests_api/test_bd.py:399: \n_ _ _ _ _ _ _ _ _ _ _ _ _ _ _ _ _ _ _ _ _ _ _ _ _ _ _ _ _ _ _ _ _ _ _ _ _ _ _ _ \n\nresponse = <Response [400]>, field_name = 'msg'\nexpected_value = \"msg[]: ports range isn't accepted\"\n\n    @staticmethod\n    def check_json_value(response: requests.models.Response, field_name: str, expected_value):\n        \"\"\"\n        :param response: requests.models.Response\n        :param field_name:\n        :param expected_value:\n        \"\"\"\n        check = response.json()\n        check_info = check.get(field_name)\n        with allure.step(\n                f'Compare result request with expected value:'\n                f'\\nResponse: {response}\\nField name: {field_name}\\nValue: {expected_value}'):\n>           assert check_info == expected_value, 'Result is not equal expected value'\nE           AssertionError: Result is not equal expected value\n\ntests_api/utils/checking.py:57: AssertionError",
    "steps" : [ {
      "name" : "post_create_docker_container",
      "time" : {
        "start" : 1740706602537,
        "stop" : 1740706602892,
        "duration" : 355
      },
      "status" : "passed",
      "steps" : [ {
        "name" : "Endpoint: /container_create",
        "time" : {
          "start" : 1740706602892,
          "stop" : 1740706602892,
          "duration" : 0
        },
        "status" : "passed",
        "steps" : [ ],
        "attachments" : [ ],
        "parameters" : [ ],
        "stepsCount" : 0,
        "attachmentsCount" : 0,
        "shouldDisplayMessage" : false,
        "hasContent" : false
      }, {
        "name" : "Request:",
        "time" : {
          "start" : 1740706602892,
          "stop" : 1740706602892,
          "duration" : 0
        },
        "status" : "passed",
        "steps" : [ {
          "name" : "Url: https://dbend.areso.pro/container_create",
          "time" : {
            "start" : 1740706602892,
            "stop" : 1740706602892,
            "duration" : 0
          },
          "status" : "passed",
          "steps" : [ ],
          "attachments" : [ ],
          "parameters" : [ ],
          "stepsCount" : 0,
          "attachmentsCount" : 0,
          "shouldDisplayMessage" : false,
          "hasContent" : false
        }, {
          "name" : "Headers: {'Content-Type': 'application/json', 'Authorization': '670f2f8f-532c-467e-b79e-2bc6ec85fd11'}",
          "time" : {
            "start" : 1740706602892,
            "stop" : 1740706602892,
            "duration" : 0
          },
          "status" : "passed",
          "steps" : [ ],
          "attachments" : [ ],
          "parameters" : [ ],
          "stepsCount" : 0,
          "attachmentsCount" : 0,
          "shouldDisplayMessage" : false,
          "hasContent" : false
        }, {
          "name" : "Body: {\"docker_image\": \"nginx\", \"int_ports\": f\"qwert\", \"env\": 3, \"region\": 3}",
          "time" : {
            "start" : 1740706602892,
            "stop" : 1740706602892,
            "duration" : 0
          },
          "status" : "passed",
          "steps" : [ ],
          "attachments" : [ ],
          "parameters" : [ ],
          "stepsCount" : 0,
          "attachmentsCount" : 0,
          "shouldDisplayMessage" : false,
          "hasContent" : false
        } ],
        "attachments" : [ ],
        "parameters" : [ ],
        "stepsCount" : 3,
        "attachmentsCount" : 0,
        "shouldDisplayMessage" : false,
        "hasContent" : true
      }, {
        "name" : "Response:",
        "time" : {
          "start" : 1740706602892,
          "stop" : 1740706602892,
          "duration" : 0
        },
        "status" : "passed",
        "steps" : [ {
          "name" : "Status code: 400",
          "time" : {
            "start" : 1740706602892,
            "stop" : 1740706602892,
            "duration" : 0
          },
          "status" : "passed",
          "steps" : [ ],
          "attachments" : [ ],
          "parameters" : [ ],
          "stepsCount" : 0,
          "attachmentsCount" : 0,
          "shouldDisplayMessage" : false,
          "hasContent" : false
        }, {
          "name" : "JSON: {\n    \"msg_code\": -1,\n    \"msg\": \"endpoint is disabled\"\n}\n",
          "time" : {
            "start" : 1740706602892,
            "stop" : 1740706602892,
            "duration" : 0
          },
          "status" : "passed",
          "steps" : [ ],
          "attachments" : [ ],
          "parameters" : [ ],
          "stepsCount" : 0,
          "attachmentsCount" : 0,
          "shouldDisplayMessage" : false,
          "hasContent" : false
        } ],
        "attachments" : [ ],
        "parameters" : [ ],
        "stepsCount" : 2,
        "attachmentsCount" : 0,
        "shouldDisplayMessage" : false,
        "hasContent" : true
      } ],
      "attachments" : [ ],
      "parameters" : [ ],
      "stepsCount" : 8,
      "attachmentsCount" : 0,
      "shouldDisplayMessage" : false,
      "hasContent" : true
    }, {
      "name" : "Assert status code: 400 == Response status code: 400",
      "time" : {
        "start" : 1740706602892,
        "stop" : 1740706602892,
        "duration" : 0
      },
      "status" : "passed",
      "steps" : [ ],
      "attachments" : [ ],
      "parameters" : [ ],
      "stepsCount" : 0,
      "attachmentsCount" : 0,
      "shouldDisplayMessage" : false,
      "hasContent" : false
    }, {
      "name" : "Compare result request with expected value:\nResponse: <Response [400]>\nField name: msg\nValue: msg[]: ports range isn't accepted",
      "time" : {
        "start" : 1740706602892,
        "stop" : 1740706602892,
        "duration" : 0
      },
      "status" : "failed",
      "statusMessage" : "AssertionError: Result is not equal expected value\n",
      "statusTrace" : "  File \"/home/runner/work/Oblache/Oblache/tests_api/utils/checking.py\", line 57, in check_json_value\n    assert check_info == expected_value, 'Result is not equal expected value'\n           ^^^^^^^^^^^^^^^^^^^^^^^^^^^^\n",
      "steps" : [ ],
      "attachments" : [ ],
      "parameters" : [ ],
      "stepsCount" : 0,
      "attachmentsCount" : 0,
      "shouldDisplayMessage" : true,
      "hasContent" : true
    } ],
    "attachments" : [ ],
    "parameters" : [ ],
    "stepsCount" : 11,
    "attachmentsCount" : 0,
    "shouldDisplayMessage" : true,
    "hasContent" : true
  },
  "afterStages" : [ ],
  "labels" : [ {
    "name" : "suite",
    "value" : "POST"
  }, {
    "name" : "parentSuite",
    "value" : "tests_api"
  }, {
    "name" : "subSuite",
    "value" : "TestPOST"
  }, {
    "name" : "host",
    "value" : "fv-az1690-549"
  }, {
    "name" : "thread",
    "value" : "2451-MainThread"
  }, {
    "name" : "framework",
    "value" : "pytest"
  }, {
    "name" : "language",
    "value" : "cpython3"
  }, {
    "name" : "package",
    "value" : "tests_api.test_bd"
  }, {
    "name" : "resultFormat",
    "value" : "allure2"
  } ],
  "parameters" : [ ],
  "links" : [ ],
  "hidden" : false,
  "retry" : false,
  "extra" : {
    "severity" : "normal",
    "retries" : [ ],
    "categories" : [ {
      "name" : "Product defects",
      "matchedStatuses" : [ ],
      "flaky" : false
    } ],
    "history" : {
      "statistic" : {
        "failed" : 128,
        "broken" : 3,
        "skipped" : 0,
        "passed" : 70,
        "unknown" : 0,
        "total" : 201
      },
      "items" : [ {
        "uid" : "36cc86561b68c562",
        "reportUrl" : "https://Areso.github.io/Oblache/322//#testresult/36cc86561b68c562",
        "status" : "failed",
        "statusDetails" : "AssertionError: Result is not equal expected value",
        "time" : {
          "start" : 1740620187525,
          "stop" : 1740620187896,
          "duration" : 371
        }
      }, {
        "uid" : "df2a71489fa53c3f",
        "reportUrl" : "https://Areso.github.io/Oblache/321//#testresult/df2a71489fa53c3f",
        "status" : "failed",
        "statusDetails" : "AssertionError: Result is not equal expected value",
        "time" : {
          "start" : 1740533309479,
          "stop" : 1740533309836,
          "duration" : 357
        }
      }, {
        "uid" : "89bb6baf24623b23",
        "reportUrl" : "https://Areso.github.io/Oblache/320//#testresult/89bb6baf24623b23",
        "status" : "failed",
        "statusDetails" : "AssertionError: Result is not equal expected value",
        "time" : {
          "start" : 1740447403208,
          "stop" : 1740447403711,
          "duration" : 503
        }
      }, {
        "uid" : "8fedd89447e6d97f",
        "reportUrl" : "https://Areso.github.io/Oblache/319//#testresult/8fedd89447e6d97f",
        "status" : "failed",
        "statusDetails" : "AssertionError: Result is not equal expected value",
        "time" : {
          "start" : 1740361022412,
          "stop" : 1740361022719,
          "duration" : 307
        }
      }, {
        "uid" : "f0a7a15f6f6c30d",
        "reportUrl" : "https://Areso.github.io/Oblache/318//#testresult/f0a7a15f6f6c30d",
        "status" : "failed",
        "statusDetails" : "AssertionError: Result is not equal expected value",
        "time" : {
          "start" : 1740274788435,
          "stop" : 1740274788943,
          "duration" : 508
        }
      }, {
        "uid" : "77cd059b3cf1d68c",
        "reportUrl" : "https://Areso.github.io/Oblache/317//#testresult/77cd059b3cf1d68c",
        "status" : "failed",
        "statusDetails" : "AssertionError: Result is not equal expected value",
        "time" : {
          "start" : 1740187477804,
          "stop" : 1740187478135,
          "duration" : 331
        }
      }, {
        "uid" : "6c69756273fda42",
        "reportUrl" : "https://Areso.github.io/Oblache/316//#testresult/6c69756273fda42",
        "status" : "failed",
        "statusDetails" : "AssertionError: Result is not equal expected value",
        "time" : {
          "start" : 1740101248757,
          "stop" : 1740101249255,
          "duration" : 498
        }
      }, {
        "uid" : "1359a040ba2c9e87",
        "reportUrl" : "https://Areso.github.io/Oblache/315//#testresult/1359a040ba2c9e87",
        "status" : "failed",
        "statusDetails" : "AssertionError: Result is not equal expected value",
        "time" : {
          "start" : 1740014813919,
          "stop" : 1740014814282,
          "duration" : 363
        }
      }, {
        "uid" : "269cc135b906701a",
        "reportUrl" : "https://Areso.github.io/Oblache/314//#testresult/269cc135b906701a",
        "status" : "failed",
        "statusDetails" : "AssertionError: Result is not equal expected value",
        "time" : {
          "start" : 1739928403090,
          "stop" : 1739928403469,
          "duration" : 379
        }
      }, {
        "uid" : "4dfbfd8f385e3ab",
        "reportUrl" : "https://Areso.github.io/Oblache/313//#testresult/4dfbfd8f385e3ab",
        "status" : "failed",
        "statusDetails" : "AssertionError: Result is not equal expected value",
        "time" : {
          "start" : 1739841962992,
          "stop" : 1739841963292,
          "duration" : 300
        }
      }, {
        "uid" : "a53b259f9bf632b3",
        "reportUrl" : "https://Areso.github.io/Oblache/312//#testresult/a53b259f9bf632b3",
        "status" : "failed",
        "statusDetails" : "AssertionError: Result is not equal expected value",
        "time" : {
          "start" : 1739756212441,
          "stop" : 1739756212945,
          "duration" : 504
        }
      }, {
        "uid" : "a25ce31ab515588e",
        "reportUrl" : "https://Areso.github.io/Oblache/311//#testresult/a25ce31ab515588e",
        "status" : "failed",
        "statusDetails" : "AssertionError: Result is not equal expected value",
        "time" : {
          "start" : 1739670006293,
          "stop" : 1739670006805,
          "duration" : 512
        }
      }, {
        "uid" : "8ff8bd7921a37cc2",
        "reportUrl" : "https://Areso.github.io/Oblache/310//#testresult/8ff8bd7921a37cc2",
        "status" : "failed",
        "statusDetails" : "AssertionError: Result is not equal expected value",
        "time" : {
          "start" : 1739582718213,
          "stop" : 1739582718596,
          "duration" : 383
        }
      }, {
        "uid" : "15c7f09ddc09a7cd",
        "reportUrl" : "https://Areso.github.io/Oblache/309//#testresult/15c7f09ddc09a7cd",
        "status" : "failed",
        "statusDetails" : "AssertionError: Result is not equal expected value",
        "time" : {
          "start" : 1739496365945,
          "stop" : 1739496366262,
          "duration" : 317
        }
      }, {
        "uid" : "d984eaf43b597ae4",
        "reportUrl" : "https://Areso.github.io/Oblache/308//#testresult/d984eaf43b597ae4",
        "status" : "failed",
        "statusDetails" : "AssertionError: Result is not equal expected value",
        "time" : {
          "start" : 1739409994019,
          "stop" : 1739409994546,
          "duration" : 527
        }
      }, {
        "uid" : "77a79343c01e0f99",
        "reportUrl" : "https://Areso.github.io/Oblache/307//#testresult/77a79343c01e0f99",
        "status" : "failed",
        "statusDetails" : "AssertionError: Result is not equal expected value",
        "time" : {
          "start" : 1739323554707,
          "stop" : 1739323555021,
          "duration" : 314
        }
      }, {
        "uid" : "97d9045e1f20fc7e",
        "reportUrl" : "https://Areso.github.io/Oblache/306//#testresult/97d9045e1f20fc7e",
        "status" : "failed",
        "statusDetails" : "AssertionError: Incorrect status code: 504",
        "time" : {
          "start" : 1739240141791,
          "stop" : 1739240202073,
          "duration" : 60282
        }
      }, {
        "uid" : "d2a8609f3f6ddca8",
        "reportUrl" : "https://Areso.github.io/Oblache/305//#testresult/d2a8609f3f6ddca8",
        "status" : "failed",
        "statusDetails" : "AssertionError: Incorrect status code: 504",
        "time" : {
          "start" : 1739153807009,
          "stop" : 1739153867317,
          "duration" : 60308
        }
      }, {
        "uid" : "44a579924449c54a",
        "reportUrl" : "https://Areso.github.io/Oblache/304//#testresult/44a579924449c54a",
        "status" : "failed",
        "statusDetails" : "AssertionError: Incorrect status code: 504",
        "time" : {
          "start" : 1739068008684,
          "stop" : 1739068069058,
          "duration" : 60374
        }
      }, {
        "uid" : "63e2caee02c0959d",
        "reportUrl" : "https://Areso.github.io/Oblache/303//#testresult/63e2caee02c0959d",
        "status" : "failed",
        "statusDetails" : "AssertionError: Incorrect status code: 504",
        "time" : {
          "start" : 1738980823500,
          "stop" : 1738980884137,
          "duration" : 60637
        }
      } ]
    },
    "tags" : [ ]
  },
  "source" : "3770bf0622e67615.json",
  "parameterValues" : [ ]
}