{
  "uid" : "644b95e739a6cf4b",
  "name" : "POST create_docker_container_without_token",
  "fullName" : "tests_api.test_bd.TestPOST#test_post_create_docker_with_defunct_image",
  "historyId" : "346493b9ad20460bc067ba466e60ac88",
  "time" : {
    "start" : 1743990248962,
    "stop" : 1743990249239,
    "duration" : 277
  },
  "status" : "failed",
  "statusMessage" : "AssertionError: Incorrect status code: 502",
  "statusTrace" : "self = <tests_api.test_bd.TestPOST object at 0x7efd39e50d40>\n\n    @allure.title('POST create_docker_container_without_token')\n    def test_post_create_docker_with_defunct_image(self):\n        result = API.post_create_docker_container_with_defunct_image(token=TestPOST.token)\n>       Checking.check_status_code(result, 400)\n\ntests_api/test_bd.py:410: \n_ _ _ _ _ _ _ _ _ _ _ _ _ _ _ _ _ _ _ _ _ _ _ _ _ _ _ _ _ _ _ _ _ _ _ _ _ _ _ _ \n\nresult = <Response [502]>, status_code = 400\n\n    @staticmethod\n    def check_status_code(result: requests.models.Response, status_code: int):\n        \"\"\"\n        Method check status code\n        :param result: Response\n        :param status_code:\n        \"\"\"\n        with allure.step(f'Assert status code: {status_code} == Response status code: {result.status_code}'):\n>           assert status_code == result.status_code, f'Incorrect status code: {result.status_code}'\nE           AssertionError: Incorrect status code: 502\n\ntests_api/utils/checking.py:16: AssertionError",
  "flaky" : false,
  "newFailed" : false,
  "beforeStages" : [ ],
  "testStage" : {
    "status" : "failed",
    "statusMessage" : "AssertionError: Incorrect status code: 502",
    "statusTrace" : "self = <tests_api.test_bd.TestPOST object at 0x7efd39e50d40>\n\n    @allure.title('POST create_docker_container_without_token')\n    def test_post_create_docker_with_defunct_image(self):\n        result = API.post_create_docker_container_with_defunct_image(token=TestPOST.token)\n>       Checking.check_status_code(result, 400)\n\ntests_api/test_bd.py:410: \n_ _ _ _ _ _ _ _ _ _ _ _ _ _ _ _ _ _ _ _ _ _ _ _ _ _ _ _ _ _ _ _ _ _ _ _ _ _ _ _ \n\nresult = <Response [502]>, status_code = 400\n\n    @staticmethod\n    def check_status_code(result: requests.models.Response, status_code: int):\n        \"\"\"\n        Method check status code\n        :param result: Response\n        :param status_code:\n        \"\"\"\n        with allure.step(f'Assert status code: {status_code} == Response status code: {result.status_code}'):\n>           assert status_code == result.status_code, f'Incorrect status code: {result.status_code}'\nE           AssertionError: Incorrect status code: 502\n\ntests_api/utils/checking.py:16: AssertionError",
    "steps" : [ {
      "name" : "post_create_docker_container_with_defunct_image",
      "time" : {
        "start" : 1743990248962,
        "stop" : 1743990249238,
        "duration" : 276
      },
      "status" : "passed",
      "steps" : [ {
        "name" : "Endpoint: /container_create",
        "time" : {
          "start" : 1743990249238,
          "stop" : 1743990249238,
          "duration" : 0
        },
        "status" : "passed",
        "steps" : [ ],
        "attachments" : [ ],
        "parameters" : [ ],
        "stepsCount" : 0,
        "attachmentsCount" : 0,
        "shouldDisplayMessage" : false,
        "hasContent" : false
      }, {
        "name" : "Request:",
        "time" : {
          "start" : 1743990249238,
          "stop" : 1743990249238,
          "duration" : 0
        },
        "status" : "passed",
        "steps" : [ {
          "name" : "Headers: {'Content-Type': 'application/json', 'Authorization': 'None'}",
          "time" : {
            "start" : 1743990249238,
            "stop" : 1743990249238,
            "duration" : 0
          },
          "status" : "passed",
          "steps" : [ ],
          "attachments" : [ ],
          "parameters" : [ ],
          "stepsCount" : 0,
          "attachmentsCount" : 0,
          "shouldDisplayMessage" : false,
          "hasContent" : false
        }, {
          "name" : "Body: {\"docker_image\": \"\", \"int_ports\": \"80\", \"env\": 3, \"region\": 3}",
          "time" : {
            "start" : 1743990249238,
            "stop" : 1743990249238,
            "duration" : 0
          },
          "status" : "passed",
          "steps" : [ ],
          "attachments" : [ ],
          "parameters" : [ ],
          "stepsCount" : 0,
          "attachmentsCount" : 0,
          "shouldDisplayMessage" : false,
          "hasContent" : false
        } ],
        "attachments" : [ ],
        "parameters" : [ ],
        "stepsCount" : 2,
        "attachmentsCount" : 0,
        "shouldDisplayMessage" : false,
        "hasContent" : true
      }, {
        "name" : "Response:",
        "time" : {
          "start" : 1743990249238,
          "stop" : 1743990249238,
          "duration" : 0
        },
        "status" : "passed",
        "steps" : [ {
          "name" : "Status code: 502",
          "time" : {
            "start" : 1743990249238,
            "stop" : 1743990249238,
            "duration" : 0
          },
          "status" : "passed",
          "steps" : [ ],
          "attachments" : [ ],
          "parameters" : [ ],
          "stepsCount" : 0,
          "attachmentsCount" : 0,
          "shouldDisplayMessage" : false,
          "hasContent" : false
        }, {
          "name" : "JSON: <html>\r\n<head><title>502 Bad Gateway</title></head>\r\n<body>\r\n<center><h1>502 Bad Gateway</h1></center>\r\n<hr><center>nginx/1.18.0 (Ubuntu)</center>\r\n</body>\r\n</html>\r\n",
          "time" : {
            "start" : 1743990249238,
            "stop" : 1743990249238,
            "duration" : 0
          },
          "status" : "passed",
          "steps" : [ ],
          "attachments" : [ ],
          "parameters" : [ ],
          "stepsCount" : 0,
          "attachmentsCount" : 0,
          "shouldDisplayMessage" : false,
          "hasContent" : false
        } ],
        "attachments" : [ ],
        "parameters" : [ ],
        "stepsCount" : 2,
        "attachmentsCount" : 0,
        "shouldDisplayMessage" : false,
        "hasContent" : true
      } ],
      "attachments" : [ ],
      "parameters" : [ ],
      "stepsCount" : 7,
      "attachmentsCount" : 0,
      "shouldDisplayMessage" : false,
      "hasContent" : true
    }, {
      "name" : "Assert status code: 400 == Response status code: 502",
      "time" : {
        "start" : 1743990249238,
        "stop" : 1743990249238,
        "duration" : 0
      },
      "status" : "failed",
      "statusMessage" : "AssertionError: Incorrect status code: 502\n",
      "statusTrace" : "  File \"/home/runner/work/Oblache/Oblache/tests_api/utils/checking.py\", line 16, in check_status_code\n    assert status_code == result.status_code, f'Incorrect status code: {result.status_code}'\n           ^^^^^^^^^^^^^^^^^^^^^^^^^^^^^^^^^\n",
      "steps" : [ ],
      "attachments" : [ ],
      "parameters" : [ ],
      "stepsCount" : 0,
      "attachmentsCount" : 0,
      "shouldDisplayMessage" : true,
      "hasContent" : true
    } ],
    "attachments" : [ ],
    "parameters" : [ ],
    "stepsCount" : 9,
    "attachmentsCount" : 0,
    "shouldDisplayMessage" : true,
    "hasContent" : true
  },
  "afterStages" : [ ],
  "labels" : [ {
    "name" : "suite",
    "value" : "POST"
  }, {
    "name" : "parentSuite",
    "value" : "tests_api"
  }, {
    "name" : "subSuite",
    "value" : "TestPOST"
  }, {
    "name" : "host",
    "value" : "fv-az2029-252"
  }, {
    "name" : "thread",
    "value" : "2459-MainThread"
  }, {
    "name" : "framework",
    "value" : "pytest"
  }, {
    "name" : "language",
    "value" : "cpython3"
  }, {
    "name" : "package",
    "value" : "tests_api.test_bd"
  }, {
    "name" : "resultFormat",
    "value" : "allure2"
  } ],
  "parameters" : [ ],
  "links" : [ ],
  "hidden" : false,
  "retry" : false,
  "extra" : {
    "severity" : "normal",
    "retries" : [ ],
    "categories" : [ {
      "name" : "Product defects",
      "matchedStatuses" : [ ],
      "flaky" : false
    } ],
    "history" : {
      "statistic" : {
        "failed" : 166,
        "broken" : 3,
        "skipped" : 0,
        "passed" : 70,
        "unknown" : 0,
        "total" : 239
      },
      "items" : [ {
        "uid" : "74c107def2f0301d",
        "reportUrl" : "https://Areso.github.io/Oblache/360//#testresult/74c107def2f0301d",
        "status" : "failed",
        "statusDetails" : "AssertionError: Incorrect status code: 502",
        "time" : {
          "start" : 1743903979026,
          "stop" : 1743903979645,
          "duration" : 619
        }
      }, {
        "uid" : "edad2f16366c1c2",
        "reportUrl" : "https://Areso.github.io/Oblache/359//#testresult/edad2f16366c1c2",
        "status" : "failed",
        "statusDetails" : "AssertionError: Result is not equal expected value",
        "time" : {
          "start" : 1743817163892,
          "stop" : 1743817164209,
          "duration" : 317
        }
      }, {
        "uid" : "5f12f5c3b8e16129",
        "reportUrl" : "https://Areso.github.io/Oblache/358//#testresult/5f12f5c3b8e16129",
        "status" : "failed",
        "statusDetails" : "AssertionError: Result is not equal expected value",
        "time" : {
          "start" : 1743730850087,
          "stop" : 1743730850401,
          "duration" : 314
        }
      }, {
        "uid" : "5d4089b18369650f",
        "reportUrl" : "https://Areso.github.io/Oblache/357//#testresult/5d4089b18369650f",
        "status" : "failed",
        "statusDetails" : "AssertionError: Result is not equal expected value",
        "time" : {
          "start" : 1743644478877,
          "stop" : 1743644479382,
          "duration" : 505
        }
      }, {
        "uid" : "775ccd3e113bf64c",
        "reportUrl" : "https://Areso.github.io/Oblache/356//#testresult/775ccd3e113bf64c",
        "status" : "failed",
        "statusDetails" : "AssertionError: Result is not equal expected value",
        "time" : {
          "start" : 1743558144320,
          "stop" : 1743558144638,
          "duration" : 318
        }
      }, {
        "uid" : "bbcedc9ceb2be776",
        "reportUrl" : "https://Areso.github.io/Oblache/355//#testresult/bbcedc9ceb2be776",
        "status" : "failed",
        "statusDetails" : "AssertionError: Result is not equal expected value",
        "time" : {
          "start" : 1743472329112,
          "stop" : 1743472329617,
          "duration" : 505
        }
      }, {
        "uid" : "96a0baabe695039c",
        "reportUrl" : "https://Areso.github.io/Oblache/354//#testresult/96a0baabe695039c",
        "status" : "failed",
        "statusDetails" : "AssertionError: Result is not equal expected value",
        "time" : {
          "start" : 1743385568461,
          "stop" : 1743385568965,
          "duration" : 504
        }
      }, {
        "uid" : "d360a7171035bdbc",
        "reportUrl" : "https://Areso.github.io/Oblache/353//#testresult/d360a7171035bdbc",
        "status" : "failed",
        "statusDetails" : "AssertionError: Result is not equal expected value",
        "time" : {
          "start" : 1743299265215,
          "stop" : 1743299265720,
          "duration" : 505
        }
      }, {
        "uid" : "1419c61187540531",
        "reportUrl" : "https://Areso.github.io/Oblache/352//#testresult/1419c61187540531",
        "status" : "failed",
        "statusDetails" : "AssertionError: Result is not equal expected value",
        "time" : {
          "start" : 1743212364581,
          "stop" : 1743212364980,
          "duration" : 399
        }
      }, {
        "uid" : "f53c654d215e5c7",
        "reportUrl" : "https://Areso.github.io/Oblache/351//#testresult/f53c654d215e5c7",
        "status" : "failed",
        "statusDetails" : "AssertionError: Result is not equal expected value",
        "time" : {
          "start" : 1743126029034,
          "stop" : 1743126029356,
          "duration" : 322
        }
      }, {
        "uid" : "1b142ae402b622e0",
        "reportUrl" : "https://Areso.github.io/Oblache/350//#testresult/1b142ae402b622e0",
        "status" : "failed",
        "statusDetails" : "AssertionError: Result is not equal expected value",
        "time" : {
          "start" : 1743039610799,
          "stop" : 1743039611113,
          "duration" : 314
        }
      }, {
        "uid" : "5ca2eb85f78593d",
        "reportUrl" : "https://Areso.github.io/Oblache/349//#testresult/5ca2eb85f78593d",
        "status" : "failed",
        "statusDetails" : "AssertionError: Result is not equal expected value",
        "time" : {
          "start" : 1742953249536,
          "stop" : 1742953250043,
          "duration" : 507
        }
      }, {
        "uid" : "6738c4516cfaba0e",
        "reportUrl" : "https://Areso.github.io/Oblache/348//#testresult/6738c4516cfaba0e",
        "status" : "failed",
        "statusDetails" : "AssertionError: Result is not equal expected value",
        "time" : {
          "start" : 1742866868764,
          "stop" : 1742866869082,
          "duration" : 318
        }
      }, {
        "uid" : "360d0338c9e486ee",
        "reportUrl" : "https://Areso.github.io/Oblache/347//#testresult/360d0338c9e486ee",
        "status" : "failed",
        "statusDetails" : "AssertionError: Result is not equal expected value",
        "time" : {
          "start" : 1742780596302,
          "stop" : 1742780596674,
          "duration" : 372
        }
      }, {
        "uid" : "81acafbebdaffd2",
        "reportUrl" : "https://Areso.github.io/Oblache/346//#testresult/81acafbebdaffd2",
        "status" : "failed",
        "statusDetails" : "AssertionError: Result is not equal expected value",
        "time" : {
          "start" : 1742694305975,
          "stop" : 1742694306278,
          "duration" : 303
        }
      }, {
        "uid" : "a2634d5281f7f2f5",
        "reportUrl" : "https://Areso.github.io/Oblache/345//#testresult/a2634d5281f7f2f5",
        "status" : "failed",
        "statusDetails" : "AssertionError: Result is not equal expected value",
        "time" : {
          "start" : 1742607478789,
          "stop" : 1742607479106,
          "duration" : 317
        }
      }, {
        "uid" : "1cd0b83355a483b1",
        "reportUrl" : "https://Areso.github.io/Oblache/344//#testresult/1cd0b83355a483b1",
        "status" : "failed",
        "statusDetails" : "AssertionError: Result is not equal expected value",
        "time" : {
          "start" : 1742521228667,
          "stop" : 1742521229029,
          "duration" : 362
        }
      }, {
        "uid" : "e6fc299154dc1ed7",
        "reportUrl" : "https://Areso.github.io/Oblache/343//#testresult/e6fc299154dc1ed7",
        "status" : "failed",
        "statusDetails" : "AssertionError: Result is not equal expected value",
        "time" : {
          "start" : 1742434729682,
          "stop" : 1742434729992,
          "duration" : 310
        }
      }, {
        "uid" : "1636264239dac857",
        "reportUrl" : "https://Areso.github.io/Oblache/342//#testresult/1636264239dac857",
        "status" : "failed",
        "statusDetails" : "AssertionError: Result is not equal expected value",
        "time" : {
          "start" : 1742348396579,
          "stop" : 1742348396892,
          "duration" : 313
        }
      }, {
        "uid" : "3e9d10d17867e6d",
        "reportUrl" : "https://Areso.github.io/Oblache/341//#testresult/3e9d10d17867e6d",
        "status" : "failed",
        "statusDetails" : "AssertionError: Result is not equal expected value",
        "time" : {
          "start" : 1742261976244,
          "stop" : 1742261976555,
          "duration" : 311
        }
      } ]
    },
    "tags" : [ ]
  },
  "source" : "644b95e739a6cf4b.json",
  "parameterValues" : [ ]
}