{
  "uid" : "186ee0fc65abb98c",
  "name" : "POST checking ports_len negative len",
  "fullName" : "tests_api.test_bd.TestPOST#test_post_checking_ports_len_negative_len",
  "historyId" : "9489e2633e96acb1f0103e85b89d7a6f",
  "time" : {
    "start" : 1744767878288,
    "stop" : 1744767878658,
    "duration" : 370
  },
  "status" : "failed",
  "statusMessage" : "AssertionError: Result is not equal expected value",
  "statusTrace" : "self = <tests_api.test_bd.TestPOST object at 0x7f2b605d4650>\n\n    @allure.title('POST checking ports_len negative len')\n    def test_post_checking_ports_len_negative_len(self):\n        result = API.post_create_docker_container_checking_ports(\n            token=TestPOST.token,\n            port_len=\"80,81,82,83,84,85,86,87,88,89,90\")\n        Checking.check_status_code(result, 400)\n>       Checking.check_json_value(result, 'msg', 'msg[]: ports range is too wide')\n\ntests_api/test_bd.py:391: \n_ _ _ _ _ _ _ _ _ _ _ _ _ _ _ _ _ _ _ _ _ _ _ _ _ _ _ _ _ _ _ _ _ _ _ _ _ _ _ _ \n\nresponse = <Response [400]>, field_name = 'msg'\nexpected_value = 'msg[]: ports range is too wide'\n\n    @staticmethod\n    def check_json_value(response: requests.models.Response, field_name: str, expected_value):\n        \"\"\"\n        :param response: requests.models.Response\n        :param field_name:\n        :param expected_value:\n        \"\"\"\n        check = response.json()\n        check_info = check.get(field_name)\n        with allure.step(\n                f'Compare result request with expected value:'\n                f'\\nResponse: {response}\\nField name: {field_name}\\nValue: {expected_value}'):\n>           assert check_info == expected_value, 'Result is not equal expected value'\nE           AssertionError: Result is not equal expected value\n\ntests_api/utils/checking.py:57: AssertionError",
  "flaky" : false,
  "newFailed" : false,
  "beforeStages" : [ ],
  "testStage" : {
    "status" : "failed",
    "statusMessage" : "AssertionError: Result is not equal expected value",
    "statusTrace" : "self = <tests_api.test_bd.TestPOST object at 0x7f2b605d4650>\n\n    @allure.title('POST checking ports_len negative len')\n    def test_post_checking_ports_len_negative_len(self):\n        result = API.post_create_docker_container_checking_ports(\n            token=TestPOST.token,\n            port_len=\"80,81,82,83,84,85,86,87,88,89,90\")\n        Checking.check_status_code(result, 400)\n>       Checking.check_json_value(result, 'msg', 'msg[]: ports range is too wide')\n\ntests_api/test_bd.py:391: \n_ _ _ _ _ _ _ _ _ _ _ _ _ _ _ _ _ _ _ _ _ _ _ _ _ _ _ _ _ _ _ _ _ _ _ _ _ _ _ _ \n\nresponse = <Response [400]>, field_name = 'msg'\nexpected_value = 'msg[]: ports range is too wide'\n\n    @staticmethod\n    def check_json_value(response: requests.models.Response, field_name: str, expected_value):\n        \"\"\"\n        :param response: requests.models.Response\n        :param field_name:\n        :param expected_value:\n        \"\"\"\n        check = response.json()\n        check_info = check.get(field_name)\n        with allure.step(\n                f'Compare result request with expected value:'\n                f'\\nResponse: {response}\\nField name: {field_name}\\nValue: {expected_value}'):\n>           assert check_info == expected_value, 'Result is not equal expected value'\nE           AssertionError: Result is not equal expected value\n\ntests_api/utils/checking.py:57: AssertionError",
    "steps" : [ {
      "name" : "post_create_docker_container",
      "time" : {
        "start" : 1744767878288,
        "stop" : 1744767878657,
        "duration" : 369
      },
      "status" : "passed",
      "steps" : [ {
        "name" : "Endpoint: /container_create",
        "time" : {
          "start" : 1744767878657,
          "stop" : 1744767878657,
          "duration" : 0
        },
        "status" : "passed",
        "steps" : [ ],
        "attachments" : [ ],
        "parameters" : [ ],
        "stepsCount" : 0,
        "attachmentsCount" : 0,
        "shouldDisplayMessage" : false,
        "hasContent" : false
      }, {
        "name" : "Request:",
        "time" : {
          "start" : 1744767878657,
          "stop" : 1744767878657,
          "duration" : 0
        },
        "status" : "passed",
        "steps" : [ {
          "name" : "Headers: {'Content-Type': 'application/json', 'Authorization': 'bd8d3e40-c915-4903-80b3-9f666cb79b35'}",
          "time" : {
            "start" : 1744767878657,
            "stop" : 1744767878657,
            "duration" : 0
          },
          "status" : "passed",
          "steps" : [ ],
          "attachments" : [ ],
          "parameters" : [ ],
          "stepsCount" : 0,
          "attachmentsCount" : 0,
          "shouldDisplayMessage" : false,
          "hasContent" : false
        }, {
          "name" : "Body: {\"docker_image\": \"nginx\", \"int_ports\": f\"80,81,82,83,84,85,86,87,88,89,90\", \"env\": 3, \"region\": 3}",
          "time" : {
            "start" : 1744767878657,
            "stop" : 1744767878657,
            "duration" : 0
          },
          "status" : "passed",
          "steps" : [ ],
          "attachments" : [ ],
          "parameters" : [ ],
          "stepsCount" : 0,
          "attachmentsCount" : 0,
          "shouldDisplayMessage" : false,
          "hasContent" : false
        } ],
        "attachments" : [ ],
        "parameters" : [ ],
        "stepsCount" : 2,
        "attachmentsCount" : 0,
        "shouldDisplayMessage" : false,
        "hasContent" : true
      }, {
        "name" : "Response:",
        "time" : {
          "start" : 1744767878657,
          "stop" : 1744767878657,
          "duration" : 0
        },
        "status" : "passed",
        "steps" : [ {
          "name" : "Status code: 400",
          "time" : {
            "start" : 1744767878657,
            "stop" : 1744767878657,
            "duration" : 0
          },
          "status" : "passed",
          "steps" : [ ],
          "attachments" : [ ],
          "parameters" : [ ],
          "stepsCount" : 0,
          "attachmentsCount" : 0,
          "shouldDisplayMessage" : false,
          "hasContent" : false
        }, {
          "name" : "JSON: {\n    \"msg_code\": -1,\n    \"msg\": \"endpoint is disabled\"\n}\n",
          "time" : {
            "start" : 1744767878657,
            "stop" : 1744767878657,
            "duration" : 0
          },
          "status" : "passed",
          "steps" : [ ],
          "attachments" : [ ],
          "parameters" : [ ],
          "stepsCount" : 0,
          "attachmentsCount" : 0,
          "shouldDisplayMessage" : false,
          "hasContent" : false
        } ],
        "attachments" : [ ],
        "parameters" : [ ],
        "stepsCount" : 2,
        "attachmentsCount" : 0,
        "shouldDisplayMessage" : false,
        "hasContent" : true
      } ],
      "attachments" : [ ],
      "parameters" : [ ],
      "stepsCount" : 7,
      "attachmentsCount" : 0,
      "shouldDisplayMessage" : false,
      "hasContent" : true
    }, {
      "name" : "Assert status code: 400 == Response status code: 400",
      "time" : {
        "start" : 1744767878657,
        "stop" : 1744767878657,
        "duration" : 0
      },
      "status" : "passed",
      "steps" : [ ],
      "attachments" : [ ],
      "parameters" : [ ],
      "stepsCount" : 0,
      "attachmentsCount" : 0,
      "shouldDisplayMessage" : false,
      "hasContent" : false
    }, {
      "name" : "Compare result request with expected value:\nResponse: <Response [400]>\nField name: msg\nValue: msg[]: ports range is too wide",
      "time" : {
        "start" : 1744767878657,
        "stop" : 1744767878657,
        "duration" : 0
      },
      "status" : "failed",
      "statusMessage" : "AssertionError: Result is not equal expected value\n",
      "statusTrace" : "  File \"/home/runner/work/Oblache/Oblache/tests_api/utils/checking.py\", line 57, in check_json_value\n    assert check_info == expected_value, 'Result is not equal expected value'\n           ^^^^^^^^^^^^^^^^^^^^^^^^^^^^\n",
      "steps" : [ ],
      "attachments" : [ ],
      "parameters" : [ ],
      "stepsCount" : 0,
      "attachmentsCount" : 0,
      "shouldDisplayMessage" : true,
      "hasContent" : true
    } ],
    "attachments" : [ ],
    "parameters" : [ ],
    "stepsCount" : 10,
    "attachmentsCount" : 0,
    "shouldDisplayMessage" : true,
    "hasContent" : true
  },
  "afterStages" : [ ],
  "labels" : [ {
    "name" : "suite",
    "value" : "POST"
  }, {
    "name" : "parentSuite",
    "value" : "tests_api"
  }, {
    "name" : "subSuite",
    "value" : "TestPOST"
  }, {
    "name" : "host",
    "value" : "fv-az790-834"
  }, {
    "name" : "thread",
    "value" : "2501-MainThread"
  }, {
    "name" : "framework",
    "value" : "pytest"
  }, {
    "name" : "language",
    "value" : "cpython3"
  }, {
    "name" : "package",
    "value" : "tests_api.test_bd"
  }, {
    "name" : "resultFormat",
    "value" : "allure2"
  } ],
  "parameters" : [ ],
  "links" : [ ],
  "hidden" : false,
  "retry" : false,
  "extra" : {
    "severity" : "normal",
    "retries" : [ ],
    "categories" : [ {
      "name" : "Product defects",
      "matchedStatuses" : [ ],
      "flaky" : false
    } ],
    "history" : {
      "statistic" : {
        "failed" : 175,
        "broken" : 3,
        "skipped" : 0,
        "passed" : 70,
        "unknown" : 0,
        "total" : 248
      },
      "items" : [ {
        "uid" : "b52a582db6ca1ebf",
        "reportUrl" : "https://Areso.github.io/Oblache/369//#testresult/b52a582db6ca1ebf",
        "status" : "failed",
        "statusDetails" : "AssertionError: Result is not equal expected value",
        "time" : {
          "start" : 1744681521013,
          "stop" : 1744681521513,
          "duration" : 500
        }
      }, {
        "uid" : "d24354eb8db737bf",
        "reportUrl" : "https://Areso.github.io/Oblache/368//#testresult/d24354eb8db737bf",
        "status" : "failed",
        "statusDetails" : "AssertionError: Result is not equal expected value",
        "time" : {
          "start" : 1744595152963,
          "stop" : 1744595153279,
          "duration" : 316
        }
      }, {
        "uid" : "cf6d99c09a672b0f",
        "reportUrl" : "https://Areso.github.io/Oblache/367//#testresult/cf6d99c09a672b0f",
        "status" : "failed",
        "statusDetails" : "AssertionError: Result is not equal expected value",
        "time" : {
          "start" : 1744513733025,
          "stop" : 1744513733528,
          "duration" : 503
        }
      }, {
        "uid" : "81231209aaf096a2",
        "reportUrl" : "https://Areso.github.io/Oblache/366//#testresult/81231209aaf096a2",
        "status" : "failed",
        "statusDetails" : "AssertionError: Result is not equal expected value",
        "time" : {
          "start" : 1744421973334,
          "stop" : 1744421973664,
          "duration" : 330
        }
      }, {
        "uid" : "6fcc34e27aa99d1e",
        "reportUrl" : "https://Areso.github.io/Oblache/365//#testresult/6fcc34e27aa99d1e",
        "status" : "failed",
        "statusDetails" : "AssertionError: Result is not equal expected value",
        "time" : {
          "start" : 1744335757448,
          "stop" : 1744335757810,
          "duration" : 362
        }
      }, {
        "uid" : "b2e8d75c6b9270a1",
        "reportUrl" : "https://Areso.github.io/Oblache/364//#testresult/b2e8d75c6b9270a1",
        "status" : "failed",
        "statusDetails" : "AssertionError: Result is not equal expected value",
        "time" : {
          "start" : 1744249313730,
          "stop" : 1744249314098,
          "duration" : 368
        }
      }, {
        "uid" : "60e24808814b7e35",
        "reportUrl" : "https://Areso.github.io/Oblache/363//#testresult/60e24808814b7e35",
        "status" : "failed",
        "statusDetails" : "AssertionError: Result is not equal expected value",
        "time" : {
          "start" : 1744162917058,
          "stop" : 1744162917373,
          "duration" : 315
        }
      }, {
        "uid" : "a685aa7fe5dbe112",
        "reportUrl" : "https://Areso.github.io/Oblache/362//#testresult/a685aa7fe5dbe112",
        "status" : "failed",
        "statusDetails" : "AssertionError: Result is not equal expected value",
        "time" : {
          "start" : 1744076513840,
          "stop" : 1744076514347,
          "duration" : 507
        }
      }, {
        "uid" : "33a7bd961c46b5ba",
        "reportUrl" : "https://Areso.github.io/Oblache/361//#testresult/33a7bd961c46b5ba",
        "status" : "failed",
        "statusDetails" : "AssertionError: Incorrect status code: 502",
        "time" : {
          "start" : 1743990248094,
          "stop" : 1743990248373,
          "duration" : 279
        }
      }, {
        "uid" : "e94584cbec6e77cf",
        "reportUrl" : "https://Areso.github.io/Oblache/360//#testresult/e94584cbec6e77cf",
        "status" : "failed",
        "statusDetails" : "AssertionError: Incorrect status code: 502",
        "time" : {
          "start" : 1743903977417,
          "stop" : 1743903977900,
          "duration" : 483
        }
      }, {
        "uid" : "b86c03bbc2d19e86",
        "reportUrl" : "https://Areso.github.io/Oblache/359//#testresult/b86c03bbc2d19e86",
        "status" : "failed",
        "statusDetails" : "AssertionError: Result is not equal expected value",
        "time" : {
          "start" : 1743817162905,
          "stop" : 1743817163222,
          "duration" : 317
        }
      }, {
        "uid" : "28f8f3b0098b298",
        "reportUrl" : "https://Areso.github.io/Oblache/358//#testresult/28f8f3b0098b298",
        "status" : "failed",
        "statusDetails" : "AssertionError: Result is not equal expected value",
        "time" : {
          "start" : 1743730848915,
          "stop" : 1743730849236,
          "duration" : 321
        }
      }, {
        "uid" : "1f2ad38aa296ec4e",
        "reportUrl" : "https://Areso.github.io/Oblache/357//#testresult/1f2ad38aa296ec4e",
        "status" : "failed",
        "statusDetails" : "AssertionError: Result is not equal expected value",
        "time" : {
          "start" : 1743644477355,
          "stop" : 1743644477851,
          "duration" : 496
        }
      }, {
        "uid" : "46fc9dc0d3699a3a",
        "reportUrl" : "https://Areso.github.io/Oblache/356//#testresult/46fc9dc0d3699a3a",
        "status" : "failed",
        "statusDetails" : "AssertionError: Result is not equal expected value",
        "time" : {
          "start" : 1743558143331,
          "stop" : 1743558143648,
          "duration" : 317
        }
      }, {
        "uid" : "517969ff1a226aa1",
        "reportUrl" : "https://Areso.github.io/Oblache/355//#testresult/517969ff1a226aa1",
        "status" : "failed",
        "statusDetails" : "AssertionError: Result is not equal expected value",
        "time" : {
          "start" : 1743472327531,
          "stop" : 1743472328045,
          "duration" : 514
        }
      }, {
        "uid" : "9dfc278f62543238",
        "reportUrl" : "https://Areso.github.io/Oblache/354//#testresult/9dfc278f62543238",
        "status" : "failed",
        "statusDetails" : "AssertionError: Result is not equal expected value",
        "time" : {
          "start" : 1743385566908,
          "stop" : 1743385567414,
          "duration" : 506
        }
      }, {
        "uid" : "db3e3538c0dc9c83",
        "reportUrl" : "https://Areso.github.io/Oblache/353//#testresult/db3e3538c0dc9c83",
        "status" : "failed",
        "statusDetails" : "AssertionError: Result is not equal expected value",
        "time" : {
          "start" : 1743299263602,
          "stop" : 1743299264114,
          "duration" : 512
        }
      }, {
        "uid" : "a39a5a86f6b551b",
        "reportUrl" : "https://Areso.github.io/Oblache/352//#testresult/a39a5a86f6b551b",
        "status" : "failed",
        "statusDetails" : "AssertionError: Result is not equal expected value",
        "time" : {
          "start" : 1743212363617,
          "stop" : 1743212363929,
          "duration" : 312
        }
      }, {
        "uid" : "a92f93aae96329fa",
        "reportUrl" : "https://Areso.github.io/Oblache/351//#testresult/a92f93aae96329fa",
        "status" : "failed",
        "statusDetails" : "AssertionError: Result is not equal expected value",
        "time" : {
          "start" : 1743126028030,
          "stop" : 1743126028346,
          "duration" : 316
        }
      }, {
        "uid" : "f5ca4690a30d3346",
        "reportUrl" : "https://Areso.github.io/Oblache/350//#testresult/f5ca4690a30d3346",
        "status" : "failed",
        "statusDetails" : "AssertionError: Result is not equal expected value",
        "time" : {
          "start" : 1743039609736,
          "stop" : 1743039610056,
          "duration" : 320
        }
      } ]
    },
    "tags" : [ ]
  },
  "source" : "186ee0fc65abb98c.json",
  "parameterValues" : [ ]
}