{
  "uid" : "16e6d2b790a75726",
  "name" : "POST checking ports_len negative len",
  "fullName" : "tests_api.test_bd.TestPOST#test_post_checking_ports_len_negative_len",
  "historyId" : "9489e2633e96acb1f0103e85b89d7a6f",
  "time" : {
    "start" : 1746236599487,
    "stop" : 1746236599803,
    "duration" : 316
  },
  "status" : "failed",
  "statusMessage" : "AssertionError: Result is not equal expected value",
  "statusTrace" : "self = <tests_api.test_bd.TestPOST object at 0x7f70dd0b8590>\n\n    @allure.title('POST checking ports_len negative len')\n    def test_post_checking_ports_len_negative_len(self):\n        result = API.post_create_docker_container_checking_ports(\n            token=TestPOST.token,\n            port_len=\"80,81,82,83,84,85,86,87,88,89,90\")\n        Checking.check_status_code(result, 400)\n>       Checking.check_json_value(result, 'msg', 'msg[]: ports range is too wide')\n\ntests_api/test_bd.py:391: \n_ _ _ _ _ _ _ _ _ _ _ _ _ _ _ _ _ _ _ _ _ _ _ _ _ _ _ _ _ _ _ _ _ _ _ _ _ _ _ _ \n\nresponse = <Response [400]>, field_name = 'msg'\nexpected_value = 'msg[]: ports range is too wide'\n\n    @staticmethod\n    def check_json_value(response: requests.models.Response, field_name: str, expected_value):\n        \"\"\"\n        :param response: requests.models.Response\n        :param field_name:\n        :param expected_value:\n        \"\"\"\n        check = response.json()\n        check_info = check.get(field_name)\n        with allure.step(\n                f'Compare result request with expected value:'\n                f'\\nResponse: {response}\\nField name: {field_name}\\nValue: {expected_value}'):\n>           assert check_info == expected_value, 'Result is not equal expected value'\nE           AssertionError: Result is not equal expected value\n\ntests_api/utils/checking.py:57: AssertionError",
  "flaky" : false,
  "newFailed" : false,
  "beforeStages" : [ ],
  "testStage" : {
    "status" : "failed",
    "statusMessage" : "AssertionError: Result is not equal expected value",
    "statusTrace" : "self = <tests_api.test_bd.TestPOST object at 0x7f70dd0b8590>\n\n    @allure.title('POST checking ports_len negative len')\n    def test_post_checking_ports_len_negative_len(self):\n        result = API.post_create_docker_container_checking_ports(\n            token=TestPOST.token,\n            port_len=\"80,81,82,83,84,85,86,87,88,89,90\")\n        Checking.check_status_code(result, 400)\n>       Checking.check_json_value(result, 'msg', 'msg[]: ports range is too wide')\n\ntests_api/test_bd.py:391: \n_ _ _ _ _ _ _ _ _ _ _ _ _ _ _ _ _ _ _ _ _ _ _ _ _ _ _ _ _ _ _ _ _ _ _ _ _ _ _ _ \n\nresponse = <Response [400]>, field_name = 'msg'\nexpected_value = 'msg[]: ports range is too wide'\n\n    @staticmethod\n    def check_json_value(response: requests.models.Response, field_name: str, expected_value):\n        \"\"\"\n        :param response: requests.models.Response\n        :param field_name:\n        :param expected_value:\n        \"\"\"\n        check = response.json()\n        check_info = check.get(field_name)\n        with allure.step(\n                f'Compare result request with expected value:'\n                f'\\nResponse: {response}\\nField name: {field_name}\\nValue: {expected_value}'):\n>           assert check_info == expected_value, 'Result is not equal expected value'\nE           AssertionError: Result is not equal expected value\n\ntests_api/utils/checking.py:57: AssertionError",
    "steps" : [ {
      "name" : "post_create_docker_container",
      "time" : {
        "start" : 1746236599487,
        "stop" : 1746236599802,
        "duration" : 315
      },
      "status" : "passed",
      "steps" : [ {
        "name" : "Endpoint: /container_create",
        "time" : {
          "start" : 1746236599802,
          "stop" : 1746236599802,
          "duration" : 0
        },
        "status" : "passed",
        "steps" : [ ],
        "attachments" : [ ],
        "parameters" : [ ],
        "stepsCount" : 0,
        "attachmentsCount" : 0,
        "shouldDisplayMessage" : false,
        "hasContent" : false
      }, {
        "name" : "Request:",
        "time" : {
          "start" : 1746236599802,
          "stop" : 1746236599802,
          "duration" : 0
        },
        "status" : "passed",
        "steps" : [ {
          "name" : "Headers: {'Content-Type': 'application/json', 'Authorization': 'd7755240-489f-451c-b9d8-36b76223a3e7'}",
          "time" : {
            "start" : 1746236599802,
            "stop" : 1746236599802,
            "duration" : 0
          },
          "status" : "passed",
          "steps" : [ ],
          "attachments" : [ ],
          "parameters" : [ ],
          "stepsCount" : 0,
          "attachmentsCount" : 0,
          "shouldDisplayMessage" : false,
          "hasContent" : false
        }, {
          "name" : "Body: {\"docker_image\": \"nginx\", \"int_ports\": f\"80,81,82,83,84,85,86,87,88,89,90\", \"env\": 3, \"region\": 3}",
          "time" : {
            "start" : 1746236599802,
            "stop" : 1746236599802,
            "duration" : 0
          },
          "status" : "passed",
          "steps" : [ ],
          "attachments" : [ ],
          "parameters" : [ ],
          "stepsCount" : 0,
          "attachmentsCount" : 0,
          "shouldDisplayMessage" : false,
          "hasContent" : false
        } ],
        "attachments" : [ ],
        "parameters" : [ ],
        "stepsCount" : 2,
        "attachmentsCount" : 0,
        "shouldDisplayMessage" : false,
        "hasContent" : true
      }, {
        "name" : "Response:",
        "time" : {
          "start" : 1746236599802,
          "stop" : 1746236599802,
          "duration" : 0
        },
        "status" : "passed",
        "steps" : [ {
          "name" : "Status code: 400",
          "time" : {
            "start" : 1746236599802,
            "stop" : 1746236599802,
            "duration" : 0
          },
          "status" : "passed",
          "steps" : [ ],
          "attachments" : [ ],
          "parameters" : [ ],
          "stepsCount" : 0,
          "attachmentsCount" : 0,
          "shouldDisplayMessage" : false,
          "hasContent" : false
        }, {
          "name" : "JSON: {\n    \"msg_code\": -1,\n    \"msg\": \"endpoint is disabled\"\n}\n",
          "time" : {
            "start" : 1746236599802,
            "stop" : 1746236599802,
            "duration" : 0
          },
          "status" : "passed",
          "steps" : [ ],
          "attachments" : [ ],
          "parameters" : [ ],
          "stepsCount" : 0,
          "attachmentsCount" : 0,
          "shouldDisplayMessage" : false,
          "hasContent" : false
        } ],
        "attachments" : [ ],
        "parameters" : [ ],
        "stepsCount" : 2,
        "attachmentsCount" : 0,
        "shouldDisplayMessage" : false,
        "hasContent" : true
      } ],
      "attachments" : [ ],
      "parameters" : [ ],
      "stepsCount" : 7,
      "attachmentsCount" : 0,
      "shouldDisplayMessage" : false,
      "hasContent" : true
    }, {
      "name" : "Assert status code: 400 == Response status code: 400",
      "time" : {
        "start" : 1746236599802,
        "stop" : 1746236599802,
        "duration" : 0
      },
      "status" : "passed",
      "steps" : [ ],
      "attachments" : [ ],
      "parameters" : [ ],
      "stepsCount" : 0,
      "attachmentsCount" : 0,
      "shouldDisplayMessage" : false,
      "hasContent" : false
    }, {
      "name" : "Compare result request with expected value:\nResponse: <Response [400]>\nField name: msg\nValue: msg[]: ports range is too wide",
      "time" : {
        "start" : 1746236599802,
        "stop" : 1746236599802,
        "duration" : 0
      },
      "status" : "failed",
      "statusMessage" : "AssertionError: Result is not equal expected value\n",
      "statusTrace" : "  File \"/home/runner/work/Oblache/Oblache/tests_api/utils/checking.py\", line 57, in check_json_value\n    assert check_info == expected_value, 'Result is not equal expected value'\n           ^^^^^^^^^^^^^^^^^^^^^^^^^^^^\n",
      "steps" : [ ],
      "attachments" : [ ],
      "parameters" : [ ],
      "stepsCount" : 0,
      "attachmentsCount" : 0,
      "shouldDisplayMessage" : true,
      "hasContent" : true
    } ],
    "attachments" : [ ],
    "parameters" : [ ],
    "stepsCount" : 10,
    "attachmentsCount" : 0,
    "shouldDisplayMessage" : true,
    "hasContent" : true
  },
  "afterStages" : [ ],
  "labels" : [ {
    "name" : "suite",
    "value" : "POST"
  }, {
    "name" : "parentSuite",
    "value" : "tests_api"
  }, {
    "name" : "subSuite",
    "value" : "TestPOST"
  }, {
    "name" : "host",
    "value" : "fv-az2027-365"
  }, {
    "name" : "thread",
    "value" : "2461-MainThread"
  }, {
    "name" : "framework",
    "value" : "pytest"
  }, {
    "name" : "language",
    "value" : "cpython3"
  }, {
    "name" : "package",
    "value" : "tests_api.test_bd"
  }, {
    "name" : "resultFormat",
    "value" : "allure2"
  } ],
  "parameters" : [ ],
  "links" : [ ],
  "hidden" : false,
  "retry" : false,
  "extra" : {
    "severity" : "normal",
    "retries" : [ ],
    "categories" : [ {
      "name" : "Product defects",
      "matchedStatuses" : [ ],
      "flaky" : false
    } ],
    "history" : {
      "statistic" : {
        "failed" : 192,
        "broken" : 3,
        "skipped" : 0,
        "passed" : 70,
        "unknown" : 0,
        "total" : 265
      },
      "items" : [ {
        "uid" : "71df7939a970a385",
        "reportUrl" : "https://Areso.github.io/Oblache/386//#testresult/71df7939a970a385",
        "status" : "failed",
        "statusDetails" : "AssertionError: Result is not equal expected value",
        "time" : {
          "start" : 1746150351358,
          "stop" : 1746150351871,
          "duration" : 513
        }
      }, {
        "uid" : "9bd4725194fe8eee",
        "reportUrl" : "https://Areso.github.io/Oblache/385//#testresult/9bd4725194fe8eee",
        "status" : "failed",
        "statusDetails" : "AssertionError: Result is not equal expected value",
        "time" : {
          "start" : 1746064425048,
          "stop" : 1746064425345,
          "duration" : 297
        }
      }, {
        "uid" : "8c8a284b24c403e6",
        "reportUrl" : "https://Areso.github.io/Oblache/384//#testresult/8c8a284b24c403e6",
        "status" : "failed",
        "statusDetails" : "AssertionError: Result is not equal expected value",
        "time" : {
          "start" : 1745977507317,
          "stop" : 1745977507627,
          "duration" : 310
        }
      }, {
        "uid" : "91fe7c8d4bc2f25f",
        "reportUrl" : "https://Areso.github.io/Oblache/383//#testresult/91fe7c8d4bc2f25f",
        "status" : "failed",
        "statusDetails" : "AssertionError: Result is not equal expected value",
        "time" : {
          "start" : 1745891167293,
          "stop" : 1745891167794,
          "duration" : 501
        }
      }, {
        "uid" : "cfeefa7f32985d36",
        "reportUrl" : "https://Areso.github.io/Oblache/382//#testresult/cfeefa7f32985d36",
        "status" : "failed",
        "statusDetails" : "AssertionError: Result is not equal expected value",
        "time" : {
          "start" : 1745804881385,
          "stop" : 1745804881718,
          "duration" : 333
        }
      }, {
        "uid" : "7507cb07662eefe7",
        "reportUrl" : "https://Areso.github.io/Oblache/381//#testresult/7507cb07662eefe7",
        "status" : "failed",
        "statusDetails" : "AssertionError: Result is not equal expected value",
        "time" : {
          "start" : 1745718577422,
          "stop" : 1745718577824,
          "duration" : 402
        }
      }, {
        "uid" : "ffebe935bae3c153",
        "reportUrl" : "https://Areso.github.io/Oblache/380//#testresult/ffebe935bae3c153",
        "status" : "failed",
        "statusDetails" : "AssertionError: Result is not equal expected value",
        "time" : {
          "start" : 1745631678036,
          "stop" : 1745631678349,
          "duration" : 313
        }
      }, {
        "uid" : "837181b9b45a70b",
        "reportUrl" : "https://Areso.github.io/Oblache/379//#testresult/837181b9b45a70b",
        "status" : "failed",
        "statusDetails" : "AssertionError: Result is not equal expected value",
        "time" : {
          "start" : 1745545495929,
          "stop" : 1745545496244,
          "duration" : 315
        }
      }, {
        "uid" : "bc053a388f288349",
        "reportUrl" : "https://Areso.github.io/Oblache/378//#testresult/bc053a388f288349",
        "status" : "failed",
        "statusDetails" : "AssertionError: Result is not equal expected value",
        "time" : {
          "start" : 1745459074257,
          "stop" : 1745459074628,
          "duration" : 371
        }
      }, {
        "uid" : "3bb00f01d420a621",
        "reportUrl" : "https://Areso.github.io/Oblache/377//#testresult/3bb00f01d420a621",
        "status" : "failed",
        "statusDetails" : "AssertionError: Result is not equal expected value",
        "time" : {
          "start" : 1745372646966,
          "stop" : 1745372647266,
          "duration" : 300
        }
      }, {
        "uid" : "54c315b25577baaf",
        "reportUrl" : "https://Areso.github.io/Oblache/376//#testresult/54c315b25577baaf",
        "status" : "failed",
        "statusDetails" : "AssertionError: Result is not equal expected value",
        "time" : {
          "start" : 1745286243284,
          "stop" : 1745286243807,
          "duration" : 523
        }
      }, {
        "uid" : "94c681e4ff0e5b72",
        "reportUrl" : "https://Areso.github.io/Oblache/375//#testresult/94c681e4ff0e5b72",
        "status" : "failed",
        "statusDetails" : "AssertionError: Result is not equal expected value",
        "time" : {
          "start" : 1745200087151,
          "stop" : 1745200087452,
          "duration" : 301
        }
      }, {
        "uid" : "dee79cc9a854c998",
        "reportUrl" : "https://Areso.github.io/Oblache/374//#testresult/dee79cc9a854c998",
        "status" : "failed",
        "statusDetails" : "AssertionError: Result is not equal expected value",
        "time" : {
          "start" : 1745113742259,
          "stop" : 1745113742575,
          "duration" : 316
        }
      }, {
        "uid" : "bda2b7d47a943cc6",
        "reportUrl" : "https://Areso.github.io/Oblache/373//#testresult/bda2b7d47a943cc6",
        "status" : "failed",
        "statusDetails" : "AssertionError: Result is not equal expected value",
        "time" : {
          "start" : 1745026738987,
          "stop" : 1745026739463,
          "duration" : 476
        }
      }, {
        "uid" : "60042095d0397c33",
        "reportUrl" : "https://Areso.github.io/Oblache/372//#testresult/60042095d0397c33",
        "status" : "failed",
        "statusDetails" : "AssertionError: Result is not equal expected value",
        "time" : {
          "start" : 1744940468068,
          "stop" : 1744940468379,
          "duration" : 311
        }
      }, {
        "uid" : "b7f62f6a80a945f6",
        "reportUrl" : "https://Areso.github.io/Oblache/371//#testresult/b7f62f6a80a945f6",
        "status" : "failed",
        "statusDetails" : "AssertionError: Result is not equal expected value",
        "time" : {
          "start" : 1744854187854,
          "stop" : 1744854188210,
          "duration" : 356
        }
      }, {
        "uid" : "186ee0fc65abb98c",
        "reportUrl" : "https://Areso.github.io/Oblache/370//#testresult/186ee0fc65abb98c",
        "status" : "failed",
        "statusDetails" : "AssertionError: Result is not equal expected value",
        "time" : {
          "start" : 1744767878288,
          "stop" : 1744767878658,
          "duration" : 370
        }
      }, {
        "uid" : "b52a582db6ca1ebf",
        "reportUrl" : "https://Areso.github.io/Oblache/369//#testresult/b52a582db6ca1ebf",
        "status" : "failed",
        "statusDetails" : "AssertionError: Result is not equal expected value",
        "time" : {
          "start" : 1744681521013,
          "stop" : 1744681521513,
          "duration" : 500
        }
      }, {
        "uid" : "d24354eb8db737bf",
        "reportUrl" : "https://Areso.github.io/Oblache/368//#testresult/d24354eb8db737bf",
        "status" : "failed",
        "statusDetails" : "AssertionError: Result is not equal expected value",
        "time" : {
          "start" : 1744595152963,
          "stop" : 1744595153279,
          "duration" : 316
        }
      }, {
        "uid" : "cf6d99c09a672b0f",
        "reportUrl" : "https://Areso.github.io/Oblache/367//#testresult/cf6d99c09a672b0f",
        "status" : "failed",
        "statusDetails" : "AssertionError: Result is not equal expected value",
        "time" : {
          "start" : 1744513733025,
          "stop" : 1744513733528,
          "duration" : 503
        }
      } ]
    },
    "tags" : [ ]
  },
  "source" : "16e6d2b790a75726.json",
  "parameterValues" : [ ]
}