{
  "uid" : "41e58ccc7d5a06cf",
  "name" : "POST create_docker_container_without_token",
  "fullName" : "tests_api.test_bd.TestPOST#test_post_create_docker_with_defunct_image",
  "historyId" : "346493b9ad20460bc067ba466e60ac88",
  "time" : {
    "start" : 1745631679010,
    "stop" : 1745631679324,
    "duration" : 314
  },
  "status" : "failed",
  "statusMessage" : "AssertionError: Result is not equal expected value",
  "statusTrace" : "self = <tests_api.test_bd.TestPOST object at 0x7f56c47845f0>\n\n    @allure.title('POST create_docker_container_without_token')\n    def test_post_create_docker_with_defunct_image(self):\n        result = API.post_create_docker_container_with_defunct_image(token=TestPOST.token)\n        Checking.check_status_code(result, 400)\n>       Checking.check_json_value(result, 'msg', \"msg[]: the image doesn't found in the DockerHub\")\n\ntests_api/test_bd.py:411: \n_ _ _ _ _ _ _ _ _ _ _ _ _ _ _ _ _ _ _ _ _ _ _ _ _ _ _ _ _ _ _ _ _ _ _ _ _ _ _ _ \n\nresponse = <Response [400]>, field_name = 'msg'\nexpected_value = \"msg[]: the image doesn't found in the DockerHub\"\n\n    @staticmethod\n    def check_json_value(response: requests.models.Response, field_name: str, expected_value):\n        \"\"\"\n        :param response: requests.models.Response\n        :param field_name:\n        :param expected_value:\n        \"\"\"\n        check = response.json()\n        check_info = check.get(field_name)\n        with allure.step(\n                f'Compare result request with expected value:'\n                f'\\nResponse: {response}\\nField name: {field_name}\\nValue: {expected_value}'):\n>           assert check_info == expected_value, 'Result is not equal expected value'\nE           AssertionError: Result is not equal expected value\n\ntests_api/utils/checking.py:57: AssertionError",
  "flaky" : false,
  "newFailed" : false,
  "beforeStages" : [ ],
  "testStage" : {
    "status" : "failed",
    "statusMessage" : "AssertionError: Result is not equal expected value",
    "statusTrace" : "self = <tests_api.test_bd.TestPOST object at 0x7f56c47845f0>\n\n    @allure.title('POST create_docker_container_without_token')\n    def test_post_create_docker_with_defunct_image(self):\n        result = API.post_create_docker_container_with_defunct_image(token=TestPOST.token)\n        Checking.check_status_code(result, 400)\n>       Checking.check_json_value(result, 'msg', \"msg[]: the image doesn't found in the DockerHub\")\n\ntests_api/test_bd.py:411: \n_ _ _ _ _ _ _ _ _ _ _ _ _ _ _ _ _ _ _ _ _ _ _ _ _ _ _ _ _ _ _ _ _ _ _ _ _ _ _ _ \n\nresponse = <Response [400]>, field_name = 'msg'\nexpected_value = \"msg[]: the image doesn't found in the DockerHub\"\n\n    @staticmethod\n    def check_json_value(response: requests.models.Response, field_name: str, expected_value):\n        \"\"\"\n        :param response: requests.models.Response\n        :param field_name:\n        :param expected_value:\n        \"\"\"\n        check = response.json()\n        check_info = check.get(field_name)\n        with allure.step(\n                f'Compare result request with expected value:'\n                f'\\nResponse: {response}\\nField name: {field_name}\\nValue: {expected_value}'):\n>           assert check_info == expected_value, 'Result is not equal expected value'\nE           AssertionError: Result is not equal expected value\n\ntests_api/utils/checking.py:57: AssertionError",
    "steps" : [ {
      "name" : "post_create_docker_container_with_defunct_image",
      "time" : {
        "start" : 1745631679010,
        "stop" : 1745631679324,
        "duration" : 314
      },
      "status" : "passed",
      "steps" : [ {
        "name" : "Endpoint: /container_create",
        "time" : {
          "start" : 1745631679324,
          "stop" : 1745631679324,
          "duration" : 0
        },
        "status" : "passed",
        "steps" : [ ],
        "attachments" : [ ],
        "parameters" : [ ],
        "stepsCount" : 0,
        "attachmentsCount" : 0,
        "shouldDisplayMessage" : false,
        "hasContent" : false
      }, {
        "name" : "Request:",
        "time" : {
          "start" : 1745631679324,
          "stop" : 1745631679324,
          "duration" : 0
        },
        "status" : "passed",
        "steps" : [ {
          "name" : "Headers: {'Content-Type': 'application/json', 'Authorization': '91ad10d3-4573-4d4e-bfb0-69d68c7b04ca'}",
          "time" : {
            "start" : 1745631679324,
            "stop" : 1745631679324,
            "duration" : 0
          },
          "status" : "passed",
          "steps" : [ ],
          "attachments" : [ ],
          "parameters" : [ ],
          "stepsCount" : 0,
          "attachmentsCount" : 0,
          "shouldDisplayMessage" : false,
          "hasContent" : false
        }, {
          "name" : "Body: {\"docker_image\": \"\", \"int_ports\": \"80\", \"env\": 3, \"region\": 3}",
          "time" : {
            "start" : 1745631679324,
            "stop" : 1745631679324,
            "duration" : 0
          },
          "status" : "passed",
          "steps" : [ ],
          "attachments" : [ ],
          "parameters" : [ ],
          "stepsCount" : 0,
          "attachmentsCount" : 0,
          "shouldDisplayMessage" : false,
          "hasContent" : false
        } ],
        "attachments" : [ ],
        "parameters" : [ ],
        "stepsCount" : 2,
        "attachmentsCount" : 0,
        "shouldDisplayMessage" : false,
        "hasContent" : true
      }, {
        "name" : "Response:",
        "time" : {
          "start" : 1745631679324,
          "stop" : 1745631679324,
          "duration" : 0
        },
        "status" : "passed",
        "steps" : [ {
          "name" : "Status code: 400",
          "time" : {
            "start" : 1745631679324,
            "stop" : 1745631679324,
            "duration" : 0
          },
          "status" : "passed",
          "steps" : [ ],
          "attachments" : [ ],
          "parameters" : [ ],
          "stepsCount" : 0,
          "attachmentsCount" : 0,
          "shouldDisplayMessage" : false,
          "hasContent" : false
        }, {
          "name" : "JSON: {\n    \"msg_code\": -1,\n    \"msg\": \"endpoint is disabled\"\n}\n",
          "time" : {
            "start" : 1745631679324,
            "stop" : 1745631679324,
            "duration" : 0
          },
          "status" : "passed",
          "steps" : [ ],
          "attachments" : [ ],
          "parameters" : [ ],
          "stepsCount" : 0,
          "attachmentsCount" : 0,
          "shouldDisplayMessage" : false,
          "hasContent" : false
        } ],
        "attachments" : [ ],
        "parameters" : [ ],
        "stepsCount" : 2,
        "attachmentsCount" : 0,
        "shouldDisplayMessage" : false,
        "hasContent" : true
      } ],
      "attachments" : [ ],
      "parameters" : [ ],
      "stepsCount" : 7,
      "attachmentsCount" : 0,
      "shouldDisplayMessage" : false,
      "hasContent" : true
    }, {
      "name" : "Assert status code: 400 == Response status code: 400",
      "time" : {
        "start" : 1745631679324,
        "stop" : 1745631679324,
        "duration" : 0
      },
      "status" : "passed",
      "steps" : [ ],
      "attachments" : [ ],
      "parameters" : [ ],
      "stepsCount" : 0,
      "attachmentsCount" : 0,
      "shouldDisplayMessage" : false,
      "hasContent" : false
    }, {
      "name" : "Compare result request with expected value:\nResponse: <Response [400]>\nField name: msg\nValue: msg[]: the image doesn't found in the DockerHub",
      "time" : {
        "start" : 1745631679324,
        "stop" : 1745631679324,
        "duration" : 0
      },
      "status" : "failed",
      "statusMessage" : "AssertionError: Result is not equal expected value\n",
      "statusTrace" : "  File \"/home/runner/work/Oblache/Oblache/tests_api/utils/checking.py\", line 57, in check_json_value\n    assert check_info == expected_value, 'Result is not equal expected value'\n           ^^^^^^^^^^^^^^^^^^^^^^^^^^^^\n",
      "steps" : [ ],
      "attachments" : [ ],
      "parameters" : [ ],
      "stepsCount" : 0,
      "attachmentsCount" : 0,
      "shouldDisplayMessage" : true,
      "hasContent" : true
    } ],
    "attachments" : [ ],
    "parameters" : [ ],
    "stepsCount" : 10,
    "attachmentsCount" : 0,
    "shouldDisplayMessage" : true,
    "hasContent" : true
  },
  "afterStages" : [ ],
  "labels" : [ {
    "name" : "suite",
    "value" : "POST"
  }, {
    "name" : "parentSuite",
    "value" : "tests_api"
  }, {
    "name" : "subSuite",
    "value" : "TestPOST"
  }, {
    "name" : "host",
    "value" : "fv-az1120-822"
  }, {
    "name" : "thread",
    "value" : "2472-MainThread"
  }, {
    "name" : "framework",
    "value" : "pytest"
  }, {
    "name" : "language",
    "value" : "cpython3"
  }, {
    "name" : "package",
    "value" : "tests_api.test_bd"
  }, {
    "name" : "resultFormat",
    "value" : "allure2"
  } ],
  "parameters" : [ ],
  "links" : [ ],
  "hidden" : false,
  "retry" : false,
  "extra" : {
    "severity" : "normal",
    "retries" : [ ],
    "categories" : [ {
      "name" : "Product defects",
      "matchedStatuses" : [ ],
      "flaky" : false
    } ],
    "history" : {
      "statistic" : {
        "failed" : 185,
        "broken" : 3,
        "skipped" : 0,
        "passed" : 70,
        "unknown" : 0,
        "total" : 258
      },
      "items" : [ {
        "uid" : "be40882757a6c37b",
        "reportUrl" : "https://Areso.github.io/Oblache/379//#testresult/be40882757a6c37b",
        "status" : "failed",
        "statusDetails" : "AssertionError: Result is not equal expected value",
        "time" : {
          "start" : 1745545496913,
          "stop" : 1745545497410,
          "duration" : 497
        }
      }, {
        "uid" : "61f196abca3d6978",
        "reportUrl" : "https://Areso.github.io/Oblache/378//#testresult/61f196abca3d6978",
        "status" : "failed",
        "statusDetails" : "AssertionError: Result is not equal expected value",
        "time" : {
          "start" : 1745459075402,
          "stop" : 1745459075772,
          "duration" : 370
        }
      }, {
        "uid" : "79b0d1284709adbb",
        "reportUrl" : "https://Areso.github.io/Oblache/377//#testresult/79b0d1284709adbb",
        "status" : "failed",
        "statusDetails" : "AssertionError: Result is not equal expected value",
        "time" : {
          "start" : 1745372647897,
          "stop" : 1745372648196,
          "duration" : 299
        }
      }, {
        "uid" : "4feb4c681f504373",
        "reportUrl" : "https://Areso.github.io/Oblache/376//#testresult/4feb4c681f504373",
        "status" : "failed",
        "statusDetails" : "AssertionError: Result is not equal expected value",
        "time" : {
          "start" : 1745286244879,
          "stop" : 1745286245399,
          "duration" : 520
        }
      }, {
        "uid" : "20c8360dd0c2b842",
        "reportUrl" : "https://Areso.github.io/Oblache/375//#testresult/20c8360dd0c2b842",
        "status" : "failed",
        "statusDetails" : "AssertionError: Result is not equal expected value",
        "time" : {
          "start" : 1745200088093,
          "stop" : 1745200088401,
          "duration" : 308
        }
      }, {
        "uid" : "4d00a311bc21eec1",
        "reportUrl" : "https://Areso.github.io/Oblache/374//#testresult/4d00a311bc21eec1",
        "status" : "failed",
        "statusDetails" : "AssertionError: Result is not equal expected value",
        "time" : {
          "start" : 1745113743236,
          "stop" : 1745113743552,
          "duration" : 316
        }
      }, {
        "uid" : "f0e3f8883b86691b",
        "reportUrl" : "https://Areso.github.io/Oblache/373//#testresult/f0e3f8883b86691b",
        "status" : "failed",
        "statusDetails" : "AssertionError: Result is not equal expected value",
        "time" : {
          "start" : 1745026740277,
          "stop" : 1745026740589,
          "duration" : 312
        }
      }, {
        "uid" : "89f034f5c9c46d11",
        "reportUrl" : "https://Areso.github.io/Oblache/372//#testresult/89f034f5c9c46d11",
        "status" : "failed",
        "statusDetails" : "AssertionError: Result is not equal expected value",
        "time" : {
          "start" : 1744940469022,
          "stop" : 1744940469326,
          "duration" : 304
        }
      }, {
        "uid" : "4bb9b8b0de7c6c16",
        "reportUrl" : "https://Areso.github.io/Oblache/371//#testresult/4bb9b8b0de7c6c16",
        "status" : "failed",
        "statusDetails" : "AssertionError: Result is not equal expected value",
        "time" : {
          "start" : 1744854188964,
          "stop" : 1744854189321,
          "duration" : 357
        }
      }, {
        "uid" : "df61fd9560579114",
        "reportUrl" : "https://Areso.github.io/Oblache/370//#testresult/df61fd9560579114",
        "status" : "failed",
        "statusDetails" : "AssertionError: Result is not equal expected value",
        "time" : {
          "start" : 1744767879407,
          "stop" : 1744767879765,
          "duration" : 358
        }
      }, {
        "uid" : "6ddb80de816aa300",
        "reportUrl" : "https://Areso.github.io/Oblache/369//#testresult/6ddb80de816aa300",
        "status" : "failed",
        "statusDetails" : "AssertionError: Result is not equal expected value",
        "time" : {
          "start" : 1744681522545,
          "stop" : 1744681523054,
          "duration" : 509
        }
      }, {
        "uid" : "56c2c7f4a0b46d4d",
        "reportUrl" : "https://Areso.github.io/Oblache/368//#testresult/56c2c7f4a0b46d4d",
        "status" : "failed",
        "statusDetails" : "AssertionError: Result is not equal expected value",
        "time" : {
          "start" : 1744595153946,
          "stop" : 1744595154265,
          "duration" : 319
        }
      }, {
        "uid" : "f977093c3cbc37f4",
        "reportUrl" : "https://Areso.github.io/Oblache/367//#testresult/f977093c3cbc37f4",
        "status" : "failed",
        "statusDetails" : "AssertionError: Result is not equal expected value",
        "time" : {
          "start" : 1744513734576,
          "stop" : 1744513735071,
          "duration" : 495
        }
      }, {
        "uid" : "2e88908d9ca95182",
        "reportUrl" : "https://Areso.github.io/Oblache/366//#testresult/2e88908d9ca95182",
        "status" : "failed",
        "statusDetails" : "AssertionError: Result is not equal expected value",
        "time" : {
          "start" : 1744421974342,
          "stop" : 1744421974661,
          "duration" : 319
        }
      }, {
        "uid" : "566fb61faf75c08c",
        "reportUrl" : "https://Areso.github.io/Oblache/365//#testresult/566fb61faf75c08c",
        "status" : "failed",
        "statusDetails" : "AssertionError: Result is not equal expected value",
        "time" : {
          "start" : 1744335758569,
          "stop" : 1744335758938,
          "duration" : 369
        }
      }, {
        "uid" : "4ecf18254c82901b",
        "reportUrl" : "https://Areso.github.io/Oblache/364//#testresult/4ecf18254c82901b",
        "status" : "failed",
        "statusDetails" : "AssertionError: Result is not equal expected value",
        "time" : {
          "start" : 1744249314882,
          "stop" : 1744249315253,
          "duration" : 371
        }
      }, {
        "uid" : "3b23ef4e17e20dd1",
        "reportUrl" : "https://Areso.github.io/Oblache/363//#testresult/3b23ef4e17e20dd1",
        "status" : "failed",
        "statusDetails" : "AssertionError: Result is not equal expected value",
        "time" : {
          "start" : 1744162918041,
          "stop" : 1744162918359,
          "duration" : 318
        }
      }, {
        "uid" : "96a26eefba2f48ba",
        "reportUrl" : "https://Areso.github.io/Oblache/362//#testresult/96a26eefba2f48ba",
        "status" : "failed",
        "statusDetails" : "AssertionError: Result is not equal expected value",
        "time" : {
          "start" : 1744076515377,
          "stop" : 1744076515873,
          "duration" : 496
        }
      }, {
        "uid" : "644b95e739a6cf4b",
        "reportUrl" : "https://Areso.github.io/Oblache/361//#testresult/644b95e739a6cf4b",
        "status" : "failed",
        "statusDetails" : "AssertionError: Incorrect status code: 502",
        "time" : {
          "start" : 1743990248962,
          "stop" : 1743990249239,
          "duration" : 277
        }
      }, {
        "uid" : "74c107def2f0301d",
        "reportUrl" : "https://Areso.github.io/Oblache/360//#testresult/74c107def2f0301d",
        "status" : "failed",
        "statusDetails" : "AssertionError: Incorrect status code: 502",
        "time" : {
          "start" : 1743903979026,
          "stop" : 1743903979645,
          "duration" : 619
        }
      } ]
    },
    "tags" : [ ]
  },
  "source" : "41e58ccc7d5a06cf.json",
  "parameterValues" : [ ]
}