{
  "uid" : "1df667f3a1c6f74f",
  "name" : "POST db_create_with_wrong_env.",
  "fullName" : "tests_api.test_bd.TestPOST#test_post_db_create_with_wrong_values_env",
  "historyId" : "7ce8359f9c0963d82ed82d33290818c9",
  "time" : {
    "start" : 1724635152937,
    "stop" : 1724635153444,
    "duration" : 507
  },
  "status" : "failed",
  "statusMessage" : "AssertionError: Incorrect status code",
  "statusTrace" : "self = <tests_api.test_bd.TestPOST object at 0x7ffa5716c860>\n\n    @allure.title('POST db_create_with_wrong_env.')\n    def test_post_db_create_with_wrong_values_env(self):\n        response_db_list = API.post_db_create_wrong_value_env(token=TestPOST.token)\n>       Checking.check_status_code(response_db_list, 400)\n\ntests_api/test_bd.py:273: \n_ _ _ _ _ _ _ _ _ _ _ _ _ _ _ _ _ _ _ _ _ _ _ _ _ _ _ _ _ _ _ _ _ _ _ _ _ _ _ _ \n\nresult = <Response [403]>, status_code = 400\n\n    @staticmethod\n    def check_status_code(result: requests.models.Response, status_code: int):\n        \"\"\"\n        Method check status code\n        :param result: Response\n        :param status_code:\n        \"\"\"\n        with allure.step(f'Assert status code: {status_code} == Response status code: {result.status_code}'):\n>           assert status_code == result.status_code, 'Incorrect status code'\nE           AssertionError: Incorrect status code\n\ntests_api/utils/checking.py:21: AssertionError",
  "flaky" : false,
  "newFailed" : false,
  "beforeStages" : [ ],
  "testStage" : {
    "status" : "failed",
    "statusMessage" : "AssertionError: Incorrect status code",
    "statusTrace" : "self = <tests_api.test_bd.TestPOST object at 0x7ffa5716c860>\n\n    @allure.title('POST db_create_with_wrong_env.')\n    def test_post_db_create_with_wrong_values_env(self):\n        response_db_list = API.post_db_create_wrong_value_env(token=TestPOST.token)\n>       Checking.check_status_code(response_db_list, 400)\n\ntests_api/test_bd.py:273: \n_ _ _ _ _ _ _ _ _ _ _ _ _ _ _ _ _ _ _ _ _ _ _ _ _ _ _ _ _ _ _ _ _ _ _ _ _ _ _ _ \n\nresult = <Response [403]>, status_code = 400\n\n    @staticmethod\n    def check_status_code(result: requests.models.Response, status_code: int):\n        \"\"\"\n        Method check status code\n        :param result: Response\n        :param status_code:\n        \"\"\"\n        with allure.step(f'Assert status code: {status_code} == Response status code: {result.status_code}'):\n>           assert status_code == result.status_code, 'Incorrect status code'\nE           AssertionError: Incorrect status code\n\ntests_api/utils/checking.py:21: AssertionError",
    "steps" : [ {
      "name" : "post_db_create_wrong_value_env",
      "time" : {
        "start" : 1724635152937,
        "stop" : 1724635153444,
        "duration" : 507
      },
      "status" : "passed",
      "steps" : [ {
        "name" : "Endpoint: /db_create",
        "time" : {
          "start" : 1724635153444,
          "stop" : 1724635153444,
          "duration" : 0
        },
        "status" : "passed",
        "steps" : [ ],
        "attachments" : [ ],
        "parameters" : [ ],
        "stepsCount" : 0,
        "attachmentsCount" : 0,
        "shouldDisplayMessage" : false,
        "hasContent" : false
      }, {
        "name" : "Request:",
        "time" : {
          "start" : 1724635153444,
          "stop" : 1724635153444,
          "duration" : 0
        },
        "status" : "passed",
        "steps" : [ {
          "name" : "Url: https://dbend.areso.pro/db_create",
          "time" : {
            "start" : 1724635153444,
            "stop" : 1724635153444,
            "duration" : 0
          },
          "status" : "passed",
          "steps" : [ ],
          "attachments" : [ ],
          "parameters" : [ ],
          "stepsCount" : 0,
          "attachmentsCount" : 0,
          "shouldDisplayMessage" : false,
          "hasContent" : false
        }, {
          "name" : "Headers: {'Content-Type': 'application/json', 'Authorization': '36c2c526-ae7c-43b9-be7f-51657eb19fee'}",
          "time" : {
            "start" : 1724635153444,
            "stop" : 1724635153444,
            "duration" : 0
          },
          "status" : "passed",
          "steps" : [ ],
          "attachments" : [ ],
          "parameters" : [ ],
          "stepsCount" : 0,
          "attachmentsCount" : 0,
          "shouldDisplayMessage" : false,
          "hasContent" : false
        }, {
          "name" : "Body: {\"dbtype\": 3, \"dbversion\": 5, \"env\": 64, \"region\": 3}",
          "time" : {
            "start" : 1724635153444,
            "stop" : 1724635153444,
            "duration" : 0
          },
          "status" : "passed",
          "steps" : [ ],
          "attachments" : [ ],
          "parameters" : [ ],
          "stepsCount" : 0,
          "attachmentsCount" : 0,
          "shouldDisplayMessage" : false,
          "hasContent" : false
        } ],
        "attachments" : [ ],
        "parameters" : [ ],
        "stepsCount" : 3,
        "attachmentsCount" : 0,
        "shouldDisplayMessage" : false,
        "hasContent" : true
      }, {
        "name" : "Response:",
        "time" : {
          "start" : 1724635153444,
          "stop" : 1724635153444,
          "duration" : 0
        },
        "status" : "passed",
        "steps" : [ {
          "name" : "Status code: 403",
          "time" : {
            "start" : 1724635153444,
            "stop" : 1724635153444,
            "duration" : 0
          },
          "status" : "passed",
          "steps" : [ ],
          "attachments" : [ ],
          "parameters" : [ ],
          "stepsCount" : 0,
          "attachmentsCount" : 0,
          "shouldDisplayMessage" : false,
          "hasContent" : false
        }, {
          "name" : "JSON: {'content': 'you are not allowed to create new databases'}",
          "time" : {
            "start" : 1724635153444,
            "stop" : 1724635153444,
            "duration" : 0
          },
          "status" : "passed",
          "steps" : [ ],
          "attachments" : [ ],
          "parameters" : [ ],
          "stepsCount" : 0,
          "attachmentsCount" : 0,
          "shouldDisplayMessage" : false,
          "hasContent" : false
        } ],
        "attachments" : [ ],
        "parameters" : [ ],
        "stepsCount" : 2,
        "attachmentsCount" : 0,
        "shouldDisplayMessage" : false,
        "hasContent" : true
      } ],
      "attachments" : [ ],
      "parameters" : [ ],
      "stepsCount" : 8,
      "attachmentsCount" : 0,
      "shouldDisplayMessage" : false,
      "hasContent" : true
    }, {
      "name" : "Assert status code: 400 == Response status code: 403",
      "time" : {
        "start" : 1724635153444,
        "stop" : 1724635153444,
        "duration" : 0
      },
      "status" : "failed",
      "statusMessage" : "AssertionError: Incorrect status code\n",
      "statusTrace" : "  File \"/home/runner/work/Oblache/Oblache/tests_api/utils/checking.py\", line 21, in check_status_code\n    assert status_code == result.status_code, 'Incorrect status code'\n           ^^^^^^^^^^^^^^^^^^^^^^^^^^^^^^^^^\n",
      "steps" : [ ],
      "attachments" : [ ],
      "parameters" : [ ],
      "stepsCount" : 0,
      "attachmentsCount" : 0,
      "shouldDisplayMessage" : true,
      "hasContent" : true
    } ],
    "attachments" : [ ],
    "parameters" : [ ],
    "stepsCount" : 10,
    "attachmentsCount" : 0,
    "shouldDisplayMessage" : true,
    "hasContent" : true
  },
  "afterStages" : [ ],
  "labels" : [ {
    "name" : "suite",
    "value" : "POST"
  }, {
    "name" : "parentSuite",
    "value" : "tests_api"
  }, {
    "name" : "subSuite",
    "value" : "TestPOST"
  }, {
    "name" : "host",
    "value" : "fv-az1269-257"
  }, {
    "name" : "thread",
    "value" : "2283-MainThread"
  }, {
    "name" : "framework",
    "value" : "pytest"
  }, {
    "name" : "language",
    "value" : "cpython3"
  }, {
    "name" : "package",
    "value" : "tests_api.test_bd"
  }, {
    "name" : "resultFormat",
    "value" : "allure2"
  } ],
  "parameters" : [ ],
  "links" : [ ],
  "hidden" : false,
  "retry" : false,
  "extra" : {
    "severity" : "normal",
    "retries" : [ ],
    "categories" : [ {
      "name" : "Product defects",
      "matchedStatuses" : [ ],
      "flaky" : false
    } ],
    "history" : {
      "statistic" : {
        "failed" : 11,
        "broken" : 1,
        "skipped" : 0,
        "passed" : 0,
        "unknown" : 0,
        "total" : 12
      },
      "items" : [ {
        "uid" : "aed356d35f36b7d6",
        "reportUrl" : "https://Areso.github.io/Oblache/136//#testresult/aed356d35f36b7d6",
        "status" : "failed",
        "statusDetails" : "AssertionError: Incorrect status code",
        "time" : {
          "start" : 1724549058181,
          "stop" : 1724549058500,
          "duration" : 319
        }
      }, {
        "uid" : "97194d5e6e6c08f",
        "reportUrl" : "https://Areso.github.io/Oblache/135//#testresult/97194d5e6e6c08f",
        "status" : "failed",
        "statusDetails" : "AssertionError: Incorrect status code",
        "time" : {
          "start" : 1724462201119,
          "stop" : 1724462201480,
          "duration" : 361
        }
      }, {
        "uid" : "13a9e6d6464e056b",
        "reportUrl" : "https://Areso.github.io/Oblache/134//#testresult/13a9e6d6464e056b",
        "status" : "failed",
        "statusDetails" : "AssertionError: Incorrect status code",
        "time" : {
          "start" : 1724375891470,
          "stop" : 1724375891785,
          "duration" : 315
        }
      }, {
        "uid" : "9e08a06bd662be80",
        "reportUrl" : "https://Areso.github.io/Oblache/133//#testresult/9e08a06bd662be80",
        "status" : "failed",
        "statusDetails" : "AssertionError: Incorrect status code",
        "time" : {
          "start" : 1724289569805,
          "stop" : 1724289570330,
          "duration" : 525
        }
      }, {
        "uid" : "4b292464008e0e7",
        "reportUrl" : "https://Areso.github.io/Oblache/132//#testresult/4b292464008e0e7",
        "status" : "failed",
        "statusDetails" : "AssertionError: Incorrect status code",
        "time" : {
          "start" : 1724203065529,
          "stop" : 1724203065899,
          "duration" : 370
        }
      }, {
        "uid" : "ae73700b3b083679",
        "reportUrl" : "https://Areso.github.io/Oblache/131//#testresult/ae73700b3b083679",
        "status" : "failed",
        "statusDetails" : "AssertionError: Incorrect status code",
        "time" : {
          "start" : 1724116653149,
          "stop" : 1724116653679,
          "duration" : 530
        }
      }, {
        "uid" : "6b130fc66aeef45d",
        "reportUrl" : "https://Areso.github.io/Oblache/130//#testresult/6b130fc66aeef45d",
        "status" : "failed",
        "statusDetails" : "AssertionError: Incorrect status code",
        "time" : {
          "start" : 1724030336913,
          "stop" : 1724030337217,
          "duration" : 304
        }
      }, {
        "uid" : "2446143712a17f88",
        "reportUrl" : "https://Areso.github.io/Oblache/129//#testresult/2446143712a17f88",
        "status" : "failed",
        "statusDetails" : "AssertionError: Incorrect status code",
        "time" : {
          "start" : 1723944153979,
          "stop" : 1723944154343,
          "duration" : 364
        }
      }, {
        "uid" : "67afdad4345b879",
        "reportUrl" : "https://Areso.github.io/Oblache/128//#testresult/67afdad4345b879",
        "status" : "failed",
        "statusDetails" : "AssertionError: Incorrect status code",
        "time" : {
          "start" : 1723857328491,
          "stop" : 1723857328848,
          "duration" : 357
        }
      }, {
        "uid" : "4d8e4b0a0fbb1c0b",
        "reportUrl" : "https://Areso.github.io/Oblache/127//#testresult/4d8e4b0a0fbb1c0b",
        "status" : "failed",
        "statusDetails" : "AssertionError: Incorrect status code",
        "time" : {
          "start" : 1723696283818,
          "stop" : 1723696284138,
          "duration" : 320
        }
      }, {
        "uid" : "d7eb51ebf7ce3285",
        "reportUrl" : "https://Areso.github.io/Oblache/127//#testresult/d7eb51ebf7ce3285",
        "status" : "broken",
        "statusDetails" : "requests.exceptions.ConnectionError: HTTPSConnectionPool(host='dbend.areso.pro', port=443): Max retries exceeded with url: /db_create (Caused by NewConnectionError('<urllib3.connection.HTTPSConnection object at 0x7f64a3f21820>: Failed to establish a new connection: [Errno 111] Connection refused'))",
        "time" : {
          "start" : 1723670673814,
          "stop" : 1723670693326,
          "duration" : 19512
        }
      } ]
    },
    "tags" : [ ]
  },
  "source" : "1df667f3a1c6f74f.json",
  "parameterValues" : [ ]
}