{
  "uid" : "bc0e1c73dcd49188",
  "name" : "POST create_docker_container_without_token",
  "fullName" : "tests_api.test_bd.TestPOST#test_post_create_docker_with_defunct_image",
  "historyId" : "346493b9ad20460bc067ba466e60ac88",
  "time" : {
    "start" : 1731980345815,
    "stop" : 1731980346123,
    "duration" : 308
  },
  "status" : "failed",
  "statusMessage" : "AssertionError: Result is not equal expected value",
  "statusTrace" : "self = <tests_api.test_bd.TestPOST object at 0x7f5303c3e1b0>\n\n    @allure.title('POST create_docker_container_without_token')\n    def test_post_create_docker_with_defunct_image(self):\n        result = API.post_create_docker_container_with_defunct_image(token=TestPOST.token)\n        Checking.check_status_code(result, 400)\n>       Checking.check_json_value(result, 'msg', \"msg[]: the image doesn't found in the DockerHub\")\n\ntests_api/test_bd.py:411: \n_ _ _ _ _ _ _ _ _ _ _ _ _ _ _ _ _ _ _ _ _ _ _ _ _ _ _ _ _ _ _ _ _ _ _ _ _ _ _ _ \n\nresponse = <Response [400]>, field_name = 'msg'\nexpected_value = \"msg[]: the image doesn't found in the DockerHub\"\n\n    @staticmethod\n    def check_json_value(response: requests.models.Response, field_name: str, expected_value):\n        \"\"\"\n        :param response: requests.models.Response\n        :param field_name:\n        :param expected_value:\n        \"\"\"\n        check = response.json()\n        check_info = check.get(field_name)\n        with allure.step(\n                f'Compare result request with expected value:'\n                f'\\nResponse: {response}\\nField name: {field_name}\\nValue: {expected_value}'):\n>           assert check_info == expected_value, 'Result is not equal expected value'\nE           AssertionError: Result is not equal expected value\n\ntests_api/utils/checking.py:57: AssertionError",
  "flaky" : false,
  "newFailed" : false,
  "beforeStages" : [ ],
  "testStage" : {
    "status" : "failed",
    "statusMessage" : "AssertionError: Result is not equal expected value",
    "statusTrace" : "self = <tests_api.test_bd.TestPOST object at 0x7f5303c3e1b0>\n\n    @allure.title('POST create_docker_container_without_token')\n    def test_post_create_docker_with_defunct_image(self):\n        result = API.post_create_docker_container_with_defunct_image(token=TestPOST.token)\n        Checking.check_status_code(result, 400)\n>       Checking.check_json_value(result, 'msg', \"msg[]: the image doesn't found in the DockerHub\")\n\ntests_api/test_bd.py:411: \n_ _ _ _ _ _ _ _ _ _ _ _ _ _ _ _ _ _ _ _ _ _ _ _ _ _ _ _ _ _ _ _ _ _ _ _ _ _ _ _ \n\nresponse = <Response [400]>, field_name = 'msg'\nexpected_value = \"msg[]: the image doesn't found in the DockerHub\"\n\n    @staticmethod\n    def check_json_value(response: requests.models.Response, field_name: str, expected_value):\n        \"\"\"\n        :param response: requests.models.Response\n        :param field_name:\n        :param expected_value:\n        \"\"\"\n        check = response.json()\n        check_info = check.get(field_name)\n        with allure.step(\n                f'Compare result request with expected value:'\n                f'\\nResponse: {response}\\nField name: {field_name}\\nValue: {expected_value}'):\n>           assert check_info == expected_value, 'Result is not equal expected value'\nE           AssertionError: Result is not equal expected value\n\ntests_api/utils/checking.py:57: AssertionError",
    "steps" : [ {
      "name" : "post_create_docker_container_with_defunct_image",
      "time" : {
        "start" : 1731980345815,
        "stop" : 1731980346123,
        "duration" : 308
      },
      "status" : "passed",
      "steps" : [ {
        "name" : "Endpoint: /container_create",
        "time" : {
          "start" : 1731980346122,
          "stop" : 1731980346122,
          "duration" : 0
        },
        "status" : "passed",
        "steps" : [ ],
        "attachments" : [ ],
        "parameters" : [ ],
        "stepsCount" : 0,
        "attachmentsCount" : 0,
        "shouldDisplayMessage" : false,
        "hasContent" : false
      }, {
        "name" : "Request:",
        "time" : {
          "start" : 1731980346122,
          "stop" : 1731980346123,
          "duration" : 1
        },
        "status" : "passed",
        "steps" : [ {
          "name" : "Url: https://dbend.areso.pro/container_create",
          "time" : {
            "start" : 1731980346122,
            "stop" : 1731980346122,
            "duration" : 0
          },
          "status" : "passed",
          "steps" : [ ],
          "attachments" : [ ],
          "parameters" : [ ],
          "stepsCount" : 0,
          "attachmentsCount" : 0,
          "shouldDisplayMessage" : false,
          "hasContent" : false
        }, {
          "name" : "Headers: {'Content-Type': 'application/json', 'Authorization': 'd19042eb-a8bb-4140-b64c-c817cf6915cc'}",
          "time" : {
            "start" : 1731980346123,
            "stop" : 1731980346123,
            "duration" : 0
          },
          "status" : "passed",
          "steps" : [ ],
          "attachments" : [ ],
          "parameters" : [ ],
          "stepsCount" : 0,
          "attachmentsCount" : 0,
          "shouldDisplayMessage" : false,
          "hasContent" : false
        }, {
          "name" : "Body: {\"docker_image\": \"\", \"int_ports\": \"80\", \"env\": 3, \"region\": 3}",
          "time" : {
            "start" : 1731980346123,
            "stop" : 1731980346123,
            "duration" : 0
          },
          "status" : "passed",
          "steps" : [ ],
          "attachments" : [ ],
          "parameters" : [ ],
          "stepsCount" : 0,
          "attachmentsCount" : 0,
          "shouldDisplayMessage" : false,
          "hasContent" : false
        } ],
        "attachments" : [ ],
        "parameters" : [ ],
        "stepsCount" : 3,
        "attachmentsCount" : 0,
        "shouldDisplayMessage" : false,
        "hasContent" : true
      }, {
        "name" : "Response:",
        "time" : {
          "start" : 1731980346123,
          "stop" : 1731980346123,
          "duration" : 0
        },
        "status" : "passed",
        "steps" : [ {
          "name" : "Status code: 400",
          "time" : {
            "start" : 1731980346123,
            "stop" : 1731980346123,
            "duration" : 0
          },
          "status" : "passed",
          "steps" : [ ],
          "attachments" : [ ],
          "parameters" : [ ],
          "stepsCount" : 0,
          "attachmentsCount" : 0,
          "shouldDisplayMessage" : false,
          "hasContent" : false
        }, {
          "name" : "JSON: {\n    \"msg_code\": -1,\n    \"msg\": \"endpoint is disabled\"\n}\n",
          "time" : {
            "start" : 1731980346123,
            "stop" : 1731980346123,
            "duration" : 0
          },
          "status" : "passed",
          "steps" : [ ],
          "attachments" : [ ],
          "parameters" : [ ],
          "stepsCount" : 0,
          "attachmentsCount" : 0,
          "shouldDisplayMessage" : false,
          "hasContent" : false
        } ],
        "attachments" : [ ],
        "parameters" : [ ],
        "stepsCount" : 2,
        "attachmentsCount" : 0,
        "shouldDisplayMessage" : false,
        "hasContent" : true
      } ],
      "attachments" : [ ],
      "parameters" : [ ],
      "stepsCount" : 8,
      "attachmentsCount" : 0,
      "shouldDisplayMessage" : false,
      "hasContent" : true
    }, {
      "name" : "Assert status code: 400 == Response status code: 400",
      "time" : {
        "start" : 1731980346123,
        "stop" : 1731980346123,
        "duration" : 0
      },
      "status" : "passed",
      "steps" : [ ],
      "attachments" : [ ],
      "parameters" : [ ],
      "stepsCount" : 0,
      "attachmentsCount" : 0,
      "shouldDisplayMessage" : false,
      "hasContent" : false
    }, {
      "name" : "Compare result request with expected value:\nResponse: <Response [400]>\nField name: msg\nValue: msg[]: the image doesn't found in the DockerHub",
      "time" : {
        "start" : 1731980346123,
        "stop" : 1731980346123,
        "duration" : 0
      },
      "status" : "failed",
      "statusMessage" : "AssertionError: Result is not equal expected value\n",
      "statusTrace" : "  File \"/home/runner/work/Oblache/Oblache/tests_api/utils/checking.py\", line 57, in check_json_value\n    assert check_info == expected_value, 'Result is not equal expected value'\n           ^^^^^^^^^^^^^^^^^^^^^^^^^^^^\n",
      "steps" : [ ],
      "attachments" : [ ],
      "parameters" : [ ],
      "stepsCount" : 0,
      "attachmentsCount" : 0,
      "shouldDisplayMessage" : true,
      "hasContent" : true
    } ],
    "attachments" : [ ],
    "parameters" : [ ],
    "stepsCount" : 11,
    "attachmentsCount" : 0,
    "shouldDisplayMessage" : true,
    "hasContent" : true
  },
  "afterStages" : [ ],
  "labels" : [ {
    "name" : "suite",
    "value" : "POST"
  }, {
    "name" : "parentSuite",
    "value" : "tests_api"
  }, {
    "name" : "subSuite",
    "value" : "TestPOST"
  }, {
    "name" : "host",
    "value" : "fv-az849-188"
  }, {
    "name" : "thread",
    "value" : "2243-MainThread"
  }, {
    "name" : "framework",
    "value" : "pytest"
  }, {
    "name" : "language",
    "value" : "cpython3"
  }, {
    "name" : "package",
    "value" : "tests_api.test_bd"
  }, {
    "name" : "resultFormat",
    "value" : "allure2"
  } ],
  "parameters" : [ ],
  "links" : [ ],
  "hidden" : false,
  "retry" : false,
  "extra" : {
    "severity" : "normal",
    "retries" : [ ],
    "categories" : [ {
      "name" : "Product defects",
      "matchedStatuses" : [ ],
      "flaky" : false
    } ],
    "history" : {
      "statistic" : {
        "failed" : 28,
        "broken" : 3,
        "skipped" : 0,
        "passed" : 70,
        "unknown" : 0,
        "total" : 101
      },
      "items" : [ {
        "uid" : "9d505f1c48b5c8f2",
        "reportUrl" : "https://Areso.github.io/Oblache/221//#testresult/9d505f1c48b5c8f2",
        "status" : "failed",
        "statusDetails" : "AssertionError: Result is not equal expected value",
        "time" : {
          "start" : 1731894043499,
          "stop" : 1731894043831,
          "duration" : 332
        }
      }, {
        "uid" : "9be0aa45c361bce1",
        "reportUrl" : "https://Areso.github.io/Oblache/220//#testresult/9be0aa45c361bce1",
        "status" : "failed",
        "statusDetails" : "AssertionError: Result is not equal expected value",
        "time" : {
          "start" : 1731807753899,
          "stop" : 1731807754269,
          "duration" : 370
        }
      }, {
        "uid" : "c9a7eae1d2e8eed1",
        "reportUrl" : "https://Areso.github.io/Oblache/219//#testresult/c9a7eae1d2e8eed1",
        "status" : "failed",
        "statusDetails" : "AssertionError: Result is not equal expected value",
        "time" : {
          "start" : 1731721342074,
          "stop" : 1731721342392,
          "duration" : 318
        }
      }, {
        "uid" : "725b19d2b24da572",
        "reportUrl" : "https://Areso.github.io/Oblache/218//#testresult/725b19d2b24da572",
        "status" : "failed",
        "statusDetails" : "AssertionError: Result is not equal expected value",
        "time" : {
          "start" : 1731634778605,
          "stop" : 1731634779127,
          "duration" : 522
        }
      }, {
        "uid" : "a4a37f12a273ffdd",
        "reportUrl" : "https://Areso.github.io/Oblache/217//#testresult/a4a37f12a273ffdd",
        "status" : "failed",
        "statusDetails" : "AssertionError: Result is not equal expected value",
        "time" : {
          "start" : 1731547584061,
          "stop" : 1731547584440,
          "duration" : 379
        }
      }, {
        "uid" : "b2133c366224e89b",
        "reportUrl" : "https://Areso.github.io/Oblache/216//#testresult/b2133c366224e89b",
        "status" : "failed",
        "statusDetails" : "AssertionError: Result is not equal expected value",
        "time" : {
          "start" : 1731461185439,
          "stop" : 1731461185756,
          "duration" : 317
        }
      }, {
        "uid" : "8a964d64cb3b9b26",
        "reportUrl" : "https://Areso.github.io/Oblache/215//#testresult/8a964d64cb3b9b26",
        "status" : "failed",
        "statusDetails" : "AssertionError: Result is not equal expected value",
        "time" : {
          "start" : 1731374672139,
          "stop" : 1731374672469,
          "duration" : 330
        }
      }, {
        "uid" : "c5bb75622479c178",
        "reportUrl" : "https://Areso.github.io/Oblache/214//#testresult/c5bb75622479c178",
        "status" : "failed",
        "statusDetails" : "AssertionError: Result is not equal expected value",
        "time" : {
          "start" : 1731288433681,
          "stop" : 1731288434184,
          "duration" : 503
        }
      }, {
        "uid" : "c99880d88ad4215e",
        "reportUrl" : "https://Areso.github.io/Oblache/213//#testresult/c99880d88ad4215e",
        "status" : "failed",
        "statusDetails" : "AssertionError: Result is not equal expected value",
        "time" : {
          "start" : 1731202627322,
          "stop" : 1731202627645,
          "duration" : 323
        }
      }, {
        "uid" : "dc94f0866d8d93cd",
        "reportUrl" : "https://Areso.github.io/Oblache/212//#testresult/dc94f0866d8d93cd",
        "status" : "failed",
        "statusDetails" : "AssertionError: Result is not equal expected value",
        "time" : {
          "start" : 1731115409857,
          "stop" : 1731115410224,
          "duration" : 367
        }
      }, {
        "uid" : "cc678b4de394a396",
        "reportUrl" : "https://Areso.github.io/Oblache/211//#testresult/cc678b4de394a396",
        "status" : "failed",
        "statusDetails" : "AssertionError: Result is not equal expected value",
        "time" : {
          "start" : 1731029154850,
          "stop" : 1731029155371,
          "duration" : 521
        }
      }, {
        "uid" : "a83afce548a991a0",
        "reportUrl" : "https://Areso.github.io/Oblache/210//#testresult/a83afce548a991a0",
        "status" : "failed",
        "statusDetails" : "AssertionError: Result is not equal expected value",
        "time" : {
          "start" : 1730942746864,
          "stop" : 1730942747365,
          "duration" : 501
        }
      }, {
        "uid" : "eaa18983d75c6217",
        "reportUrl" : "https://Areso.github.io/Oblache/209//#testresult/eaa18983d75c6217",
        "status" : "failed",
        "statusDetails" : "AssertionError: Result is not equal expected value",
        "time" : {
          "start" : 1730856296275,
          "stop" : 1730856296574,
          "duration" : 299
        }
      }, {
        "uid" : "36588915fc6a9bba",
        "reportUrl" : "https://Areso.github.io/Oblache/208//#testresult/36588915fc6a9bba",
        "status" : "failed",
        "statusDetails" : "AssertionError: Result is not equal expected value",
        "time" : {
          "start" : 1730769937366,
          "stop" : 1730769937883,
          "duration" : 517
        }
      }, {
        "uid" : "c2d96a0f0f1ccaa7",
        "reportUrl" : "https://Areso.github.io/Oblache/207//#testresult/c2d96a0f0f1ccaa7",
        "status" : "failed",
        "statusDetails" : "AssertionError: Result is not equal expected value",
        "time" : {
          "start" : 1730684199859,
          "stop" : 1730684200170,
          "duration" : 311
        }
      }, {
        "uid" : "1e1994c2817be366",
        "reportUrl" : "https://Areso.github.io/Oblache/206//#testresult/1e1994c2817be366",
        "status" : "failed",
        "statusDetails" : "AssertionError: Result is not equal expected value",
        "time" : {
          "start" : 1730597965351,
          "stop" : 1730597965664,
          "duration" : 313
        }
      }, {
        "uid" : "a4e6a425e90ba4c",
        "reportUrl" : "https://Areso.github.io/Oblache/205//#testresult/a4e6a425e90ba4c",
        "status" : "failed",
        "statusDetails" : "AssertionError: Result is not equal expected value",
        "time" : {
          "start" : 1730510729075,
          "stop" : 1730510729573,
          "duration" : 498
        }
      }, {
        "uid" : "52d27ef3ee7401b1",
        "reportUrl" : "https://Areso.github.io/Oblache/204//#testresult/52d27ef3ee7401b1",
        "status" : "failed",
        "statusDetails" : "AssertionError: Result is not equal expected value",
        "time" : {
          "start" : 1730425266970,
          "stop" : 1730425267488,
          "duration" : 518
        }
      }, {
        "uid" : "90d4ed4ea3c6791f",
        "reportUrl" : "https://Areso.github.io/Oblache/203//#testresult/90d4ed4ea3c6791f",
        "status" : "failed",
        "statusDetails" : "AssertionError: Result is not equal expected value",
        "time" : {
          "start" : 1730338102202,
          "stop" : 1730338102712,
          "duration" : 510
        }
      }, {
        "uid" : "67ca8aedd2fd0dd0",
        "reportUrl" : "https://Areso.github.io/Oblache/202//#testresult/67ca8aedd2fd0dd0",
        "status" : "failed",
        "statusDetails" : "AssertionError: Result is not equal expected value",
        "time" : {
          "start" : 1730251644235,
          "stop" : 1730251644743,
          "duration" : 508
        }
      } ]
    },
    "tags" : [ ]
  },
  "source" : "bc0e1c73dcd49188.json",
  "parameterValues" : [ ]
}