{
  "uid" : "f977093c3cbc37f4",
  "name" : "POST create_docker_container_without_token",
  "fullName" : "tests_api.test_bd.TestPOST#test_post_create_docker_with_defunct_image",
  "historyId" : "346493b9ad20460bc067ba466e60ac88",
  "time" : {
    "start" : 1744513734576,
    "stop" : 1744513735071,
    "duration" : 495
  },
  "status" : "failed",
  "statusMessage" : "AssertionError: Result is not equal expected value",
  "statusTrace" : "self = <tests_api.test_bd.TestPOST object at 0x7f9ebc888f80>\n\n    @allure.title('POST create_docker_container_without_token')\n    def test_post_create_docker_with_defunct_image(self):\n        result = API.post_create_docker_container_with_defunct_image(token=TestPOST.token)\n        Checking.check_status_code(result, 400)\n>       Checking.check_json_value(result, 'msg', \"msg[]: the image doesn't found in the DockerHub\")\n\ntests_api/test_bd.py:411: \n_ _ _ _ _ _ _ _ _ _ _ _ _ _ _ _ _ _ _ _ _ _ _ _ _ _ _ _ _ _ _ _ _ _ _ _ _ _ _ _ \n\nresponse = <Response [400]>, field_name = 'msg'\nexpected_value = \"msg[]: the image doesn't found in the DockerHub\"\n\n    @staticmethod\n    def check_json_value(response: requests.models.Response, field_name: str, expected_value):\n        \"\"\"\n        :param response: requests.models.Response\n        :param field_name:\n        :param expected_value:\n        \"\"\"\n        check = response.json()\n        check_info = check.get(field_name)\n        with allure.step(\n                f'Compare result request with expected value:'\n                f'\\nResponse: {response}\\nField name: {field_name}\\nValue: {expected_value}'):\n>           assert check_info == expected_value, 'Result is not equal expected value'\nE           AssertionError: Result is not equal expected value\n\ntests_api/utils/checking.py:57: AssertionError",
  "flaky" : false,
  "newFailed" : false,
  "beforeStages" : [ ],
  "testStage" : {
    "status" : "failed",
    "statusMessage" : "AssertionError: Result is not equal expected value",
    "statusTrace" : "self = <tests_api.test_bd.TestPOST object at 0x7f9ebc888f80>\n\n    @allure.title('POST create_docker_container_without_token')\n    def test_post_create_docker_with_defunct_image(self):\n        result = API.post_create_docker_container_with_defunct_image(token=TestPOST.token)\n        Checking.check_status_code(result, 400)\n>       Checking.check_json_value(result, 'msg', \"msg[]: the image doesn't found in the DockerHub\")\n\ntests_api/test_bd.py:411: \n_ _ _ _ _ _ _ _ _ _ _ _ _ _ _ _ _ _ _ _ _ _ _ _ _ _ _ _ _ _ _ _ _ _ _ _ _ _ _ _ \n\nresponse = <Response [400]>, field_name = 'msg'\nexpected_value = \"msg[]: the image doesn't found in the DockerHub\"\n\n    @staticmethod\n    def check_json_value(response: requests.models.Response, field_name: str, expected_value):\n        \"\"\"\n        :param response: requests.models.Response\n        :param field_name:\n        :param expected_value:\n        \"\"\"\n        check = response.json()\n        check_info = check.get(field_name)\n        with allure.step(\n                f'Compare result request with expected value:'\n                f'\\nResponse: {response}\\nField name: {field_name}\\nValue: {expected_value}'):\n>           assert check_info == expected_value, 'Result is not equal expected value'\nE           AssertionError: Result is not equal expected value\n\ntests_api/utils/checking.py:57: AssertionError",
    "steps" : [ {
      "name" : "post_create_docker_container_with_defunct_image",
      "time" : {
        "start" : 1744513734576,
        "stop" : 1744513735071,
        "duration" : 495
      },
      "status" : "passed",
      "steps" : [ {
        "name" : "Endpoint: /container_create",
        "time" : {
          "start" : 1744513735071,
          "stop" : 1744513735071,
          "duration" : 0
        },
        "status" : "passed",
        "steps" : [ ],
        "attachments" : [ ],
        "parameters" : [ ],
        "stepsCount" : 0,
        "attachmentsCount" : 0,
        "shouldDisplayMessage" : false,
        "hasContent" : false
      }, {
        "name" : "Request:",
        "time" : {
          "start" : 1744513735071,
          "stop" : 1744513735071,
          "duration" : 0
        },
        "status" : "passed",
        "steps" : [ {
          "name" : "Headers: {'Content-Type': 'application/json', 'Authorization': '1ce230ee-2d05-4c24-86bd-253d146f511a'}",
          "time" : {
            "start" : 1744513735071,
            "stop" : 1744513735071,
            "duration" : 0
          },
          "status" : "passed",
          "steps" : [ ],
          "attachments" : [ ],
          "parameters" : [ ],
          "stepsCount" : 0,
          "attachmentsCount" : 0,
          "shouldDisplayMessage" : false,
          "hasContent" : false
        }, {
          "name" : "Body: {\"docker_image\": \"\", \"int_ports\": \"80\", \"env\": 3, \"region\": 3}",
          "time" : {
            "start" : 1744513735071,
            "stop" : 1744513735071,
            "duration" : 0
          },
          "status" : "passed",
          "steps" : [ ],
          "attachments" : [ ],
          "parameters" : [ ],
          "stepsCount" : 0,
          "attachmentsCount" : 0,
          "shouldDisplayMessage" : false,
          "hasContent" : false
        } ],
        "attachments" : [ ],
        "parameters" : [ ],
        "stepsCount" : 2,
        "attachmentsCount" : 0,
        "shouldDisplayMessage" : false,
        "hasContent" : true
      }, {
        "name" : "Response:",
        "time" : {
          "start" : 1744513735071,
          "stop" : 1744513735071,
          "duration" : 0
        },
        "status" : "passed",
        "steps" : [ {
          "name" : "Status code: 400",
          "time" : {
            "start" : 1744513735071,
            "stop" : 1744513735071,
            "duration" : 0
          },
          "status" : "passed",
          "steps" : [ ],
          "attachments" : [ ],
          "parameters" : [ ],
          "stepsCount" : 0,
          "attachmentsCount" : 0,
          "shouldDisplayMessage" : false,
          "hasContent" : false
        }, {
          "name" : "JSON: {\n    \"msg_code\": -1,\n    \"msg\": \"endpoint is disabled\"\n}\n",
          "time" : {
            "start" : 1744513735071,
            "stop" : 1744513735071,
            "duration" : 0
          },
          "status" : "passed",
          "steps" : [ ],
          "attachments" : [ ],
          "parameters" : [ ],
          "stepsCount" : 0,
          "attachmentsCount" : 0,
          "shouldDisplayMessage" : false,
          "hasContent" : false
        } ],
        "attachments" : [ ],
        "parameters" : [ ],
        "stepsCount" : 2,
        "attachmentsCount" : 0,
        "shouldDisplayMessage" : false,
        "hasContent" : true
      } ],
      "attachments" : [ ],
      "parameters" : [ ],
      "stepsCount" : 7,
      "attachmentsCount" : 0,
      "shouldDisplayMessage" : false,
      "hasContent" : true
    }, {
      "name" : "Assert status code: 400 == Response status code: 400",
      "time" : {
        "start" : 1744513735071,
        "stop" : 1744513735071,
        "duration" : 0
      },
      "status" : "passed",
      "steps" : [ ],
      "attachments" : [ ],
      "parameters" : [ ],
      "stepsCount" : 0,
      "attachmentsCount" : 0,
      "shouldDisplayMessage" : false,
      "hasContent" : false
    }, {
      "name" : "Compare result request with expected value:\nResponse: <Response [400]>\nField name: msg\nValue: msg[]: the image doesn't found in the DockerHub",
      "time" : {
        "start" : 1744513735071,
        "stop" : 1744513735071,
        "duration" : 0
      },
      "status" : "failed",
      "statusMessage" : "AssertionError: Result is not equal expected value\n",
      "statusTrace" : "  File \"/home/runner/work/Oblache/Oblache/tests_api/utils/checking.py\", line 57, in check_json_value\n    assert check_info == expected_value, 'Result is not equal expected value'\n           ^^^^^^^^^^^^^^^^^^^^^^^^^^^^\n",
      "steps" : [ ],
      "attachments" : [ ],
      "parameters" : [ ],
      "stepsCount" : 0,
      "attachmentsCount" : 0,
      "shouldDisplayMessage" : true,
      "hasContent" : true
    } ],
    "attachments" : [ ],
    "parameters" : [ ],
    "stepsCount" : 10,
    "attachmentsCount" : 0,
    "shouldDisplayMessage" : true,
    "hasContent" : true
  },
  "afterStages" : [ ],
  "labels" : [ {
    "name" : "suite",
    "value" : "POST"
  }, {
    "name" : "parentSuite",
    "value" : "tests_api"
  }, {
    "name" : "subSuite",
    "value" : "TestPOST"
  }, {
    "name" : "host",
    "value" : "fv-az1945-145"
  }, {
    "name" : "thread",
    "value" : "2458-MainThread"
  }, {
    "name" : "framework",
    "value" : "pytest"
  }, {
    "name" : "language",
    "value" : "cpython3"
  }, {
    "name" : "package",
    "value" : "tests_api.test_bd"
  }, {
    "name" : "resultFormat",
    "value" : "allure2"
  } ],
  "parameters" : [ ],
  "links" : [ ],
  "hidden" : false,
  "retry" : false,
  "extra" : {
    "severity" : "normal",
    "retries" : [ ],
    "categories" : [ {
      "name" : "Product defects",
      "matchedStatuses" : [ ],
      "flaky" : false
    } ],
    "history" : {
      "statistic" : {
        "failed" : 172,
        "broken" : 3,
        "skipped" : 0,
        "passed" : 70,
        "unknown" : 0,
        "total" : 245
      },
      "items" : [ {
        "uid" : "2e88908d9ca95182",
        "reportUrl" : "https://Areso.github.io/Oblache/366//#testresult/2e88908d9ca95182",
        "status" : "failed",
        "statusDetails" : "AssertionError: Result is not equal expected value",
        "time" : {
          "start" : 1744421974342,
          "stop" : 1744421974661,
          "duration" : 319
        }
      }, {
        "uid" : "566fb61faf75c08c",
        "reportUrl" : "https://Areso.github.io/Oblache/365//#testresult/566fb61faf75c08c",
        "status" : "failed",
        "statusDetails" : "AssertionError: Result is not equal expected value",
        "time" : {
          "start" : 1744335758569,
          "stop" : 1744335758938,
          "duration" : 369
        }
      }, {
        "uid" : "4ecf18254c82901b",
        "reportUrl" : "https://Areso.github.io/Oblache/364//#testresult/4ecf18254c82901b",
        "status" : "failed",
        "statusDetails" : "AssertionError: Result is not equal expected value",
        "time" : {
          "start" : 1744249314882,
          "stop" : 1744249315253,
          "duration" : 371
        }
      }, {
        "uid" : "3b23ef4e17e20dd1",
        "reportUrl" : "https://Areso.github.io/Oblache/363//#testresult/3b23ef4e17e20dd1",
        "status" : "failed",
        "statusDetails" : "AssertionError: Result is not equal expected value",
        "time" : {
          "start" : 1744162918041,
          "stop" : 1744162918359,
          "duration" : 318
        }
      }, {
        "uid" : "96a26eefba2f48ba",
        "reportUrl" : "https://Areso.github.io/Oblache/362//#testresult/96a26eefba2f48ba",
        "status" : "failed",
        "statusDetails" : "AssertionError: Result is not equal expected value",
        "time" : {
          "start" : 1744076515377,
          "stop" : 1744076515873,
          "duration" : 496
        }
      }, {
        "uid" : "644b95e739a6cf4b",
        "reportUrl" : "https://Areso.github.io/Oblache/361//#testresult/644b95e739a6cf4b",
        "status" : "failed",
        "statusDetails" : "AssertionError: Incorrect status code: 502",
        "time" : {
          "start" : 1743990248962,
          "stop" : 1743990249239,
          "duration" : 277
        }
      }, {
        "uid" : "74c107def2f0301d",
        "reportUrl" : "https://Areso.github.io/Oblache/360//#testresult/74c107def2f0301d",
        "status" : "failed",
        "statusDetails" : "AssertionError: Incorrect status code: 502",
        "time" : {
          "start" : 1743903979026,
          "stop" : 1743903979645,
          "duration" : 619
        }
      }, {
        "uid" : "edad2f16366c1c2",
        "reportUrl" : "https://Areso.github.io/Oblache/359//#testresult/edad2f16366c1c2",
        "status" : "failed",
        "statusDetails" : "AssertionError: Result is not equal expected value",
        "time" : {
          "start" : 1743817163892,
          "stop" : 1743817164209,
          "duration" : 317
        }
      }, {
        "uid" : "5f12f5c3b8e16129",
        "reportUrl" : "https://Areso.github.io/Oblache/358//#testresult/5f12f5c3b8e16129",
        "status" : "failed",
        "statusDetails" : "AssertionError: Result is not equal expected value",
        "time" : {
          "start" : 1743730850087,
          "stop" : 1743730850401,
          "duration" : 314
        }
      }, {
        "uid" : "5d4089b18369650f",
        "reportUrl" : "https://Areso.github.io/Oblache/357//#testresult/5d4089b18369650f",
        "status" : "failed",
        "statusDetails" : "AssertionError: Result is not equal expected value",
        "time" : {
          "start" : 1743644478877,
          "stop" : 1743644479382,
          "duration" : 505
        }
      }, {
        "uid" : "775ccd3e113bf64c",
        "reportUrl" : "https://Areso.github.io/Oblache/356//#testresult/775ccd3e113bf64c",
        "status" : "failed",
        "statusDetails" : "AssertionError: Result is not equal expected value",
        "time" : {
          "start" : 1743558144320,
          "stop" : 1743558144638,
          "duration" : 318
        }
      }, {
        "uid" : "bbcedc9ceb2be776",
        "reportUrl" : "https://Areso.github.io/Oblache/355//#testresult/bbcedc9ceb2be776",
        "status" : "failed",
        "statusDetails" : "AssertionError: Result is not equal expected value",
        "time" : {
          "start" : 1743472329112,
          "stop" : 1743472329617,
          "duration" : 505
        }
      }, {
        "uid" : "96a0baabe695039c",
        "reportUrl" : "https://Areso.github.io/Oblache/354//#testresult/96a0baabe695039c",
        "status" : "failed",
        "statusDetails" : "AssertionError: Result is not equal expected value",
        "time" : {
          "start" : 1743385568461,
          "stop" : 1743385568965,
          "duration" : 504
        }
      }, {
        "uid" : "d360a7171035bdbc",
        "reportUrl" : "https://Areso.github.io/Oblache/353//#testresult/d360a7171035bdbc",
        "status" : "failed",
        "statusDetails" : "AssertionError: Result is not equal expected value",
        "time" : {
          "start" : 1743299265215,
          "stop" : 1743299265720,
          "duration" : 505
        }
      }, {
        "uid" : "1419c61187540531",
        "reportUrl" : "https://Areso.github.io/Oblache/352//#testresult/1419c61187540531",
        "status" : "failed",
        "statusDetails" : "AssertionError: Result is not equal expected value",
        "time" : {
          "start" : 1743212364581,
          "stop" : 1743212364980,
          "duration" : 399
        }
      }, {
        "uid" : "f53c654d215e5c7",
        "reportUrl" : "https://Areso.github.io/Oblache/351//#testresult/f53c654d215e5c7",
        "status" : "failed",
        "statusDetails" : "AssertionError: Result is not equal expected value",
        "time" : {
          "start" : 1743126029034,
          "stop" : 1743126029356,
          "duration" : 322
        }
      }, {
        "uid" : "1b142ae402b622e0",
        "reportUrl" : "https://Areso.github.io/Oblache/350//#testresult/1b142ae402b622e0",
        "status" : "failed",
        "statusDetails" : "AssertionError: Result is not equal expected value",
        "time" : {
          "start" : 1743039610799,
          "stop" : 1743039611113,
          "duration" : 314
        }
      }, {
        "uid" : "5ca2eb85f78593d",
        "reportUrl" : "https://Areso.github.io/Oblache/349//#testresult/5ca2eb85f78593d",
        "status" : "failed",
        "statusDetails" : "AssertionError: Result is not equal expected value",
        "time" : {
          "start" : 1742953249536,
          "stop" : 1742953250043,
          "duration" : 507
        }
      }, {
        "uid" : "6738c4516cfaba0e",
        "reportUrl" : "https://Areso.github.io/Oblache/348//#testresult/6738c4516cfaba0e",
        "status" : "failed",
        "statusDetails" : "AssertionError: Result is not equal expected value",
        "time" : {
          "start" : 1742866868764,
          "stop" : 1742866869082,
          "duration" : 318
        }
      }, {
        "uid" : "360d0338c9e486ee",
        "reportUrl" : "https://Areso.github.io/Oblache/347//#testresult/360d0338c9e486ee",
        "status" : "failed",
        "statusDetails" : "AssertionError: Result is not equal expected value",
        "time" : {
          "start" : 1742780596302,
          "stop" : 1742780596674,
          "duration" : 372
        }
      } ]
    },
    "tags" : [ ]
  },
  "source" : "f977093c3cbc37f4.json",
  "parameterValues" : [ ]
}