{
  "uid" : "1f2ad38aa296ec4e",
  "name" : "POST checking ports_len negative len",
  "fullName" : "tests_api.test_bd.TestPOST#test_post_checking_ports_len_negative_len",
  "historyId" : "9489e2633e96acb1f0103e85b89d7a6f",
  "time" : {
    "start" : 1743644477355,
    "stop" : 1743644477851,
    "duration" : 496
  },
  "status" : "failed",
  "statusMessage" : "AssertionError: Result is not equal expected value",
  "statusTrace" : "self = <tests_api.test_bd.TestPOST object at 0x7fc25d41c590>\n\n    @allure.title('POST checking ports_len negative len')\n    def test_post_checking_ports_len_negative_len(self):\n        result = API.post_create_docker_container_checking_ports(\n            token=TestPOST.token,\n            port_len=\"80,81,82,83,84,85,86,87,88,89,90\")\n        Checking.check_status_code(result, 400)\n>       Checking.check_json_value(result, 'msg', 'msg[]: ports range is too wide')\n\ntests_api/test_bd.py:391: \n_ _ _ _ _ _ _ _ _ _ _ _ _ _ _ _ _ _ _ _ _ _ _ _ _ _ _ _ _ _ _ _ _ _ _ _ _ _ _ _ \n\nresponse = <Response [400]>, field_name = 'msg'\nexpected_value = 'msg[]: ports range is too wide'\n\n    @staticmethod\n    def check_json_value(response: requests.models.Response, field_name: str, expected_value):\n        \"\"\"\n        :param response: requests.models.Response\n        :param field_name:\n        :param expected_value:\n        \"\"\"\n        check = response.json()\n        check_info = check.get(field_name)\n        with allure.step(\n                f'Compare result request with expected value:'\n                f'\\nResponse: {response}\\nField name: {field_name}\\nValue: {expected_value}'):\n>           assert check_info == expected_value, 'Result is not equal expected value'\nE           AssertionError: Result is not equal expected value\n\ntests_api/utils/checking.py:57: AssertionError",
  "flaky" : false,
  "newFailed" : false,
  "beforeStages" : [ ],
  "testStage" : {
    "status" : "failed",
    "statusMessage" : "AssertionError: Result is not equal expected value",
    "statusTrace" : "self = <tests_api.test_bd.TestPOST object at 0x7fc25d41c590>\n\n    @allure.title('POST checking ports_len negative len')\n    def test_post_checking_ports_len_negative_len(self):\n        result = API.post_create_docker_container_checking_ports(\n            token=TestPOST.token,\n            port_len=\"80,81,82,83,84,85,86,87,88,89,90\")\n        Checking.check_status_code(result, 400)\n>       Checking.check_json_value(result, 'msg', 'msg[]: ports range is too wide')\n\ntests_api/test_bd.py:391: \n_ _ _ _ _ _ _ _ _ _ _ _ _ _ _ _ _ _ _ _ _ _ _ _ _ _ _ _ _ _ _ _ _ _ _ _ _ _ _ _ \n\nresponse = <Response [400]>, field_name = 'msg'\nexpected_value = 'msg[]: ports range is too wide'\n\n    @staticmethod\n    def check_json_value(response: requests.models.Response, field_name: str, expected_value):\n        \"\"\"\n        :param response: requests.models.Response\n        :param field_name:\n        :param expected_value:\n        \"\"\"\n        check = response.json()\n        check_info = check.get(field_name)\n        with allure.step(\n                f'Compare result request with expected value:'\n                f'\\nResponse: {response}\\nField name: {field_name}\\nValue: {expected_value}'):\n>           assert check_info == expected_value, 'Result is not equal expected value'\nE           AssertionError: Result is not equal expected value\n\ntests_api/utils/checking.py:57: AssertionError",
    "steps" : [ {
      "name" : "post_create_docker_container",
      "time" : {
        "start" : 1743644477355,
        "stop" : 1743644477851,
        "duration" : 496
      },
      "status" : "passed",
      "steps" : [ {
        "name" : "Endpoint: /container_create",
        "time" : {
          "start" : 1743644477851,
          "stop" : 1743644477851,
          "duration" : 0
        },
        "status" : "passed",
        "steps" : [ ],
        "attachments" : [ ],
        "parameters" : [ ],
        "stepsCount" : 0,
        "attachmentsCount" : 0,
        "shouldDisplayMessage" : false,
        "hasContent" : false
      }, {
        "name" : "Request:",
        "time" : {
          "start" : 1743644477851,
          "stop" : 1743644477851,
          "duration" : 0
        },
        "status" : "passed",
        "steps" : [ {
          "name" : "Headers: {'Content-Type': 'application/json', 'Authorization': 'd35fd94e-f4f7-4f1b-9514-b72e6d45c524'}",
          "time" : {
            "start" : 1743644477851,
            "stop" : 1743644477851,
            "duration" : 0
          },
          "status" : "passed",
          "steps" : [ ],
          "attachments" : [ ],
          "parameters" : [ ],
          "stepsCount" : 0,
          "attachmentsCount" : 0,
          "shouldDisplayMessage" : false,
          "hasContent" : false
        }, {
          "name" : "Body: {\"docker_image\": \"nginx\", \"int_ports\": f\"80,81,82,83,84,85,86,87,88,89,90\", \"env\": 3, \"region\": 3}",
          "time" : {
            "start" : 1743644477851,
            "stop" : 1743644477851,
            "duration" : 0
          },
          "status" : "passed",
          "steps" : [ ],
          "attachments" : [ ],
          "parameters" : [ ],
          "stepsCount" : 0,
          "attachmentsCount" : 0,
          "shouldDisplayMessage" : false,
          "hasContent" : false
        } ],
        "attachments" : [ ],
        "parameters" : [ ],
        "stepsCount" : 2,
        "attachmentsCount" : 0,
        "shouldDisplayMessage" : false,
        "hasContent" : true
      }, {
        "name" : "Response:",
        "time" : {
          "start" : 1743644477851,
          "stop" : 1743644477851,
          "duration" : 0
        },
        "status" : "passed",
        "steps" : [ {
          "name" : "Status code: 400",
          "time" : {
            "start" : 1743644477851,
            "stop" : 1743644477851,
            "duration" : 0
          },
          "status" : "passed",
          "steps" : [ ],
          "attachments" : [ ],
          "parameters" : [ ],
          "stepsCount" : 0,
          "attachmentsCount" : 0,
          "shouldDisplayMessage" : false,
          "hasContent" : false
        }, {
          "name" : "JSON: {\n    \"msg_code\": -1,\n    \"msg\": \"endpoint is disabled\"\n}\n",
          "time" : {
            "start" : 1743644477851,
            "stop" : 1743644477851,
            "duration" : 0
          },
          "status" : "passed",
          "steps" : [ ],
          "attachments" : [ ],
          "parameters" : [ ],
          "stepsCount" : 0,
          "attachmentsCount" : 0,
          "shouldDisplayMessage" : false,
          "hasContent" : false
        } ],
        "attachments" : [ ],
        "parameters" : [ ],
        "stepsCount" : 2,
        "attachmentsCount" : 0,
        "shouldDisplayMessage" : false,
        "hasContent" : true
      } ],
      "attachments" : [ ],
      "parameters" : [ ],
      "stepsCount" : 7,
      "attachmentsCount" : 0,
      "shouldDisplayMessage" : false,
      "hasContent" : true
    }, {
      "name" : "Assert status code: 400 == Response status code: 400",
      "time" : {
        "start" : 1743644477851,
        "stop" : 1743644477851,
        "duration" : 0
      },
      "status" : "passed",
      "steps" : [ ],
      "attachments" : [ ],
      "parameters" : [ ],
      "stepsCount" : 0,
      "attachmentsCount" : 0,
      "shouldDisplayMessage" : false,
      "hasContent" : false
    }, {
      "name" : "Compare result request with expected value:\nResponse: <Response [400]>\nField name: msg\nValue: msg[]: ports range is too wide",
      "time" : {
        "start" : 1743644477851,
        "stop" : 1743644477851,
        "duration" : 0
      },
      "status" : "failed",
      "statusMessage" : "AssertionError: Result is not equal expected value\n",
      "statusTrace" : "  File \"/home/runner/work/Oblache/Oblache/tests_api/utils/checking.py\", line 57, in check_json_value\n    assert check_info == expected_value, 'Result is not equal expected value'\n           ^^^^^^^^^^^^^^^^^^^^^^^^^^^^\n",
      "steps" : [ ],
      "attachments" : [ ],
      "parameters" : [ ],
      "stepsCount" : 0,
      "attachmentsCount" : 0,
      "shouldDisplayMessage" : true,
      "hasContent" : true
    } ],
    "attachments" : [ ],
    "parameters" : [ ],
    "stepsCount" : 10,
    "attachmentsCount" : 0,
    "shouldDisplayMessage" : true,
    "hasContent" : true
  },
  "afterStages" : [ ],
  "labels" : [ {
    "name" : "suite",
    "value" : "POST"
  }, {
    "name" : "parentSuite",
    "value" : "tests_api"
  }, {
    "name" : "subSuite",
    "value" : "TestPOST"
  }, {
    "name" : "host",
    "value" : "fv-az1376-254"
  }, {
    "name" : "thread",
    "value" : "2537-MainThread"
  }, {
    "name" : "framework",
    "value" : "pytest"
  }, {
    "name" : "language",
    "value" : "cpython3"
  }, {
    "name" : "package",
    "value" : "tests_api.test_bd"
  }, {
    "name" : "resultFormat",
    "value" : "allure2"
  } ],
  "parameters" : [ ],
  "links" : [ ],
  "hidden" : false,
  "retry" : false,
  "extra" : {
    "severity" : "normal",
    "retries" : [ ],
    "categories" : [ {
      "name" : "Product defects",
      "matchedStatuses" : [ ],
      "flaky" : false
    } ],
    "history" : {
      "statistic" : {
        "failed" : 162,
        "broken" : 3,
        "skipped" : 0,
        "passed" : 70,
        "unknown" : 0,
        "total" : 235
      },
      "items" : [ {
        "uid" : "46fc9dc0d3699a3a",
        "reportUrl" : "https://Areso.github.io/Oblache/356//#testresult/46fc9dc0d3699a3a",
        "status" : "failed",
        "statusDetails" : "AssertionError: Result is not equal expected value",
        "time" : {
          "start" : 1743558143331,
          "stop" : 1743558143648,
          "duration" : 317
        }
      }, {
        "uid" : "517969ff1a226aa1",
        "reportUrl" : "https://Areso.github.io/Oblache/355//#testresult/517969ff1a226aa1",
        "status" : "failed",
        "statusDetails" : "AssertionError: Result is not equal expected value",
        "time" : {
          "start" : 1743472327531,
          "stop" : 1743472328045,
          "duration" : 514
        }
      }, {
        "uid" : "9dfc278f62543238",
        "reportUrl" : "https://Areso.github.io/Oblache/354//#testresult/9dfc278f62543238",
        "status" : "failed",
        "statusDetails" : "AssertionError: Result is not equal expected value",
        "time" : {
          "start" : 1743385566908,
          "stop" : 1743385567414,
          "duration" : 506
        }
      }, {
        "uid" : "db3e3538c0dc9c83",
        "reportUrl" : "https://Areso.github.io/Oblache/353//#testresult/db3e3538c0dc9c83",
        "status" : "failed",
        "statusDetails" : "AssertionError: Result is not equal expected value",
        "time" : {
          "start" : 1743299263602,
          "stop" : 1743299264114,
          "duration" : 512
        }
      }, {
        "uid" : "a39a5a86f6b551b",
        "reportUrl" : "https://Areso.github.io/Oblache/352//#testresult/a39a5a86f6b551b",
        "status" : "failed",
        "statusDetails" : "AssertionError: Result is not equal expected value",
        "time" : {
          "start" : 1743212363617,
          "stop" : 1743212363929,
          "duration" : 312
        }
      }, {
        "uid" : "a92f93aae96329fa",
        "reportUrl" : "https://Areso.github.io/Oblache/351//#testresult/a92f93aae96329fa",
        "status" : "failed",
        "statusDetails" : "AssertionError: Result is not equal expected value",
        "time" : {
          "start" : 1743126028030,
          "stop" : 1743126028346,
          "duration" : 316
        }
      }, {
        "uid" : "f5ca4690a30d3346",
        "reportUrl" : "https://Areso.github.io/Oblache/350//#testresult/f5ca4690a30d3346",
        "status" : "failed",
        "statusDetails" : "AssertionError: Result is not equal expected value",
        "time" : {
          "start" : 1743039609736,
          "stop" : 1743039610056,
          "duration" : 320
        }
      }, {
        "uid" : "2b0d40b11275f512",
        "reportUrl" : "https://Areso.github.io/Oblache/349//#testresult/2b0d40b11275f512",
        "status" : "failed",
        "statusDetails" : "AssertionError: Result is not equal expected value",
        "time" : {
          "start" : 1742953247975,
          "stop" : 1742953248482,
          "duration" : 507
        }
      }, {
        "uid" : "28dccffac6ecdccd",
        "reportUrl" : "https://Areso.github.io/Oblache/348//#testresult/28dccffac6ecdccd",
        "status" : "failed",
        "statusDetails" : "AssertionError: Result is not equal expected value",
        "time" : {
          "start" : 1742866867728,
          "stop" : 1742866868045,
          "duration" : 317
        }
      }, {
        "uid" : "a3d98151ff23697c",
        "reportUrl" : "https://Areso.github.io/Oblache/347//#testresult/a3d98151ff23697c",
        "status" : "failed",
        "statusDetails" : "AssertionError: Result is not equal expected value",
        "time" : {
          "start" : 1742780595182,
          "stop" : 1742780595550,
          "duration" : 368
        }
      }, {
        "uid" : "ba427bb9e7b44dd6",
        "reportUrl" : "https://Areso.github.io/Oblache/346//#testresult/ba427bb9e7b44dd6",
        "status" : "failed",
        "statusDetails" : "AssertionError: Result is not equal expected value",
        "time" : {
          "start" : 1742694305026,
          "stop" : 1742694305327,
          "duration" : 301
        }
      }, {
        "uid" : "2e98c1355f3002aa",
        "reportUrl" : "https://Areso.github.io/Oblache/345//#testresult/2e98c1355f3002aa",
        "status" : "failed",
        "statusDetails" : "AssertionError: Result is not equal expected value",
        "time" : {
          "start" : 1742607477808,
          "stop" : 1742607478125,
          "duration" : 317
        }
      }, {
        "uid" : "22a22c4bdbf1742f",
        "reportUrl" : "https://Areso.github.io/Oblache/344//#testresult/22a22c4bdbf1742f",
        "status" : "failed",
        "statusDetails" : "AssertionError: Result is not equal expected value",
        "time" : {
          "start" : 1742521227530,
          "stop" : 1742521227887,
          "duration" : 357
        }
      }, {
        "uid" : "a11ec6114c23fbe7",
        "reportUrl" : "https://Areso.github.io/Oblache/343//#testresult/a11ec6114c23fbe7",
        "status" : "failed",
        "statusDetails" : "AssertionError: Result is not equal expected value",
        "time" : {
          "start" : 1742434728702,
          "stop" : 1742434729021,
          "duration" : 319
        }
      }, {
        "uid" : "1359209d872ab447",
        "reportUrl" : "https://Areso.github.io/Oblache/342//#testresult/1359209d872ab447",
        "status" : "failed",
        "statusDetails" : "AssertionError: Result is not equal expected value",
        "time" : {
          "start" : 1742348395601,
          "stop" : 1742348395919,
          "duration" : 318
        }
      }, {
        "uid" : "2da8d66f2eb5562e",
        "reportUrl" : "https://Areso.github.io/Oblache/341//#testresult/2da8d66f2eb5562e",
        "status" : "failed",
        "statusDetails" : "AssertionError: Result is not equal expected value",
        "time" : {
          "start" : 1742261975248,
          "stop" : 1742261975564,
          "duration" : 316
        }
      }, {
        "uid" : "7c5144b7be49184b",
        "reportUrl" : "https://Areso.github.io/Oblache/340//#testresult/7c5144b7be49184b",
        "status" : "failed",
        "statusDetails" : "AssertionError: Result is not equal expected value",
        "time" : {
          "start" : 1742175711431,
          "stop" : 1742175711942,
          "duration" : 511
        }
      }, {
        "uid" : "e295562541f75e78",
        "reportUrl" : "https://Areso.github.io/Oblache/339//#testresult/e295562541f75e78",
        "status" : "failed",
        "statusDetails" : "AssertionError: Result is not equal expected value",
        "time" : {
          "start" : 1742089466642,
          "stop" : 1742089467159,
          "duration" : 517
        }
      }, {
        "uid" : "c4a2d0a64a5bfe3c",
        "reportUrl" : "https://Areso.github.io/Oblache/338//#testresult/c4a2d0a64a5bfe3c",
        "status" : "failed",
        "statusDetails" : "AssertionError: Result is not equal expected value",
        "time" : {
          "start" : 1742002609475,
          "stop" : 1742002609791,
          "duration" : 316
        }
      }, {
        "uid" : "3db2f9f28fd2d691",
        "reportUrl" : "https://Areso.github.io/Oblache/337//#testresult/3db2f9f28fd2d691",
        "status" : "failed",
        "statusDetails" : "AssertionError: Result is not equal expected value",
        "time" : {
          "start" : 1741916257197,
          "stop" : 1741916257573,
          "duration" : 376
        }
      } ]
    },
    "tags" : [ ]
  },
  "source" : "1f2ad38aa296ec4e.json",
  "parameterValues" : [ ]
}