{
  "uid" : "8f473e73dbe40481",
  "name" : "Post db_create with wrong region.",
  "fullName" : "tests_api.test_bd.TestPOST#test_post_db_create_with_wrong_values_region",
  "historyId" : "856aa6401c668dd622a03a1da3937968",
  "time" : {
    "start" : 1712344876424,
    "stop" : 1712344876932,
    "duration" : 508
  },
  "status" : "failed",
  "statusMessage" : "AssertionError: Incorrect status code",
  "statusTrace" : "self = <tests_api.test_bd.TestPOST object at 0x7f1fcb385550>\n\n    @allure.title('Post db_create with wrong region.')\n    def test_post_db_create_with_wrong_values_region(self):\n        result_post_db_list = API.post_db_create_wrong_value_region(ConnectionData.token)\n>       Checking.check_status_code(result_post_db_list, 400)\n\ntests_api/test_bd.py:238: \n_ _ _ _ _ _ _ _ _ _ _ _ _ _ _ _ _ _ _ _ _ _ _ _ _ _ _ _ _ _ _ _ _ _ _ _ _ _ _ _ \n\nresult = <Response [403]>, status_code = 400\n\n    @staticmethod\n    def check_status_code(result: requests.models.Response, status_code: int):\n        \"\"\"\n        Method check status code\n        :param result: Response JSON\n        :param status_code:\n        \"\"\"\n        with allure.step(f'Assert status code: {status_code} == Response status code: {result.status_code}'):\n>           assert status_code == result.status_code, 'Incorrect status code'\nE           AssertionError: Incorrect status code\n\ntests_api/utils/checking.py:18: AssertionError",
  "flaky" : false,
  "newFailed" : false,
  "beforeStages" : [ ],
  "testStage" : {
    "status" : "failed",
    "statusMessage" : "AssertionError: Incorrect status code",
    "statusTrace" : "self = <tests_api.test_bd.TestPOST object at 0x7f1fcb385550>\n\n    @allure.title('Post db_create with wrong region.')\n    def test_post_db_create_with_wrong_values_region(self):\n        result_post_db_list = API.post_db_create_wrong_value_region(ConnectionData.token)\n>       Checking.check_status_code(result_post_db_list, 400)\n\ntests_api/test_bd.py:238: \n_ _ _ _ _ _ _ _ _ _ _ _ _ _ _ _ _ _ _ _ _ _ _ _ _ _ _ _ _ _ _ _ _ _ _ _ _ _ _ _ \n\nresult = <Response [403]>, status_code = 400\n\n    @staticmethod\n    def check_status_code(result: requests.models.Response, status_code: int):\n        \"\"\"\n        Method check status code\n        :param result: Response JSON\n        :param status_code:\n        \"\"\"\n        with allure.step(f'Assert status code: {status_code} == Response status code: {result.status_code}'):\n>           assert status_code == result.status_code, 'Incorrect status code'\nE           AssertionError: Incorrect status code\n\ntests_api/utils/checking.py:18: AssertionError",
    "steps" : [ {
      "name" : "post_db_create_wrong_value_region",
      "time" : {
        "start" : 1712344876424,
        "stop" : 1712344876931,
        "duration" : 507
      },
      "status" : "passed",
      "steps" : [ {
        "name" : "POST https://dbend.areso.pro/db_create, body: {'dbtype': 3, 'dbversion': 5, 'env': 3, 'region': 61}",
        "time" : {
          "start" : 1712344876424,
          "stop" : 1712344876931,
          "duration" : 507
        },
        "status" : "passed",
        "steps" : [ {
          "name" : "Status code: 403",
          "time" : {
            "start" : 1712344876931,
            "stop" : 1712344876931,
            "duration" : 0
          },
          "status" : "passed",
          "steps" : [ ],
          "attachments" : [ ],
          "parameters" : [ ],
          "stepsCount" : 0,
          "attachmentsCount" : 0,
          "shouldDisplayMessage" : false,
          "hasContent" : false
        }, {
          "name" : "Params url: https://dbend.areso.pro/db_create",
          "time" : {
            "start" : 1712344876931,
            "stop" : 1712344876931,
            "duration" : 0
          },
          "status" : "passed",
          "steps" : [ ],
          "attachments" : [ ],
          "parameters" : [ ],
          "stepsCount" : 0,
          "attachmentsCount" : 0,
          "shouldDisplayMessage" : false,
          "hasContent" : false
        } ],
        "attachments" : [ ],
        "parameters" : [ ],
        "stepsCount" : 2,
        "attachmentsCount" : 0,
        "shouldDisplayMessage" : false,
        "hasContent" : true
      }, {
        "name" : "Response JSON: {\n    \"content\": \"you are not allowed to create new databases\"\n}\n",
        "time" : {
          "start" : 1712344876931,
          "stop" : 1712344876931,
          "duration" : 0
        },
        "status" : "passed",
        "steps" : [ ],
        "attachments" : [ ],
        "parameters" : [ ],
        "stepsCount" : 0,
        "attachmentsCount" : 0,
        "shouldDisplayMessage" : false,
        "hasContent" : false
      } ],
      "attachments" : [ ],
      "parameters" : [ ],
      "stepsCount" : 4,
      "attachmentsCount" : 0,
      "shouldDisplayMessage" : false,
      "hasContent" : true
    }, {
      "name" : "Assert status code: 400 == Response status code: 403",
      "time" : {
        "start" : 1712344876931,
        "stop" : 1712344876931,
        "duration" : 0
      },
      "status" : "failed",
      "statusMessage" : "AssertionError: Incorrect status code\n",
      "statusTrace" : "  File \"/home/runner/work/Oblache/Oblache/tests_api/utils/checking.py\", line 18, in check_status_code\n    assert status_code == result.status_code, 'Incorrect status code'\n",
      "steps" : [ ],
      "attachments" : [ ],
      "parameters" : [ ],
      "stepsCount" : 0,
      "attachmentsCount" : 0,
      "shouldDisplayMessage" : true,
      "hasContent" : true
    } ],
    "attachments" : [ ],
    "parameters" : [ ],
    "stepsCount" : 6,
    "attachmentsCount" : 0,
    "shouldDisplayMessage" : true,
    "hasContent" : true
  },
  "afterStages" : [ ],
  "labels" : [ {
    "name" : "epic",
    "value" : "POST REQUESTS"
  }, {
    "name" : "suite",
    "value" : "POST"
  }, {
    "name" : "parentSuite",
    "value" : "tests_api"
  }, {
    "name" : "subSuite",
    "value" : "TestPOST"
  }, {
    "name" : "host",
    "value" : "fv-az1543-340"
  }, {
    "name" : "thread",
    "value" : "2305-MainThread"
  }, {
    "name" : "framework",
    "value" : "pytest"
  }, {
    "name" : "language",
    "value" : "cpython3"
  }, {
    "name" : "package",
    "value" : "tests_api.test_bd"
  }, {
    "name" : "resultFormat",
    "value" : "allure2"
  } ],
  "parameters" : [ ],
  "links" : [ ],
  "hidden" : false,
  "retry" : false,
  "extra" : {
    "severity" : "normal",
    "retries" : [ ],
    "categories" : [ {
      "name" : "Product defects",
      "matchedStatuses" : [ ],
      "flaky" : false
    } ],
    "history" : {
      "statistic" : {
        "failed" : 4,
        "broken" : 0,
        "skipped" : 0,
        "passed" : 0,
        "unknown" : 0,
        "total" : 4
      },
      "items" : [ {
        "uid" : "eb680ed50e61f285",
        "reportUrl" : "https://Areso.github.io/Oblache/83//#testresult/eb680ed50e61f285",
        "status" : "failed",
        "statusDetails" : "AssertionError: Incorrect status code",
        "time" : {
          "start" : 1712180641042,
          "stop" : 1712180641587,
          "duration" : 545
        }
      }, {
        "uid" : "3c504fac6550be69",
        "reportUrl" : "https://Areso.github.io/Oblache/81//#testresult/3c504fac6550be69",
        "status" : "failed",
        "statusDetails" : "AssertionError: Incorrect status code",
        "time" : {
          "start" : 1712180271675,
          "stop" : 1712180272220,
          "duration" : 545
        }
      }, {
        "uid" : "f2d7057c423c3a82",
        "reportUrl" : "https://Areso.github.io/Oblache/82//#testresult/f2d7057c423c3a82",
        "status" : "failed",
        "statusDetails" : "AssertionError: Incorrect status code",
        "time" : {
          "start" : 1712179392058,
          "stop" : 1712179392359,
          "duration" : 301
        }
      } ]
    },
    "tags" : [ ]
  },
  "source" : "8f473e73dbe40481.json",
  "parameterValues" : [ ]
}