{
  "uid" : "95aa59d92ae78fa6",
  "name" : "POST create_docker_container_without_token",
  "fullName" : "tests_api.test_bd.TestPOST#test_post_create_docker_with_defunct_image",
  "historyId" : "346493b9ad20460bc067ba466e60ac88",
  "time" : {
    "start" : 1739756213484,
    "stop" : 1739756214021,
    "duration" : 537
  },
  "status" : "failed",
  "statusMessage" : "AssertionError: Result is not equal expected value",
  "statusTrace" : "self = <tests_api.test_bd.TestPOST object at 0x7fa336ea61b0>\n\n    @allure.title('POST create_docker_container_without_token')\n    def test_post_create_docker_with_defunct_image(self):\n        result = API.post_create_docker_container_with_defunct_image(token=TestPOST.token)\n        Checking.check_status_code(result, 400)\n>       Checking.check_json_value(result, 'msg', \"msg[]: the image doesn't found in the DockerHub\")\n\ntests_api/test_bd.py:411: \n_ _ _ _ _ _ _ _ _ _ _ _ _ _ _ _ _ _ _ _ _ _ _ _ _ _ _ _ _ _ _ _ _ _ _ _ _ _ _ _ \n\nresponse = <Response [400]>, field_name = 'msg'\nexpected_value = \"msg[]: the image doesn't found in the DockerHub\"\n\n    @staticmethod\n    def check_json_value(response: requests.models.Response, field_name: str, expected_value):\n        \"\"\"\n        :param response: requests.models.Response\n        :param field_name:\n        :param expected_value:\n        \"\"\"\n        check = response.json()\n        check_info = check.get(field_name)\n        with allure.step(\n                f'Compare result request with expected value:'\n                f'\\nResponse: {response}\\nField name: {field_name}\\nValue: {expected_value}'):\n>           assert check_info == expected_value, 'Result is not equal expected value'\nE           AssertionError: Result is not equal expected value\n\ntests_api/utils/checking.py:57: AssertionError",
  "flaky" : false,
  "newFailed" : false,
  "beforeStages" : [ ],
  "testStage" : {
    "status" : "failed",
    "statusMessage" : "AssertionError: Result is not equal expected value",
    "statusTrace" : "self = <tests_api.test_bd.TestPOST object at 0x7fa336ea61b0>\n\n    @allure.title('POST create_docker_container_without_token')\n    def test_post_create_docker_with_defunct_image(self):\n        result = API.post_create_docker_container_with_defunct_image(token=TestPOST.token)\n        Checking.check_status_code(result, 400)\n>       Checking.check_json_value(result, 'msg', \"msg[]: the image doesn't found in the DockerHub\")\n\ntests_api/test_bd.py:411: \n_ _ _ _ _ _ _ _ _ _ _ _ _ _ _ _ _ _ _ _ _ _ _ _ _ _ _ _ _ _ _ _ _ _ _ _ _ _ _ _ \n\nresponse = <Response [400]>, field_name = 'msg'\nexpected_value = \"msg[]: the image doesn't found in the DockerHub\"\n\n    @staticmethod\n    def check_json_value(response: requests.models.Response, field_name: str, expected_value):\n        \"\"\"\n        :param response: requests.models.Response\n        :param field_name:\n        :param expected_value:\n        \"\"\"\n        check = response.json()\n        check_info = check.get(field_name)\n        with allure.step(\n                f'Compare result request with expected value:'\n                f'\\nResponse: {response}\\nField name: {field_name}\\nValue: {expected_value}'):\n>           assert check_info == expected_value, 'Result is not equal expected value'\nE           AssertionError: Result is not equal expected value\n\ntests_api/utils/checking.py:57: AssertionError",
    "steps" : [ {
      "name" : "post_create_docker_container_with_defunct_image",
      "time" : {
        "start" : 1739756213484,
        "stop" : 1739756214021,
        "duration" : 537
      },
      "status" : "passed",
      "steps" : [ {
        "name" : "Endpoint: /container_create",
        "time" : {
          "start" : 1739756214020,
          "stop" : 1739756214020,
          "duration" : 0
        },
        "status" : "passed",
        "steps" : [ ],
        "attachments" : [ ],
        "parameters" : [ ],
        "stepsCount" : 0,
        "attachmentsCount" : 0,
        "shouldDisplayMessage" : false,
        "hasContent" : false
      }, {
        "name" : "Request:",
        "time" : {
          "start" : 1739756214020,
          "stop" : 1739756214021,
          "duration" : 1
        },
        "status" : "passed",
        "steps" : [ {
          "name" : "Url: https://dbend.areso.pro/container_create",
          "time" : {
            "start" : 1739756214020,
            "stop" : 1739756214020,
            "duration" : 0
          },
          "status" : "passed",
          "steps" : [ ],
          "attachments" : [ ],
          "parameters" : [ ],
          "stepsCount" : 0,
          "attachmentsCount" : 0,
          "shouldDisplayMessage" : false,
          "hasContent" : false
        }, {
          "name" : "Headers: {'Content-Type': 'application/json', 'Authorization': '76089185-e37f-4ab5-8888-2a52c8a28161'}",
          "time" : {
            "start" : 1739756214020,
            "stop" : 1739756214020,
            "duration" : 0
          },
          "status" : "passed",
          "steps" : [ ],
          "attachments" : [ ],
          "parameters" : [ ],
          "stepsCount" : 0,
          "attachmentsCount" : 0,
          "shouldDisplayMessage" : false,
          "hasContent" : false
        }, {
          "name" : "Body: {\"docker_image\": \"\", \"int_ports\": \"80\", \"env\": 3, \"region\": 3}",
          "time" : {
            "start" : 1739756214020,
            "stop" : 1739756214021,
            "duration" : 1
          },
          "status" : "passed",
          "steps" : [ ],
          "attachments" : [ ],
          "parameters" : [ ],
          "stepsCount" : 0,
          "attachmentsCount" : 0,
          "shouldDisplayMessage" : false,
          "hasContent" : false
        } ],
        "attachments" : [ ],
        "parameters" : [ ],
        "stepsCount" : 3,
        "attachmentsCount" : 0,
        "shouldDisplayMessage" : false,
        "hasContent" : true
      }, {
        "name" : "Response:",
        "time" : {
          "start" : 1739756214021,
          "stop" : 1739756214021,
          "duration" : 0
        },
        "status" : "passed",
        "steps" : [ {
          "name" : "Status code: 400",
          "time" : {
            "start" : 1739756214021,
            "stop" : 1739756214021,
            "duration" : 0
          },
          "status" : "passed",
          "steps" : [ ],
          "attachments" : [ ],
          "parameters" : [ ],
          "stepsCount" : 0,
          "attachmentsCount" : 0,
          "shouldDisplayMessage" : false,
          "hasContent" : false
        }, {
          "name" : "JSON: {\n    \"msg_code\": -1,\n    \"msg\": \"endpoint is disabled\"\n}\n",
          "time" : {
            "start" : 1739756214021,
            "stop" : 1739756214021,
            "duration" : 0
          },
          "status" : "passed",
          "steps" : [ ],
          "attachments" : [ ],
          "parameters" : [ ],
          "stepsCount" : 0,
          "attachmentsCount" : 0,
          "shouldDisplayMessage" : false,
          "hasContent" : false
        } ],
        "attachments" : [ ],
        "parameters" : [ ],
        "stepsCount" : 2,
        "attachmentsCount" : 0,
        "shouldDisplayMessage" : false,
        "hasContent" : true
      } ],
      "attachments" : [ ],
      "parameters" : [ ],
      "stepsCount" : 8,
      "attachmentsCount" : 0,
      "shouldDisplayMessage" : false,
      "hasContent" : true
    }, {
      "name" : "Assert status code: 400 == Response status code: 400",
      "time" : {
        "start" : 1739756214021,
        "stop" : 1739756214021,
        "duration" : 0
      },
      "status" : "passed",
      "steps" : [ ],
      "attachments" : [ ],
      "parameters" : [ ],
      "stepsCount" : 0,
      "attachmentsCount" : 0,
      "shouldDisplayMessage" : false,
      "hasContent" : false
    }, {
      "name" : "Compare result request with expected value:\nResponse: <Response [400]>\nField name: msg\nValue: msg[]: the image doesn't found in the DockerHub",
      "time" : {
        "start" : 1739756214021,
        "stop" : 1739756214021,
        "duration" : 0
      },
      "status" : "failed",
      "statusMessage" : "AssertionError: Result is not equal expected value\n",
      "statusTrace" : "  File \"/home/runner/work/Oblache/Oblache/tests_api/utils/checking.py\", line 57, in check_json_value\n    assert check_info == expected_value, 'Result is not equal expected value'\n           ^^^^^^^^^^^^^^^^^^^^^^^^^^^^\n",
      "steps" : [ ],
      "attachments" : [ ],
      "parameters" : [ ],
      "stepsCount" : 0,
      "attachmentsCount" : 0,
      "shouldDisplayMessage" : true,
      "hasContent" : true
    } ],
    "attachments" : [ ],
    "parameters" : [ ],
    "stepsCount" : 11,
    "attachmentsCount" : 0,
    "shouldDisplayMessage" : true,
    "hasContent" : true
  },
  "afterStages" : [ ],
  "labels" : [ {
    "name" : "suite",
    "value" : "POST"
  }, {
    "name" : "parentSuite",
    "value" : "tests_api"
  }, {
    "name" : "subSuite",
    "value" : "TestPOST"
  }, {
    "name" : "host",
    "value" : "fv-az1344-816"
  }, {
    "name" : "thread",
    "value" : "2429-MainThread"
  }, {
    "name" : "framework",
    "value" : "pytest"
  }, {
    "name" : "language",
    "value" : "cpython3"
  }, {
    "name" : "package",
    "value" : "tests_api.test_bd"
  }, {
    "name" : "resultFormat",
    "value" : "allure2"
  } ],
  "parameters" : [ ],
  "links" : [ ],
  "hidden" : false,
  "retry" : false,
  "extra" : {
    "severity" : "normal",
    "retries" : [ ],
    "categories" : [ {
      "name" : "Product defects",
      "matchedStatuses" : [ ],
      "flaky" : false
    } ],
    "history" : {
      "statistic" : {
        "failed" : 117,
        "broken" : 3,
        "skipped" : 0,
        "passed" : 70,
        "unknown" : 0,
        "total" : 190
      },
      "items" : [ {
        "uid" : "83c0c43c8ff12dd",
        "reportUrl" : "https://Areso.github.io/Oblache/311//#testresult/83c0c43c8ff12dd",
        "status" : "failed",
        "statusDetails" : "AssertionError: Result is not equal expected value",
        "time" : {
          "start" : 1739670007331,
          "stop" : 1739670007849,
          "duration" : 518
        }
      }, {
        "uid" : "7924722832f57a9",
        "reportUrl" : "https://Areso.github.io/Oblache/310//#testresult/7924722832f57a9",
        "status" : "failed",
        "statusDetails" : "AssertionError: Result is not equal expected value",
        "time" : {
          "start" : 1739582718980,
          "stop" : 1739582719339,
          "duration" : 359
        }
      }, {
        "uid" : "fc69b93c8f7b55c8",
        "reportUrl" : "https://Areso.github.io/Oblache/309//#testresult/fc69b93c8f7b55c8",
        "status" : "failed",
        "statusDetails" : "AssertionError: Result is not equal expected value",
        "time" : {
          "start" : 1739496366604,
          "stop" : 1739496366928,
          "duration" : 324
        }
      }, {
        "uid" : "550f0bcd902f034c",
        "reportUrl" : "https://Areso.github.io/Oblache/308//#testresult/550f0bcd902f034c",
        "status" : "failed",
        "statusDetails" : "AssertionError: Result is not equal expected value",
        "time" : {
          "start" : 1739409995072,
          "stop" : 1739409995587,
          "duration" : 515
        }
      }, {
        "uid" : "d9549ec0e0867168",
        "reportUrl" : "https://Areso.github.io/Oblache/307//#testresult/d9549ec0e0867168",
        "status" : "failed",
        "statusDetails" : "AssertionError: Result is not equal expected value",
        "time" : {
          "start" : 1739323555359,
          "stop" : 1739323555675,
          "duration" : 316
        }
      }, {
        "uid" : "fe1b62cea10e21eb",
        "reportUrl" : "https://Areso.github.io/Oblache/306//#testresult/fe1b62cea10e21eb",
        "status" : "failed",
        "statusDetails" : "AssertionError: Incorrect status code: 504",
        "time" : {
          "start" : 1739240262394,
          "stop" : 1739240322703,
          "duration" : 60309
        }
      }, {
        "uid" : "c9416f99143d64be",
        "reportUrl" : "https://Areso.github.io/Oblache/305//#testresult/c9416f99143d64be",
        "status" : "failed",
        "statusDetails" : "AssertionError: Incorrect status code: 504",
        "time" : {
          "start" : 1739153927643,
          "stop" : 1739153987974,
          "duration" : 60331
        }
      }, {
        "uid" : "865d8847595eb543",
        "reportUrl" : "https://Areso.github.io/Oblache/304//#testresult/865d8847595eb543",
        "status" : "failed",
        "statusDetails" : "AssertionError: Incorrect status code: 504",
        "time" : {
          "start" : 1739068129459,
          "stop" : 1739068189850,
          "duration" : 60391
        }
      }, {
        "uid" : "6c5c3d9b5923f9ee",
        "reportUrl" : "https://Areso.github.io/Oblache/303//#testresult/6c5c3d9b5923f9ee",
        "status" : "failed",
        "statusDetails" : "AssertionError: Incorrect status code: 504",
        "time" : {
          "start" : 1738980944698,
          "stop" : 1738981005241,
          "duration" : 60543
        }
      }, {
        "uid" : "8790d0d279e0bbe7",
        "reportUrl" : "https://Areso.github.io/Oblache/302//#testresult/8790d0d279e0bbe7",
        "status" : "failed",
        "statusDetails" : "AssertionError: Incorrect status code: 504",
        "time" : {
          "start" : 1738894680190,
          "stop" : 1738894740694,
          "duration" : 60504
        }
      }, {
        "uid" : "448d3cc3cad2c968",
        "reportUrl" : "https://Areso.github.io/Oblache/301//#testresult/448d3cc3cad2c968",
        "status" : "failed",
        "statusDetails" : "AssertionError: Incorrect status code: 504",
        "time" : {
          "start" : 1738808276593,
          "stop" : 1738808336932,
          "duration" : 60339
        }
      }, {
        "uid" : "346e348f659d03e2",
        "reportUrl" : "https://Areso.github.io/Oblache/300//#testresult/346e348f659d03e2",
        "status" : "failed",
        "statusDetails" : "AssertionError: Incorrect status code: 504",
        "time" : {
          "start" : 1738721864822,
          "stop" : 1738721925172,
          "duration" : 60350
        }
      }, {
        "uid" : "bdd3187556e7188e",
        "reportUrl" : "https://Areso.github.io/Oblache/299//#testresult/bdd3187556e7188e",
        "status" : "failed",
        "statusDetails" : "AssertionError: Incorrect status code: 504",
        "time" : {
          "start" : 1738635395091,
          "stop" : 1738635455438,
          "duration" : 60347
        }
      }, {
        "uid" : "771656a5b3745875",
        "reportUrl" : "https://Areso.github.io/Oblache/298//#testresult/771656a5b3745875",
        "status" : "failed",
        "statusDetails" : "AssertionError: Incorrect status code: 504",
        "time" : {
          "start" : 1738549051526,
          "stop" : 1738549111836,
          "duration" : 60310
        }
      }, {
        "uid" : "cd6d0ad39114194f",
        "reportUrl" : "https://Areso.github.io/Oblache/297//#testresult/cd6d0ad39114194f",
        "status" : "failed",
        "statusDetails" : "AssertionError: Incorrect status code: 504",
        "time" : {
          "start" : 1738463245998,
          "stop" : 1738463306337,
          "duration" : 60339
        }
      }, {
        "uid" : "ce5eb0d7b0ddacd1",
        "reportUrl" : "https://Areso.github.io/Oblache/296//#testresult/ce5eb0d7b0ddacd1",
        "status" : "failed",
        "statusDetails" : "AssertionError: Result is not equal expected value",
        "time" : {
          "start" : 1738373787152,
          "stop" : 1738373787466,
          "duration" : 314
        }
      }, {
        "uid" : "3498181f65e1327",
        "reportUrl" : "https://Areso.github.io/Oblache/295//#testresult/3498181f65e1327",
        "status" : "failed",
        "statusDetails" : "AssertionError: Result is not equal expected value",
        "time" : {
          "start" : 1738286687391,
          "stop" : 1738286687741,
          "duration" : 350
        }
      }, {
        "uid" : "d3d2eb6e1260173a",
        "reportUrl" : "https://Areso.github.io/Oblache/294//#testresult/d3d2eb6e1260173a",
        "status" : "failed",
        "statusDetails" : "AssertionError: Result is not equal expected value",
        "time" : {
          "start" : 1738200189544,
          "stop" : 1738200189873,
          "duration" : 329
        }
      }, {
        "uid" : "985bf68a02d97ce",
        "reportUrl" : "https://Areso.github.io/Oblache/293//#testresult/985bf68a02d97ce",
        "status" : "failed",
        "statusDetails" : "AssertionError: Result is not equal expected value",
        "time" : {
          "start" : 1738113856472,
          "stop" : 1738113856982,
          "duration" : 510
        }
      }, {
        "uid" : "a4e538079213512f",
        "reportUrl" : "https://Areso.github.io/Oblache/292//#testresult/a4e538079213512f",
        "status" : "failed",
        "statusDetails" : "AssertionError: Result is not equal expected value",
        "time" : {
          "start" : 1738027445949,
          "stop" : 1738027446304,
          "duration" : 355
        }
      } ]
    },
    "tags" : [ ]
  },
  "source" : "95aa59d92ae78fa6.json",
  "parameterValues" : [ ]
}