{
  "uid" : "4e7dc1fb87f13801",
  "name" : "POST create_docker_container_without_token",
  "fullName" : "tests_api.test_bd.TestPOST#test_post_create_docker_with_defunct_image",
  "historyId" : "346493b9ad20460bc067ba466e60ac88",
  "time" : {
    "start" : 1736385990080,
    "stop" : 1736385990594,
    "duration" : 514
  },
  "status" : "failed",
  "statusMessage" : "AssertionError: Result is not equal expected value",
  "statusTrace" : "self = <tests_api.test_bd.TestPOST object at 0x7f62a19421e0>\n\n    @allure.title('POST create_docker_container_without_token')\n    def test_post_create_docker_with_defunct_image(self):\n        result = API.post_create_docker_container_with_defunct_image(token=TestPOST.token)\n        Checking.check_status_code(result, 400)\n>       Checking.check_json_value(result, 'msg', \"msg[]: the image doesn't found in the DockerHub\")\n\ntests_api/test_bd.py:411: \n_ _ _ _ _ _ _ _ _ _ _ _ _ _ _ _ _ _ _ _ _ _ _ _ _ _ _ _ _ _ _ _ _ _ _ _ _ _ _ _ \n\nresponse = <Response [400]>, field_name = 'msg'\nexpected_value = \"msg[]: the image doesn't found in the DockerHub\"\n\n    @staticmethod\n    def check_json_value(response: requests.models.Response, field_name: str, expected_value):\n        \"\"\"\n        :param response: requests.models.Response\n        :param field_name:\n        :param expected_value:\n        \"\"\"\n        check = response.json()\n        check_info = check.get(field_name)\n        with allure.step(\n                f'Compare result request with expected value:'\n                f'\\nResponse: {response}\\nField name: {field_name}\\nValue: {expected_value}'):\n>           assert check_info == expected_value, 'Result is not equal expected value'\nE           AssertionError: Result is not equal expected value\n\ntests_api/utils/checking.py:57: AssertionError",
  "flaky" : false,
  "newFailed" : false,
  "beforeStages" : [ ],
  "testStage" : {
    "status" : "failed",
    "statusMessage" : "AssertionError: Result is not equal expected value",
    "statusTrace" : "self = <tests_api.test_bd.TestPOST object at 0x7f62a19421e0>\n\n    @allure.title('POST create_docker_container_without_token')\n    def test_post_create_docker_with_defunct_image(self):\n        result = API.post_create_docker_container_with_defunct_image(token=TestPOST.token)\n        Checking.check_status_code(result, 400)\n>       Checking.check_json_value(result, 'msg', \"msg[]: the image doesn't found in the DockerHub\")\n\ntests_api/test_bd.py:411: \n_ _ _ _ _ _ _ _ _ _ _ _ _ _ _ _ _ _ _ _ _ _ _ _ _ _ _ _ _ _ _ _ _ _ _ _ _ _ _ _ \n\nresponse = <Response [400]>, field_name = 'msg'\nexpected_value = \"msg[]: the image doesn't found in the DockerHub\"\n\n    @staticmethod\n    def check_json_value(response: requests.models.Response, field_name: str, expected_value):\n        \"\"\"\n        :param response: requests.models.Response\n        :param field_name:\n        :param expected_value:\n        \"\"\"\n        check = response.json()\n        check_info = check.get(field_name)\n        with allure.step(\n                f'Compare result request with expected value:'\n                f'\\nResponse: {response}\\nField name: {field_name}\\nValue: {expected_value}'):\n>           assert check_info == expected_value, 'Result is not equal expected value'\nE           AssertionError: Result is not equal expected value\n\ntests_api/utils/checking.py:57: AssertionError",
    "steps" : [ {
      "name" : "post_create_docker_container_with_defunct_image",
      "time" : {
        "start" : 1736385990080,
        "stop" : 1736385990593,
        "duration" : 513
      },
      "status" : "passed",
      "steps" : [ {
        "name" : "Endpoint: /container_create",
        "time" : {
          "start" : 1736385990593,
          "stop" : 1736385990593,
          "duration" : 0
        },
        "status" : "passed",
        "steps" : [ ],
        "attachments" : [ ],
        "parameters" : [ ],
        "attachmentsCount" : 0,
        "shouldDisplayMessage" : false,
        "hasContent" : false,
        "stepsCount" : 0
      }, {
        "name" : "Request:",
        "time" : {
          "start" : 1736385990593,
          "stop" : 1736385990593,
          "duration" : 0
        },
        "status" : "passed",
        "steps" : [ {
          "name" : "Url: https://dbend.areso.pro/container_create",
          "time" : {
            "start" : 1736385990593,
            "stop" : 1736385990593,
            "duration" : 0
          },
          "status" : "passed",
          "steps" : [ ],
          "attachments" : [ ],
          "parameters" : [ ],
          "attachmentsCount" : 0,
          "shouldDisplayMessage" : false,
          "hasContent" : false,
          "stepsCount" : 0
        }, {
          "name" : "Headers: {'Content-Type': 'application/json', 'Authorization': '089025d8-2ad3-42a0-ba50-c081cc797fd8'}",
          "time" : {
            "start" : 1736385990593,
            "stop" : 1736385990593,
            "duration" : 0
          },
          "status" : "passed",
          "steps" : [ ],
          "attachments" : [ ],
          "parameters" : [ ],
          "attachmentsCount" : 0,
          "shouldDisplayMessage" : false,
          "hasContent" : false,
          "stepsCount" : 0
        }, {
          "name" : "Body: {\"docker_image\": \"\", \"int_ports\": \"80\", \"env\": 3, \"region\": 3}",
          "time" : {
            "start" : 1736385990593,
            "stop" : 1736385990593,
            "duration" : 0
          },
          "status" : "passed",
          "steps" : [ ],
          "attachments" : [ ],
          "parameters" : [ ],
          "attachmentsCount" : 0,
          "shouldDisplayMessage" : false,
          "hasContent" : false,
          "stepsCount" : 0
        } ],
        "attachments" : [ ],
        "parameters" : [ ],
        "attachmentsCount" : 0,
        "shouldDisplayMessage" : false,
        "hasContent" : true,
        "stepsCount" : 3
      }, {
        "name" : "Response:",
        "time" : {
          "start" : 1736385990593,
          "stop" : 1736385990593,
          "duration" : 0
        },
        "status" : "passed",
        "steps" : [ {
          "name" : "Status code: 400",
          "time" : {
            "start" : 1736385990593,
            "stop" : 1736385990593,
            "duration" : 0
          },
          "status" : "passed",
          "steps" : [ ],
          "attachments" : [ ],
          "parameters" : [ ],
          "attachmentsCount" : 0,
          "shouldDisplayMessage" : false,
          "hasContent" : false,
          "stepsCount" : 0
        }, {
          "name" : "JSON: {\n    \"msg_code\": -1,\n    \"msg\": \"endpoint is disabled\"\n}\n",
          "time" : {
            "start" : 1736385990593,
            "stop" : 1736385990593,
            "duration" : 0
          },
          "status" : "passed",
          "steps" : [ ],
          "attachments" : [ ],
          "parameters" : [ ],
          "attachmentsCount" : 0,
          "shouldDisplayMessage" : false,
          "hasContent" : false,
          "stepsCount" : 0
        } ],
        "attachments" : [ ],
        "parameters" : [ ],
        "attachmentsCount" : 0,
        "shouldDisplayMessage" : false,
        "hasContent" : true,
        "stepsCount" : 2
      } ],
      "attachments" : [ ],
      "parameters" : [ ],
      "attachmentsCount" : 0,
      "shouldDisplayMessage" : false,
      "hasContent" : true,
      "stepsCount" : 8
    }, {
      "name" : "Assert status code: 400 == Response status code: 400",
      "time" : {
        "start" : 1736385990593,
        "stop" : 1736385990593,
        "duration" : 0
      },
      "status" : "passed",
      "steps" : [ ],
      "attachments" : [ ],
      "parameters" : [ ],
      "attachmentsCount" : 0,
      "shouldDisplayMessage" : false,
      "hasContent" : false,
      "stepsCount" : 0
    }, {
      "name" : "Compare result request with expected value:\nResponse: <Response [400]>\nField name: msg\nValue: msg[]: the image doesn't found in the DockerHub",
      "time" : {
        "start" : 1736385990593,
        "stop" : 1736385990594,
        "duration" : 1
      },
      "status" : "failed",
      "statusMessage" : "AssertionError: Result is not equal expected value\n",
      "statusTrace" : "  File \"/home/runner/work/Oblache/Oblache/tests_api/utils/checking.py\", line 57, in check_json_value\n    assert check_info == expected_value, 'Result is not equal expected value'\n           ^^^^^^^^^^^^^^^^^^^^^^^^^^^^\n",
      "steps" : [ ],
      "attachments" : [ ],
      "parameters" : [ ],
      "attachmentsCount" : 0,
      "shouldDisplayMessage" : true,
      "hasContent" : true,
      "stepsCount" : 0
    } ],
    "attachments" : [ ],
    "parameters" : [ ],
    "attachmentsCount" : 0,
    "shouldDisplayMessage" : true,
    "hasContent" : true,
    "stepsCount" : 11
  },
  "afterStages" : [ ],
  "labels" : [ {
    "name" : "suite",
    "value" : "POST"
  }, {
    "name" : "parentSuite",
    "value" : "tests_api"
  }, {
    "name" : "subSuite",
    "value" : "TestPOST"
  }, {
    "name" : "host",
    "value" : "fv-az1288-865"
  }, {
    "name" : "thread",
    "value" : "2422-MainThread"
  }, {
    "name" : "framework",
    "value" : "pytest"
  }, {
    "name" : "language",
    "value" : "cpython3"
  }, {
    "name" : "package",
    "value" : "tests_api.test_bd"
  }, {
    "name" : "resultFormat",
    "value" : "allure2"
  } ],
  "parameters" : [ ],
  "links" : [ ],
  "hidden" : false,
  "retry" : false,
  "extra" : {
    "severity" : "normal",
    "retries" : [ ],
    "categories" : [ {
      "name" : "Product defects",
      "matchedStatuses" : [ ],
      "flaky" : false
    } ],
    "history" : {
      "statistic" : {
        "failed" : 78,
        "broken" : 3,
        "skipped" : 0,
        "passed" : 70,
        "unknown" : 0,
        "total" : 151
      },
      "items" : [ {
        "uid" : "1c9d3036c7058000",
        "reportUrl" : "https://Areso.github.io/Oblache/272//#testresult/1c9d3036c7058000",
        "status" : "failed",
        "statusDetails" : "AssertionError: Result is not equal expected value",
        "time" : {
          "start" : 1736299615544,
          "stop" : 1736299615907,
          "duration" : 363
        }
      }, {
        "uid" : "1c124317dfd8828a",
        "reportUrl" : "https://Areso.github.io/Oblache/271//#testresult/1c124317dfd8828a",
        "status" : "failed",
        "statusDetails" : "AssertionError: Result is not equal expected value",
        "time" : {
          "start" : 1736213231871,
          "stop" : 1736213232235,
          "duration" : 364
        }
      }, {
        "uid" : "6d4bcc498e234929",
        "reportUrl" : "https://Areso.github.io/Oblache/270//#testresult/6d4bcc498e234929",
        "status" : "failed",
        "statusDetails" : "AssertionError: Result is not equal expected value",
        "time" : {
          "start" : 1736127502814,
          "stop" : 1736127503331,
          "duration" : 517
        }
      }, {
        "uid" : "5c7a2eb59906d5f8",
        "reportUrl" : "https://Areso.github.io/Oblache/269//#testresult/5c7a2eb59906d5f8",
        "status" : "failed",
        "statusDetails" : "AssertionError: Result is not equal expected value",
        "time" : {
          "start" : 1736041213750,
          "stop" : 1736041214270,
          "duration" : 520
        }
      }, {
        "uid" : "6795783907d20aab",
        "reportUrl" : "https://Areso.github.io/Oblache/268//#testresult/6795783907d20aab",
        "status" : "failed",
        "statusDetails" : "AssertionError: Result is not equal expected value",
        "time" : {
          "start" : 1735953926415,
          "stop" : 1735953926932,
          "duration" : 517
        }
      }, {
        "uid" : "1399fec3594450f6",
        "reportUrl" : "https://Areso.github.io/Oblache/267//#testresult/1399fec3594450f6",
        "status" : "failed",
        "statusDetails" : "AssertionError: Result is not equal expected value",
        "time" : {
          "start" : 1735867606342,
          "stop" : 1735867606674,
          "duration" : 332
        }
      }, {
        "uid" : "3630978269b27f30",
        "reportUrl" : "https://Areso.github.io/Oblache/266//#testresult/3630978269b27f30",
        "status" : "failed",
        "statusDetails" : "AssertionError: Result is not equal expected value",
        "time" : {
          "start" : 1735781162483,
          "stop" : 1735781163003,
          "duration" : 520
        }
      }, {
        "uid" : "b0f98739e91528b3",
        "reportUrl" : "https://Areso.github.io/Oblache/265//#testresult/b0f98739e91528b3",
        "status" : "failed",
        "statusDetails" : "AssertionError: Result is not equal expected value",
        "time" : {
          "start" : 1735695653697,
          "stop" : 1735695654017,
          "duration" : 320
        }
      }, {
        "uid" : "893e955dafd00c9d",
        "reportUrl" : "https://Areso.github.io/Oblache/264//#testresult/893e955dafd00c9d",
        "status" : "failed",
        "statusDetails" : "AssertionError: Result is not equal expected value",
        "time" : {
          "start" : 1735608381056,
          "stop" : 1735608381575,
          "duration" : 519
        }
      }, {
        "uid" : "5aba4368360a8e90",
        "reportUrl" : "https://Areso.github.io/Oblache/263//#testresult/5aba4368360a8e90",
        "status" : "failed",
        "statusDetails" : "AssertionError: Result is not equal expected value",
        "time" : {
          "start" : 1735522607576,
          "stop" : 1735522608083,
          "duration" : 507
        }
      }, {
        "uid" : "48a02526d5b9138b",
        "reportUrl" : "https://Areso.github.io/Oblache/262//#testresult/48a02526d5b9138b",
        "status" : "failed",
        "statusDetails" : "AssertionError: Result is not equal expected value",
        "time" : {
          "start" : 1735436473383,
          "stop" : 1735436473891,
          "duration" : 508
        }
      }, {
        "uid" : "862fc93965e37adb",
        "reportUrl" : "https://Areso.github.io/Oblache/261//#testresult/862fc93965e37adb",
        "status" : "failed",
        "statusDetails" : "AssertionError: Result is not equal expected value",
        "time" : {
          "start" : 1735349093238,
          "stop" : 1735349093552,
          "duration" : 314
        }
      }, {
        "uid" : "7d04406f6cb206fb",
        "reportUrl" : "https://Areso.github.io/Oblache/260//#testresult/7d04406f6cb206fb",
        "status" : "failed",
        "statusDetails" : "AssertionError: Result is not equal expected value",
        "time" : {
          "start" : 1735262773005,
          "stop" : 1735262773323,
          "duration" : 318
        }
      }, {
        "uid" : "55f34e9f7499af54",
        "reportUrl" : "https://Areso.github.io/Oblache/259//#testresult/55f34e9f7499af54",
        "status" : "failed",
        "statusDetails" : "AssertionError: Result is not equal expected value",
        "time" : {
          "start" : 1735176350070,
          "stop" : 1735176350389,
          "duration" : 319
        }
      }, {
        "uid" : "27cc1e50fef9faef",
        "reportUrl" : "https://Areso.github.io/Oblache/258//#testresult/27cc1e50fef9faef",
        "status" : "failed",
        "statusDetails" : "AssertionError: Result is not equal expected value",
        "time" : {
          "start" : 1735089955726,
          "stop" : 1735089956106,
          "duration" : 380
        }
      }, {
        "uid" : "96b20f22d8474ee8",
        "reportUrl" : "https://Areso.github.io/Oblache/257//#testresult/96b20f22d8474ee8",
        "status" : "failed",
        "statusDetails" : "AssertionError: Result is not equal expected value",
        "time" : {
          "start" : 1735003589982,
          "stop" : 1735003590419,
          "duration" : 437
        }
      }, {
        "uid" : "606839a5982fd9ba",
        "reportUrl" : "https://Areso.github.io/Oblache/256//#testresult/606839a5982fd9ba",
        "status" : "failed",
        "statusDetails" : "AssertionError: Result is not equal expected value",
        "time" : {
          "start" : 1734917292309,
          "stop" : 1734917292814,
          "duration" : 505
        }
      }, {
        "uid" : "29bf906bbfc916b4",
        "reportUrl" : "https://Areso.github.io/Oblache/255//#testresult/29bf906bbfc916b4",
        "status" : "failed",
        "statusDetails" : "AssertionError: Result is not equal expected value",
        "time" : {
          "start" : 1734831595750,
          "stop" : 1734831596055,
          "duration" : 305
        }
      }, {
        "uid" : "ac4e9bfaed3a601a",
        "reportUrl" : "https://Areso.github.io/Oblache/254//#testresult/ac4e9bfaed3a601a",
        "status" : "failed",
        "statusDetails" : "AssertionError: Result is not equal expected value",
        "time" : {
          "start" : 1734744316399,
          "stop" : 1734744316715,
          "duration" : 316
        }
      }, {
        "uid" : "73dfaf1cd4a496a6",
        "reportUrl" : "https://Areso.github.io/Oblache/253//#testresult/73dfaf1cd4a496a6",
        "status" : "failed",
        "statusDetails" : "AssertionError: Result is not equal expected value",
        "time" : {
          "start" : 1734658025031,
          "stop" : 1734658025349,
          "duration" : 318
        }
      } ]
    },
    "tags" : [ ]
  },
  "source" : "4e7dc1fb87f13801.json",
  "parameterValues" : [ ]
}