{
  "uid" : "4ee6c03fe9dc9bcc",
  "name" : "Post registration",
  "fullName" : "tests_api.test_bd.TestPOST#test_post_registration",
  "historyId" : "3b43b056873de27c596c9d6f53ea4da7",
  "time" : {
    "start" : 1712762954497,
    "stop" : 1712762955035,
    "duration" : 538
  },
  "status" : "skipped",
  "statusMessage" : "XFAIL\n\nAssertionError: Incorrect status code",
  "statusTrace" : "self = <tests_api.test_bd.TestRequests.TestPOST object at 0x7feb3cf00ce0>\n\n    @pytest.mark.xfail()\n    @allure.title('Post registration')\n    def test_post_registration(self):\n        result_post = API.post_registration(\"en-us\", True)\n        print(result_post.text)\n>       Checking.check_status_code(result_post, 201)\n\ntests_api/test_bd.py:131: \n_ _ _ _ _ _ _ _ _ _ _ _ _ _ _ _ _ _ _ _ _ _ _ _ _ _ _ _ _ _ _ _ _ _ _ _ _ _ _ _ \n\nresult = <Response [400]>, status_code = 201\n\n    @staticmethod\n    def check_status_code(result: requests.models.Response, status_code: int):\n        \"\"\"\n        Method check status code\n        :param result: Response JSON\n        :param status_code:\n        \"\"\"\n        with allure.step(f'Assert status code: {status_code} == Response status code: {result.status_code}'):\n>           assert status_code == result.status_code, 'Incorrect status code'\nE           AssertionError: Incorrect status code\n\ntests_api/utils/checking.py:18: AssertionError",
  "flaky" : false,
  "newFailed" : false,
  "beforeStages" : [ ],
  "testStage" : {
    "status" : "skipped",
    "statusMessage" : "XFAIL\n\nAssertionError: Incorrect status code",
    "statusTrace" : "self = <tests_api.test_bd.TestRequests.TestPOST object at 0x7feb3cf00ce0>\n\n    @pytest.mark.xfail()\n    @allure.title('Post registration')\n    def test_post_registration(self):\n        result_post = API.post_registration(\"en-us\", True)\n        print(result_post.text)\n>       Checking.check_status_code(result_post, 201)\n\ntests_api/test_bd.py:131: \n_ _ _ _ _ _ _ _ _ _ _ _ _ _ _ _ _ _ _ _ _ _ _ _ _ _ _ _ _ _ _ _ _ _ _ _ _ _ _ _ \n\nresult = <Response [400]>, status_code = 201\n\n    @staticmethod\n    def check_status_code(result: requests.models.Response, status_code: int):\n        \"\"\"\n        Method check status code\n        :param result: Response JSON\n        :param status_code:\n        \"\"\"\n        with allure.step(f'Assert status code: {status_code} == Response status code: {result.status_code}'):\n>           assert status_code == result.status_code, 'Incorrect status code'\nE           AssertionError: Incorrect status code\n\ntests_api/utils/checking.py:18: AssertionError",
    "steps" : [ {
      "name" : "post_registration",
      "time" : {
        "start" : 1712762954497,
        "stop" : 1712762955034,
        "duration" : 537
      },
      "status" : "passed",
      "steps" : [ {
        "name" : "POST https://dbend.areso.pro/register",
        "time" : {
          "start" : 1712762954497,
          "stop" : 1712762955034,
          "duration" : 537
        },
        "status" : "passed",
        "steps" : [ {
          "name" : "Status code: 400",
          "time" : {
            "start" : 1712762955034,
            "stop" : 1712762955034,
            "duration" : 0
          },
          "status" : "passed",
          "steps" : [ ],
          "attachments" : [ ],
          "parameters" : [ ],
          "stepsCount" : 0,
          "attachmentsCount" : 0,
          "shouldDisplayMessage" : false,
          "hasContent" : false
        }, {
          "name" : "Params url: https://dbend.areso.pro/register",
          "time" : {
            "start" : 1712762955034,
            "stop" : 1712762955034,
            "duration" : 0
          },
          "status" : "passed",
          "steps" : [ ],
          "attachments" : [ ],
          "parameters" : [ ],
          "stepsCount" : 0,
          "attachmentsCount" : 0,
          "shouldDisplayMessage" : false,
          "hasContent" : false
        } ],
        "attachments" : [ ],
        "parameters" : [ ],
        "stepsCount" : 2,
        "attachmentsCount" : 0,
        "shouldDisplayMessage" : false,
        "hasContent" : true
      } ],
      "attachments" : [ ],
      "parameters" : [ {
        "name" : "language",
        "value" : "'en-us'"
      }, {
        "name" : "tos_agree",
        "value" : "True"
      } ],
      "stepsCount" : 3,
      "attachmentsCount" : 0,
      "shouldDisplayMessage" : false,
      "hasContent" : true
    }, {
      "name" : "Assert status code: 201 == Response status code: 400",
      "time" : {
        "start" : 1712762955034,
        "stop" : 1712762955034,
        "duration" : 0
      },
      "status" : "failed",
      "statusMessage" : "AssertionError: Incorrect status code\n",
      "statusTrace" : "  File \"/home/runner/work/Oblache/Oblache/tests_api/utils/checking.py\", line 18, in check_status_code\n    assert status_code == result.status_code, 'Incorrect status code'\n",
      "steps" : [ ],
      "attachments" : [ ],
      "parameters" : [ ],
      "stepsCount" : 0,
      "attachmentsCount" : 0,
      "shouldDisplayMessage" : true,
      "hasContent" : true
    } ],
    "attachments" : [ ],
    "parameters" : [ ],
    "stepsCount" : 5,
    "attachmentsCount" : 0,
    "shouldDisplayMessage" : true,
    "hasContent" : true
  },
  "afterStages" : [ ],
  "labels" : [ {
    "name" : "suite",
    "value" : "POST"
  }, {
    "name" : "epic",
    "value" : "TestRequests"
  }, {
    "name" : "tag",
    "value" : "@pytest.mark.xfail"
  }, {
    "name" : "parentSuite",
    "value" : "tests_api"
  }, {
    "name" : "subSuite",
    "value" : "TestRequests"
  }, {
    "name" : "host",
    "value" : "fv-az1052-544"
  }, {
    "name" : "thread",
    "value" : "2311-MainThread"
  }, {
    "name" : "framework",
    "value" : "pytest"
  }, {
    "name" : "language",
    "value" : "cpython3"
  }, {
    "name" : "package",
    "value" : "tests_api.test_bd"
  }, {
    "name" : "resultFormat",
    "value" : "allure2"
  } ],
  "parameters" : [ ],
  "links" : [ ],
  "hidden" : false,
  "retry" : false,
  "extra" : {
    "severity" : "normal",
    "retries" : [ ],
    "categories" : [ ],
    "history" : {
      "statistic" : {
        "failed" : 0,
        "broken" : 0,
        "skipped" : 5,
        "passed" : 0,
        "unknown" : 0,
        "total" : 5
      },
      "items" : [ {
        "uid" : "7afcfa31e17ddb62",
        "reportUrl" : "https://Areso.github.io/Oblache/89//#testresult/7afcfa31e17ddb62",
        "status" : "skipped",
        "statusDetails" : "XFAIL\n\nAssertionError: Incorrect status code",
        "time" : {
          "start" : 1712614529661,
          "stop" : 1712614530319,
          "duration" : 658
        }
      }, {
        "uid" : "a29e17770ac41624",
        "reportUrl" : "https://Areso.github.io/Oblache/88//#testresult/a29e17770ac41624",
        "status" : "skipped",
        "statusDetails" : "XFAIL\n\nAssertionError: Incorrect status code",
        "time" : {
          "start" : 1712606309649,
          "stop" : 1712606310057,
          "duration" : 408
        }
      }, {
        "uid" : "6b69f3c011fa7d25",
        "reportUrl" : "https://Areso.github.io/Oblache/87//#testresult/6b69f3c011fa7d25",
        "status" : "skipped",
        "statusDetails" : "XFAIL\n\nAssertionError: Incorrect status code",
        "time" : {
          "start" : 1712606102711,
          "stop" : 1712606103255,
          "duration" : 544
        }
      }, {
        "uid" : "875576aee7504fb5",
        "reportUrl" : "https://Areso.github.io/Oblache/86//#testresult/875576aee7504fb5",
        "status" : "skipped",
        "statusDetails" : "XFAIL\n\nAssertionError: Incorrect status code",
        "time" : {
          "start" : 1712604348912,
          "stop" : 1712604349451,
          "duration" : 539
        }
      } ]
    },
    "tags" : [ "@pytest.mark.xfail" ]
  },
  "source" : "4ee6c03fe9dc9bcc.json",
  "parameterValues" : [ ]
}