{
  "uid" : "ec002ab7dd1a350e",
  "name" : "POST create_docker_container_without_token",
  "fullName" : "tests_api.test_bd.TestPOST#test_post_create_docker_with_defunct_image",
  "historyId" : "346493b9ad20460bc067ba466e60ac88",
  "time" : {
    "start" : 1746150352917,
    "stop" : 1746150353423,
    "duration" : 506
  },
  "status" : "failed",
  "statusMessage" : "AssertionError: Result is not equal expected value",
  "statusTrace" : "self = <tests_api.test_bd.TestPOST object at 0x7fd3f9498b00>\n\n    @allure.title('POST create_docker_container_without_token')\n    def test_post_create_docker_with_defunct_image(self):\n        result = API.post_create_docker_container_with_defunct_image(token=TestPOST.token)\n        Checking.check_status_code(result, 400)\n>       Checking.check_json_value(result, 'msg', \"msg[]: the image doesn't found in the DockerHub\")\n\ntests_api/test_bd.py:411: \n_ _ _ _ _ _ _ _ _ _ _ _ _ _ _ _ _ _ _ _ _ _ _ _ _ _ _ _ _ _ _ _ _ _ _ _ _ _ _ _ \n\nresponse = <Response [400]>, field_name = 'msg'\nexpected_value = \"msg[]: the image doesn't found in the DockerHub\"\n\n    @staticmethod\n    def check_json_value(response: requests.models.Response, field_name: str, expected_value):\n        \"\"\"\n        :param response: requests.models.Response\n        :param field_name:\n        :param expected_value:\n        \"\"\"\n        check = response.json()\n        check_info = check.get(field_name)\n        with allure.step(\n                f'Compare result request with expected value:'\n                f'\\nResponse: {response}\\nField name: {field_name}\\nValue: {expected_value}'):\n>           assert check_info == expected_value, 'Result is not equal expected value'\nE           AssertionError: Result is not equal expected value\n\ntests_api/utils/checking.py:57: AssertionError",
  "flaky" : false,
  "newFailed" : false,
  "beforeStages" : [ ],
  "testStage" : {
    "status" : "failed",
    "statusMessage" : "AssertionError: Result is not equal expected value",
    "statusTrace" : "self = <tests_api.test_bd.TestPOST object at 0x7fd3f9498b00>\n\n    @allure.title('POST create_docker_container_without_token')\n    def test_post_create_docker_with_defunct_image(self):\n        result = API.post_create_docker_container_with_defunct_image(token=TestPOST.token)\n        Checking.check_status_code(result, 400)\n>       Checking.check_json_value(result, 'msg', \"msg[]: the image doesn't found in the DockerHub\")\n\ntests_api/test_bd.py:411: \n_ _ _ _ _ _ _ _ _ _ _ _ _ _ _ _ _ _ _ _ _ _ _ _ _ _ _ _ _ _ _ _ _ _ _ _ _ _ _ _ \n\nresponse = <Response [400]>, field_name = 'msg'\nexpected_value = \"msg[]: the image doesn't found in the DockerHub\"\n\n    @staticmethod\n    def check_json_value(response: requests.models.Response, field_name: str, expected_value):\n        \"\"\"\n        :param response: requests.models.Response\n        :param field_name:\n        :param expected_value:\n        \"\"\"\n        check = response.json()\n        check_info = check.get(field_name)\n        with allure.step(\n                f'Compare result request with expected value:'\n                f'\\nResponse: {response}\\nField name: {field_name}\\nValue: {expected_value}'):\n>           assert check_info == expected_value, 'Result is not equal expected value'\nE           AssertionError: Result is not equal expected value\n\ntests_api/utils/checking.py:57: AssertionError",
    "steps" : [ {
      "name" : "post_create_docker_container_with_defunct_image",
      "time" : {
        "start" : 1746150352917,
        "stop" : 1746150353423,
        "duration" : 506
      },
      "status" : "passed",
      "steps" : [ {
        "name" : "Endpoint: /container_create",
        "time" : {
          "start" : 1746150353423,
          "stop" : 1746150353423,
          "duration" : 0
        },
        "status" : "passed",
        "steps" : [ ],
        "attachments" : [ ],
        "parameters" : [ ],
        "stepsCount" : 0,
        "attachmentsCount" : 0,
        "shouldDisplayMessage" : false,
        "hasContent" : false
      }, {
        "name" : "Request:",
        "time" : {
          "start" : 1746150353423,
          "stop" : 1746150353423,
          "duration" : 0
        },
        "status" : "passed",
        "steps" : [ {
          "name" : "Headers: {'Content-Type': 'application/json', 'Authorization': '2627b452-1cc1-4b09-810f-75b51cbb2048'}",
          "time" : {
            "start" : 1746150353423,
            "stop" : 1746150353423,
            "duration" : 0
          },
          "status" : "passed",
          "steps" : [ ],
          "attachments" : [ ],
          "parameters" : [ ],
          "stepsCount" : 0,
          "attachmentsCount" : 0,
          "shouldDisplayMessage" : false,
          "hasContent" : false
        }, {
          "name" : "Body: {\"docker_image\": \"\", \"int_ports\": \"80\", \"env\": 3, \"region\": 3}",
          "time" : {
            "start" : 1746150353423,
            "stop" : 1746150353423,
            "duration" : 0
          },
          "status" : "passed",
          "steps" : [ ],
          "attachments" : [ ],
          "parameters" : [ ],
          "stepsCount" : 0,
          "attachmentsCount" : 0,
          "shouldDisplayMessage" : false,
          "hasContent" : false
        } ],
        "attachments" : [ ],
        "parameters" : [ ],
        "stepsCount" : 2,
        "attachmentsCount" : 0,
        "shouldDisplayMessage" : false,
        "hasContent" : true
      }, {
        "name" : "Response:",
        "time" : {
          "start" : 1746150353423,
          "stop" : 1746150353423,
          "duration" : 0
        },
        "status" : "passed",
        "steps" : [ {
          "name" : "Status code: 400",
          "time" : {
            "start" : 1746150353423,
            "stop" : 1746150353423,
            "duration" : 0
          },
          "status" : "passed",
          "steps" : [ ],
          "attachments" : [ ],
          "parameters" : [ ],
          "stepsCount" : 0,
          "attachmentsCount" : 0,
          "shouldDisplayMessage" : false,
          "hasContent" : false
        }, {
          "name" : "JSON: {\n    \"msg_code\": -1,\n    \"msg\": \"endpoint is disabled\"\n}\n",
          "time" : {
            "start" : 1746150353423,
            "stop" : 1746150353423,
            "duration" : 0
          },
          "status" : "passed",
          "steps" : [ ],
          "attachments" : [ ],
          "parameters" : [ ],
          "stepsCount" : 0,
          "attachmentsCount" : 0,
          "shouldDisplayMessage" : false,
          "hasContent" : false
        } ],
        "attachments" : [ ],
        "parameters" : [ ],
        "stepsCount" : 2,
        "attachmentsCount" : 0,
        "shouldDisplayMessage" : false,
        "hasContent" : true
      } ],
      "attachments" : [ ],
      "parameters" : [ ],
      "stepsCount" : 7,
      "attachmentsCount" : 0,
      "shouldDisplayMessage" : false,
      "hasContent" : true
    }, {
      "name" : "Assert status code: 400 == Response status code: 400",
      "time" : {
        "start" : 1746150353423,
        "stop" : 1746150353423,
        "duration" : 0
      },
      "status" : "passed",
      "steps" : [ ],
      "attachments" : [ ],
      "parameters" : [ ],
      "stepsCount" : 0,
      "attachmentsCount" : 0,
      "shouldDisplayMessage" : false,
      "hasContent" : false
    }, {
      "name" : "Compare result request with expected value:\nResponse: <Response [400]>\nField name: msg\nValue: msg[]: the image doesn't found in the DockerHub",
      "time" : {
        "start" : 1746150353423,
        "stop" : 1746150353423,
        "duration" : 0
      },
      "status" : "failed",
      "statusMessage" : "AssertionError: Result is not equal expected value\n",
      "statusTrace" : "  File \"/home/runner/work/Oblache/Oblache/tests_api/utils/checking.py\", line 57, in check_json_value\n    assert check_info == expected_value, 'Result is not equal expected value'\n           ^^^^^^^^^^^^^^^^^^^^^^^^^^^^\n",
      "steps" : [ ],
      "attachments" : [ ],
      "parameters" : [ ],
      "stepsCount" : 0,
      "attachmentsCount" : 0,
      "shouldDisplayMessage" : true,
      "hasContent" : true
    } ],
    "attachments" : [ ],
    "parameters" : [ ],
    "stepsCount" : 10,
    "attachmentsCount" : 0,
    "shouldDisplayMessage" : true,
    "hasContent" : true
  },
  "afterStages" : [ ],
  "labels" : [ {
    "name" : "suite",
    "value" : "POST"
  }, {
    "name" : "parentSuite",
    "value" : "tests_api"
  }, {
    "name" : "subSuite",
    "value" : "TestPOST"
  }, {
    "name" : "host",
    "value" : "fv-az1922-178"
  }, {
    "name" : "thread",
    "value" : "2469-MainThread"
  }, {
    "name" : "framework",
    "value" : "pytest"
  }, {
    "name" : "language",
    "value" : "cpython3"
  }, {
    "name" : "package",
    "value" : "tests_api.test_bd"
  }, {
    "name" : "resultFormat",
    "value" : "allure2"
  } ],
  "parameters" : [ ],
  "links" : [ ],
  "hidden" : false,
  "retry" : false,
  "extra" : {
    "severity" : "normal",
    "retries" : [ ],
    "categories" : [ {
      "name" : "Product defects",
      "matchedStatuses" : [ ],
      "flaky" : false
    } ],
    "history" : {
      "statistic" : {
        "failed" : 191,
        "broken" : 3,
        "skipped" : 0,
        "passed" : 70,
        "unknown" : 0,
        "total" : 264
      },
      "items" : [ {
        "uid" : "a30115b9e981566f",
        "reportUrl" : "https://Areso.github.io/Oblache/385//#testresult/a30115b9e981566f",
        "status" : "failed",
        "statusDetails" : "AssertionError: Result is not equal expected value",
        "time" : {
          "start" : 1746064425977,
          "stop" : 1746064426277,
          "duration" : 300
        }
      }, {
        "uid" : "83fd69a5128ffddf",
        "reportUrl" : "https://Areso.github.io/Oblache/384//#testresult/83fd69a5128ffddf",
        "status" : "failed",
        "statusDetails" : "AssertionError: Result is not equal expected value",
        "time" : {
          "start" : 1745977508285,
          "stop" : 1745977508599,
          "duration" : 314
        }
      }, {
        "uid" : "7a82c21bafa8853a",
        "reportUrl" : "https://Areso.github.io/Oblache/383//#testresult/7a82c21bafa8853a",
        "status" : "failed",
        "statusDetails" : "AssertionError: Result is not equal expected value",
        "time" : {
          "start" : 1745891168846,
          "stop" : 1745891169347,
          "duration" : 501
        }
      }, {
        "uid" : "f3bb2531c10ac0df",
        "reportUrl" : "https://Areso.github.io/Oblache/382//#testresult/f3bb2531c10ac0df",
        "status" : "failed",
        "statusDetails" : "AssertionError: Result is not equal expected value",
        "time" : {
          "start" : 1745804882400,
          "stop" : 1745804882722,
          "duration" : 322
        }
      }, {
        "uid" : "8ec3fb865ddb319",
        "reportUrl" : "https://Areso.github.io/Oblache/381//#testresult/8ec3fb865ddb319",
        "status" : "failed",
        "statusDetails" : "AssertionError: Result is not equal expected value",
        "time" : {
          "start" : 1745718578657,
          "stop" : 1745718579040,
          "duration" : 383
        }
      }, {
        "uid" : "41e58ccc7d5a06cf",
        "reportUrl" : "https://Areso.github.io/Oblache/380//#testresult/41e58ccc7d5a06cf",
        "status" : "failed",
        "statusDetails" : "AssertionError: Result is not equal expected value",
        "time" : {
          "start" : 1745631679010,
          "stop" : 1745631679324,
          "duration" : 314
        }
      }, {
        "uid" : "be40882757a6c37b",
        "reportUrl" : "https://Areso.github.io/Oblache/379//#testresult/be40882757a6c37b",
        "status" : "failed",
        "statusDetails" : "AssertionError: Result is not equal expected value",
        "time" : {
          "start" : 1745545496913,
          "stop" : 1745545497410,
          "duration" : 497
        }
      }, {
        "uid" : "61f196abca3d6978",
        "reportUrl" : "https://Areso.github.io/Oblache/378//#testresult/61f196abca3d6978",
        "status" : "failed",
        "statusDetails" : "AssertionError: Result is not equal expected value",
        "time" : {
          "start" : 1745459075402,
          "stop" : 1745459075772,
          "duration" : 370
        }
      }, {
        "uid" : "79b0d1284709adbb",
        "reportUrl" : "https://Areso.github.io/Oblache/377//#testresult/79b0d1284709adbb",
        "status" : "failed",
        "statusDetails" : "AssertionError: Result is not equal expected value",
        "time" : {
          "start" : 1745372647897,
          "stop" : 1745372648196,
          "duration" : 299
        }
      }, {
        "uid" : "4feb4c681f504373",
        "reportUrl" : "https://Areso.github.io/Oblache/376//#testresult/4feb4c681f504373",
        "status" : "failed",
        "statusDetails" : "AssertionError: Result is not equal expected value",
        "time" : {
          "start" : 1745286244879,
          "stop" : 1745286245399,
          "duration" : 520
        }
      }, {
        "uid" : "20c8360dd0c2b842",
        "reportUrl" : "https://Areso.github.io/Oblache/375//#testresult/20c8360dd0c2b842",
        "status" : "failed",
        "statusDetails" : "AssertionError: Result is not equal expected value",
        "time" : {
          "start" : 1745200088093,
          "stop" : 1745200088401,
          "duration" : 308
        }
      }, {
        "uid" : "4d00a311bc21eec1",
        "reportUrl" : "https://Areso.github.io/Oblache/374//#testresult/4d00a311bc21eec1",
        "status" : "failed",
        "statusDetails" : "AssertionError: Result is not equal expected value",
        "time" : {
          "start" : 1745113743236,
          "stop" : 1745113743552,
          "duration" : 316
        }
      }, {
        "uid" : "f0e3f8883b86691b",
        "reportUrl" : "https://Areso.github.io/Oblache/373//#testresult/f0e3f8883b86691b",
        "status" : "failed",
        "statusDetails" : "AssertionError: Result is not equal expected value",
        "time" : {
          "start" : 1745026740277,
          "stop" : 1745026740589,
          "duration" : 312
        }
      }, {
        "uid" : "89f034f5c9c46d11",
        "reportUrl" : "https://Areso.github.io/Oblache/372//#testresult/89f034f5c9c46d11",
        "status" : "failed",
        "statusDetails" : "AssertionError: Result is not equal expected value",
        "time" : {
          "start" : 1744940469022,
          "stop" : 1744940469326,
          "duration" : 304
        }
      }, {
        "uid" : "4bb9b8b0de7c6c16",
        "reportUrl" : "https://Areso.github.io/Oblache/371//#testresult/4bb9b8b0de7c6c16",
        "status" : "failed",
        "statusDetails" : "AssertionError: Result is not equal expected value",
        "time" : {
          "start" : 1744854188964,
          "stop" : 1744854189321,
          "duration" : 357
        }
      }, {
        "uid" : "df61fd9560579114",
        "reportUrl" : "https://Areso.github.io/Oblache/370//#testresult/df61fd9560579114",
        "status" : "failed",
        "statusDetails" : "AssertionError: Result is not equal expected value",
        "time" : {
          "start" : 1744767879407,
          "stop" : 1744767879765,
          "duration" : 358
        }
      }, {
        "uid" : "6ddb80de816aa300",
        "reportUrl" : "https://Areso.github.io/Oblache/369//#testresult/6ddb80de816aa300",
        "status" : "failed",
        "statusDetails" : "AssertionError: Result is not equal expected value",
        "time" : {
          "start" : 1744681522545,
          "stop" : 1744681523054,
          "duration" : 509
        }
      }, {
        "uid" : "56c2c7f4a0b46d4d",
        "reportUrl" : "https://Areso.github.io/Oblache/368//#testresult/56c2c7f4a0b46d4d",
        "status" : "failed",
        "statusDetails" : "AssertionError: Result is not equal expected value",
        "time" : {
          "start" : 1744595153946,
          "stop" : 1744595154265,
          "duration" : 319
        }
      }, {
        "uid" : "f977093c3cbc37f4",
        "reportUrl" : "https://Areso.github.io/Oblache/367//#testresult/f977093c3cbc37f4",
        "status" : "failed",
        "statusDetails" : "AssertionError: Result is not equal expected value",
        "time" : {
          "start" : 1744513734576,
          "stop" : 1744513735071,
          "duration" : 495
        }
      }, {
        "uid" : "2e88908d9ca95182",
        "reportUrl" : "https://Areso.github.io/Oblache/366//#testresult/2e88908d9ca95182",
        "status" : "failed",
        "statusDetails" : "AssertionError: Result is not equal expected value",
        "time" : {
          "start" : 1744421974342,
          "stop" : 1744421974661,
          "duration" : 319
        }
      } ]
    },
    "tags" : [ ]
  },
  "source" : "ec002ab7dd1a350e.json",
  "parameterValues" : [ ]
}