{
  "uid" : "d360a7171035bdbc",
  "name" : "POST create_docker_container_without_token",
  "fullName" : "tests_api.test_bd.TestPOST#test_post_create_docker_with_defunct_image",
  "historyId" : "346493b9ad20460bc067ba466e60ac88",
  "time" : {
    "start" : 1743299265215,
    "stop" : 1743299265720,
    "duration" : 505
  },
  "status" : "failed",
  "statusMessage" : "AssertionError: Result is not equal expected value",
  "statusTrace" : "self = <tests_api.test_bd.TestPOST object at 0x7f0845998c80>\n\n    @allure.title('POST create_docker_container_without_token')\n    def test_post_create_docker_with_defunct_image(self):\n        result = API.post_create_docker_container_with_defunct_image(token=TestPOST.token)\n        Checking.check_status_code(result, 400)\n>       Checking.check_json_value(result, 'msg', \"msg[]: the image doesn't found in the DockerHub\")\n\ntests_api/test_bd.py:411: \n_ _ _ _ _ _ _ _ _ _ _ _ _ _ _ _ _ _ _ _ _ _ _ _ _ _ _ _ _ _ _ _ _ _ _ _ _ _ _ _ \n\nresponse = <Response [400]>, field_name = 'msg'\nexpected_value = \"msg[]: the image doesn't found in the DockerHub\"\n\n    @staticmethod\n    def check_json_value(response: requests.models.Response, field_name: str, expected_value):\n        \"\"\"\n        :param response: requests.models.Response\n        :param field_name:\n        :param expected_value:\n        \"\"\"\n        check = response.json()\n        check_info = check.get(field_name)\n        with allure.step(\n                f'Compare result request with expected value:'\n                f'\\nResponse: {response}\\nField name: {field_name}\\nValue: {expected_value}'):\n>           assert check_info == expected_value, 'Result is not equal expected value'\nE           AssertionError: Result is not equal expected value\n\ntests_api/utils/checking.py:57: AssertionError",
  "flaky" : false,
  "newFailed" : false,
  "beforeStages" : [ ],
  "testStage" : {
    "status" : "failed",
    "statusMessage" : "AssertionError: Result is not equal expected value",
    "statusTrace" : "self = <tests_api.test_bd.TestPOST object at 0x7f0845998c80>\n\n    @allure.title('POST create_docker_container_without_token')\n    def test_post_create_docker_with_defunct_image(self):\n        result = API.post_create_docker_container_with_defunct_image(token=TestPOST.token)\n        Checking.check_status_code(result, 400)\n>       Checking.check_json_value(result, 'msg', \"msg[]: the image doesn't found in the DockerHub\")\n\ntests_api/test_bd.py:411: \n_ _ _ _ _ _ _ _ _ _ _ _ _ _ _ _ _ _ _ _ _ _ _ _ _ _ _ _ _ _ _ _ _ _ _ _ _ _ _ _ \n\nresponse = <Response [400]>, field_name = 'msg'\nexpected_value = \"msg[]: the image doesn't found in the DockerHub\"\n\n    @staticmethod\n    def check_json_value(response: requests.models.Response, field_name: str, expected_value):\n        \"\"\"\n        :param response: requests.models.Response\n        :param field_name:\n        :param expected_value:\n        \"\"\"\n        check = response.json()\n        check_info = check.get(field_name)\n        with allure.step(\n                f'Compare result request with expected value:'\n                f'\\nResponse: {response}\\nField name: {field_name}\\nValue: {expected_value}'):\n>           assert check_info == expected_value, 'Result is not equal expected value'\nE           AssertionError: Result is not equal expected value\n\ntests_api/utils/checking.py:57: AssertionError",
    "steps" : [ {
      "name" : "post_create_docker_container_with_defunct_image",
      "time" : {
        "start" : 1743299265215,
        "stop" : 1743299265720,
        "duration" : 505
      },
      "status" : "passed",
      "steps" : [ {
        "name" : "Endpoint: /container_create",
        "time" : {
          "start" : 1743299265720,
          "stop" : 1743299265720,
          "duration" : 0
        },
        "status" : "passed",
        "steps" : [ ],
        "attachments" : [ ],
        "parameters" : [ ],
        "stepsCount" : 0,
        "attachmentsCount" : 0,
        "shouldDisplayMessage" : false,
        "hasContent" : false
      }, {
        "name" : "Request:",
        "time" : {
          "start" : 1743299265720,
          "stop" : 1743299265720,
          "duration" : 0
        },
        "status" : "passed",
        "steps" : [ {
          "name" : "Headers: {'Content-Type': 'application/json', 'Authorization': '6b4d5fa5-7dfa-472e-ae1b-f46ff833bfc3'}",
          "time" : {
            "start" : 1743299265720,
            "stop" : 1743299265720,
            "duration" : 0
          },
          "status" : "passed",
          "steps" : [ ],
          "attachments" : [ ],
          "parameters" : [ ],
          "stepsCount" : 0,
          "attachmentsCount" : 0,
          "shouldDisplayMessage" : false,
          "hasContent" : false
        }, {
          "name" : "Body: {\"docker_image\": \"\", \"int_ports\": \"80\", \"env\": 3, \"region\": 3}",
          "time" : {
            "start" : 1743299265720,
            "stop" : 1743299265720,
            "duration" : 0
          },
          "status" : "passed",
          "steps" : [ ],
          "attachments" : [ ],
          "parameters" : [ ],
          "stepsCount" : 0,
          "attachmentsCount" : 0,
          "shouldDisplayMessage" : false,
          "hasContent" : false
        } ],
        "attachments" : [ ],
        "parameters" : [ ],
        "stepsCount" : 2,
        "attachmentsCount" : 0,
        "shouldDisplayMessage" : false,
        "hasContent" : true
      }, {
        "name" : "Response:",
        "time" : {
          "start" : 1743299265720,
          "stop" : 1743299265720,
          "duration" : 0
        },
        "status" : "passed",
        "steps" : [ {
          "name" : "Status code: 400",
          "time" : {
            "start" : 1743299265720,
            "stop" : 1743299265720,
            "duration" : 0
          },
          "status" : "passed",
          "steps" : [ ],
          "attachments" : [ ],
          "parameters" : [ ],
          "stepsCount" : 0,
          "attachmentsCount" : 0,
          "shouldDisplayMessage" : false,
          "hasContent" : false
        }, {
          "name" : "JSON: {\n    \"msg_code\": -1,\n    \"msg\": \"endpoint is disabled\"\n}\n",
          "time" : {
            "start" : 1743299265720,
            "stop" : 1743299265720,
            "duration" : 0
          },
          "status" : "passed",
          "steps" : [ ],
          "attachments" : [ ],
          "parameters" : [ ],
          "stepsCount" : 0,
          "attachmentsCount" : 0,
          "shouldDisplayMessage" : false,
          "hasContent" : false
        } ],
        "attachments" : [ ],
        "parameters" : [ ],
        "stepsCount" : 2,
        "attachmentsCount" : 0,
        "shouldDisplayMessage" : false,
        "hasContent" : true
      } ],
      "attachments" : [ ],
      "parameters" : [ ],
      "stepsCount" : 7,
      "attachmentsCount" : 0,
      "shouldDisplayMessage" : false,
      "hasContent" : true
    }, {
      "name" : "Assert status code: 400 == Response status code: 400",
      "time" : {
        "start" : 1743299265720,
        "stop" : 1743299265720,
        "duration" : 0
      },
      "status" : "passed",
      "steps" : [ ],
      "attachments" : [ ],
      "parameters" : [ ],
      "stepsCount" : 0,
      "attachmentsCount" : 0,
      "shouldDisplayMessage" : false,
      "hasContent" : false
    }, {
      "name" : "Compare result request with expected value:\nResponse: <Response [400]>\nField name: msg\nValue: msg[]: the image doesn't found in the DockerHub",
      "time" : {
        "start" : 1743299265720,
        "stop" : 1743299265720,
        "duration" : 0
      },
      "status" : "failed",
      "statusMessage" : "AssertionError: Result is not equal expected value\n",
      "statusTrace" : "  File \"/home/runner/work/Oblache/Oblache/tests_api/utils/checking.py\", line 57, in check_json_value\n    assert check_info == expected_value, 'Result is not equal expected value'\n           ^^^^^^^^^^^^^^^^^^^^^^^^^^^^\n",
      "steps" : [ ],
      "attachments" : [ ],
      "parameters" : [ ],
      "stepsCount" : 0,
      "attachmentsCount" : 0,
      "shouldDisplayMessage" : true,
      "hasContent" : true
    } ],
    "attachments" : [ ],
    "parameters" : [ ],
    "stepsCount" : 10,
    "attachmentsCount" : 0,
    "shouldDisplayMessage" : true,
    "hasContent" : true
  },
  "afterStages" : [ ],
  "labels" : [ {
    "name" : "suite",
    "value" : "POST"
  }, {
    "name" : "parentSuite",
    "value" : "tests_api"
  }, {
    "name" : "subSuite",
    "value" : "TestPOST"
  }, {
    "name" : "host",
    "value" : "fv-az2214-695"
  }, {
    "name" : "thread",
    "value" : "2490-MainThread"
  }, {
    "name" : "framework",
    "value" : "pytest"
  }, {
    "name" : "language",
    "value" : "cpython3"
  }, {
    "name" : "package",
    "value" : "tests_api.test_bd"
  }, {
    "name" : "resultFormat",
    "value" : "allure2"
  } ],
  "parameters" : [ ],
  "links" : [ ],
  "hidden" : false,
  "retry" : false,
  "extra" : {
    "severity" : "normal",
    "retries" : [ ],
    "categories" : [ {
      "name" : "Product defects",
      "matchedStatuses" : [ ],
      "flaky" : false
    } ],
    "history" : {
      "statistic" : {
        "failed" : 158,
        "broken" : 3,
        "skipped" : 0,
        "passed" : 70,
        "unknown" : 0,
        "total" : 231
      },
      "items" : [ {
        "uid" : "1419c61187540531",
        "reportUrl" : "https://Areso.github.io/Oblache/352//#testresult/1419c61187540531",
        "status" : "failed",
        "statusDetails" : "AssertionError: Result is not equal expected value",
        "time" : {
          "start" : 1743212364581,
          "stop" : 1743212364980,
          "duration" : 399
        }
      }, {
        "uid" : "f53c654d215e5c7",
        "reportUrl" : "https://Areso.github.io/Oblache/351//#testresult/f53c654d215e5c7",
        "status" : "failed",
        "statusDetails" : "AssertionError: Result is not equal expected value",
        "time" : {
          "start" : 1743126029034,
          "stop" : 1743126029356,
          "duration" : 322
        }
      }, {
        "uid" : "1b142ae402b622e0",
        "reportUrl" : "https://Areso.github.io/Oblache/350//#testresult/1b142ae402b622e0",
        "status" : "failed",
        "statusDetails" : "AssertionError: Result is not equal expected value",
        "time" : {
          "start" : 1743039610799,
          "stop" : 1743039611113,
          "duration" : 314
        }
      }, {
        "uid" : "5ca2eb85f78593d",
        "reportUrl" : "https://Areso.github.io/Oblache/349//#testresult/5ca2eb85f78593d",
        "status" : "failed",
        "statusDetails" : "AssertionError: Result is not equal expected value",
        "time" : {
          "start" : 1742953249536,
          "stop" : 1742953250043,
          "duration" : 507
        }
      }, {
        "uid" : "6738c4516cfaba0e",
        "reportUrl" : "https://Areso.github.io/Oblache/348//#testresult/6738c4516cfaba0e",
        "status" : "failed",
        "statusDetails" : "AssertionError: Result is not equal expected value",
        "time" : {
          "start" : 1742866868764,
          "stop" : 1742866869082,
          "duration" : 318
        }
      }, {
        "uid" : "360d0338c9e486ee",
        "reportUrl" : "https://Areso.github.io/Oblache/347//#testresult/360d0338c9e486ee",
        "status" : "failed",
        "statusDetails" : "AssertionError: Result is not equal expected value",
        "time" : {
          "start" : 1742780596302,
          "stop" : 1742780596674,
          "duration" : 372
        }
      }, {
        "uid" : "81acafbebdaffd2",
        "reportUrl" : "https://Areso.github.io/Oblache/346//#testresult/81acafbebdaffd2",
        "status" : "failed",
        "statusDetails" : "AssertionError: Result is not equal expected value",
        "time" : {
          "start" : 1742694305975,
          "stop" : 1742694306278,
          "duration" : 303
        }
      }, {
        "uid" : "a2634d5281f7f2f5",
        "reportUrl" : "https://Areso.github.io/Oblache/345//#testresult/a2634d5281f7f2f5",
        "status" : "failed",
        "statusDetails" : "AssertionError: Result is not equal expected value",
        "time" : {
          "start" : 1742607478789,
          "stop" : 1742607479106,
          "duration" : 317
        }
      }, {
        "uid" : "1cd0b83355a483b1",
        "reportUrl" : "https://Areso.github.io/Oblache/344//#testresult/1cd0b83355a483b1",
        "status" : "failed",
        "statusDetails" : "AssertionError: Result is not equal expected value",
        "time" : {
          "start" : 1742521228667,
          "stop" : 1742521229029,
          "duration" : 362
        }
      }, {
        "uid" : "e6fc299154dc1ed7",
        "reportUrl" : "https://Areso.github.io/Oblache/343//#testresult/e6fc299154dc1ed7",
        "status" : "failed",
        "statusDetails" : "AssertionError: Result is not equal expected value",
        "time" : {
          "start" : 1742434729682,
          "stop" : 1742434729992,
          "duration" : 310
        }
      }, {
        "uid" : "1636264239dac857",
        "reportUrl" : "https://Areso.github.io/Oblache/342//#testresult/1636264239dac857",
        "status" : "failed",
        "statusDetails" : "AssertionError: Result is not equal expected value",
        "time" : {
          "start" : 1742348396579,
          "stop" : 1742348396892,
          "duration" : 313
        }
      }, {
        "uid" : "3e9d10d17867e6d",
        "reportUrl" : "https://Areso.github.io/Oblache/341//#testresult/3e9d10d17867e6d",
        "status" : "failed",
        "statusDetails" : "AssertionError: Result is not equal expected value",
        "time" : {
          "start" : 1742261976244,
          "stop" : 1742261976555,
          "duration" : 311
        }
      }, {
        "uid" : "d4e988ea6941b5fe",
        "reportUrl" : "https://Areso.github.io/Oblache/340//#testresult/d4e988ea6941b5fe",
        "status" : "failed",
        "statusDetails" : "AssertionError: Result is not equal expected value",
        "time" : {
          "start" : 1742175712979,
          "stop" : 1742175713470,
          "duration" : 491
        }
      }, {
        "uid" : "6de17c2f21115796",
        "reportUrl" : "https://Areso.github.io/Oblache/339//#testresult/6de17c2f21115796",
        "status" : "failed",
        "statusDetails" : "AssertionError: Result is not equal expected value",
        "time" : {
          "start" : 1742089468213,
          "stop" : 1742089468716,
          "duration" : 503
        }
      }, {
        "uid" : "a0002016811a0230",
        "reportUrl" : "https://Areso.github.io/Oblache/338//#testresult/a0002016811a0230",
        "status" : "failed",
        "statusDetails" : "AssertionError: Result is not equal expected value",
        "time" : {
          "start" : 1742002610460,
          "stop" : 1742002610774,
          "duration" : 314
        }
      }, {
        "uid" : "cfac84f78722005e",
        "reportUrl" : "https://Areso.github.io/Oblache/337//#testresult/cfac84f78722005e",
        "status" : "failed",
        "statusDetails" : "AssertionError: Result is not equal expected value",
        "time" : {
          "start" : 1741916258333,
          "stop" : 1741916258691,
          "duration" : 358
        }
      }, {
        "uid" : "bc106f212babd8c1",
        "reportUrl" : "https://Areso.github.io/Oblache/336//#testresult/bc106f212babd8c1",
        "status" : "failed",
        "statusDetails" : "AssertionError: Result is not equal expected value",
        "time" : {
          "start" : 1741829956719,
          "stop" : 1741829957034,
          "duration" : 315
        }
      }, {
        "uid" : "89d2b4d28f6f9ff9",
        "reportUrl" : "https://Areso.github.io/Oblache/335//#testresult/89d2b4d28f6f9ff9",
        "status" : "failed",
        "statusDetails" : "AssertionError: Result is not equal expected value",
        "time" : {
          "start" : 1741743465421,
          "stop" : 1741743465921,
          "duration" : 500
        }
      }, {
        "uid" : "91ff000307a78b47",
        "reportUrl" : "https://Areso.github.io/Oblache/334//#testresult/91ff000307a78b47",
        "status" : "failed",
        "statusDetails" : "AssertionError: Result is not equal expected value",
        "time" : {
          "start" : 1741657128819,
          "stop" : 1741657129182,
          "duration" : 363
        }
      }, {
        "uid" : "b6f89c7a8cbba357",
        "reportUrl" : "https://Areso.github.io/Oblache/333//#testresult/b6f89c7a8cbba357",
        "status" : "failed",
        "statusDetails" : "AssertionError: Result is not equal expected value",
        "time" : {
          "start" : 1741569409316,
          "stop" : 1741569409620,
          "duration" : 304
        }
      } ]
    },
    "tags" : [ ]
  },
  "source" : "d360a7171035bdbc.json",
  "parameterValues" : [ ]
}