{
  "uid" : "b757e5bd7ab730b9",
  "name" : "test_delete_container",
  "fullName" : "tests_api.test_bd.TestPOST#test_delete_container",
  "historyId" : "f292c4cfa0c4b2dd77724aada1d3db8c",
  "time" : {
    "start" : 1712177145994,
    "stop" : 1712177146784,
    "duration" : 790
  },
  "status" : "failed",
  "statusMessage" : "AssertionError: Incorrect status code",
  "statusTrace" : "self = <tests_api.test_bd.TestPOST object at 0x7fbf0b49dcd0>\n\n    @allure.title('test_delete_container')\n    def test_delete_container(self):\n        result = API.post_delete_docker_container(ConnectionData.token, -1)\n        print(result.json(), result.status_code)\n>       Checking.check_status_code(result, 200)\n\ntests_api/test_bd.py:328: \n_ _ _ _ _ _ _ _ _ _ _ _ _ _ _ _ _ _ _ _ _ _ _ _ _ _ _ _ _ _ _ _ _ _ _ _ _ _ _ _ \n\nresult = <Response [400]>, status_code = 200\n\n    @staticmethod\n    def check_status_code(result: requests.models.Response, status_code: int):\n        \"\"\"\n        Method check status code\n        :param result: Response JSON\n        :param status_code:\n        \"\"\"\n        with allure.step(f'Assert status code: {status_code} == Response status code: {result.status_code}'):\n>           assert status_code == result.status_code, 'Incorrect status code'\nE           AssertionError: Incorrect status code\n\ntests_api/utils/checking.py:18: AssertionError",
  "flaky" : false,
  "newFailed" : false,
  "beforeStages" : [ ],
  "testStage" : {
    "status" : "failed",
    "statusMessage" : "AssertionError: Incorrect status code",
    "statusTrace" : "self = <tests_api.test_bd.TestPOST object at 0x7fbf0b49dcd0>\n\n    @allure.title('test_delete_container')\n    def test_delete_container(self):\n        result = API.post_delete_docker_container(ConnectionData.token, -1)\n        print(result.json(), result.status_code)\n>       Checking.check_status_code(result, 200)\n\ntests_api/test_bd.py:328: \n_ _ _ _ _ _ _ _ _ _ _ _ _ _ _ _ _ _ _ _ _ _ _ _ _ _ _ _ _ _ _ _ _ _ _ _ _ _ _ _ \n\nresult = <Response [400]>, status_code = 200\n\n    @staticmethod\n    def check_status_code(result: requests.models.Response, status_code: int):\n        \"\"\"\n        Method check status code\n        :param result: Response JSON\n        :param status_code:\n        \"\"\"\n        with allure.step(f'Assert status code: {status_code} == Response status code: {result.status_code}'):\n>           assert status_code == result.status_code, 'Incorrect status code'\nE           AssertionError: Incorrect status code\n\ntests_api/utils/checking.py:18: AssertionError",
    "steps" : [ {
      "name" : "post_delete_docker_container",
      "time" : {
        "start" : 1712177145994,
        "stop" : 1712177146783,
        "duration" : 789
      },
      "status" : "passed",
      "steps" : [ {
        "name" : "post_container_list",
        "time" : {
          "start" : 1712177145994,
          "stop" : 1712177146378,
          "duration" : 384
        },
        "status" : "passed",
        "steps" : [ {
          "name" : "POST https://dbend.areso.pro/container_list",
          "time" : {
            "start" : 1712177145994,
            "stop" : 1712177146378,
            "duration" : 384
          },
          "status" : "passed",
          "steps" : [ {
            "name" : "Status code: 200",
            "time" : {
              "start" : 1712177146378,
              "stop" : 1712177146378,
              "duration" : 0
            },
            "status" : "passed",
            "steps" : [ ],
            "attachments" : [ ],
            "parameters" : [ ],
            "stepsCount" : 0,
            "attachmentsCount" : 0,
            "shouldDisplayMessage" : false,
            "hasContent" : false
          }, {
            "name" : "Params url: https://dbend.areso.pro/container_list",
            "time" : {
              "start" : 1712177146378,
              "stop" : 1712177146378,
              "duration" : 0
            },
            "status" : "passed",
            "steps" : [ ],
            "attachments" : [ ],
            "parameters" : [ ],
            "stepsCount" : 0,
            "attachmentsCount" : 0,
            "shouldDisplayMessage" : false,
            "hasContent" : false
          } ],
          "attachments" : [ ],
          "parameters" : [ ],
          "stepsCount" : 2,
          "attachmentsCount" : 0,
          "shouldDisplayMessage" : false,
          "hasContent" : true
        } ],
        "attachments" : [ ],
        "parameters" : [ ],
        "stepsCount" : 3,
        "attachmentsCount" : 0,
        "shouldDisplayMessage" : false,
        "hasContent" : true
      }, {
        "name" : "POST https://dbend.areso.pro/container_delete, body: {'docker_uuid': '0660dbff-82c5-7116-8000-4dc92ffad3ee'}",
        "time" : {
          "start" : 1712177146378,
          "stop" : 1712177146783,
          "duration" : 405
        },
        "status" : "passed",
        "steps" : [ {
          "name" : "Status code: 400",
          "time" : {
            "start" : 1712177146783,
            "stop" : 1712177146783,
            "duration" : 0
          },
          "status" : "passed",
          "steps" : [ ],
          "attachments" : [ ],
          "parameters" : [ ],
          "stepsCount" : 0,
          "attachmentsCount" : 0,
          "shouldDisplayMessage" : false,
          "hasContent" : false
        }, {
          "name" : "Params url: https://dbend.areso.pro/container_delete",
          "time" : {
            "start" : 1712177146783,
            "stop" : 1712177146783,
            "duration" : 0
          },
          "status" : "passed",
          "steps" : [ ],
          "attachments" : [ ],
          "parameters" : [ ],
          "stepsCount" : 0,
          "attachmentsCount" : 0,
          "shouldDisplayMessage" : false,
          "hasContent" : false
        } ],
        "attachments" : [ ],
        "parameters" : [ ],
        "stepsCount" : 2,
        "attachmentsCount" : 0,
        "shouldDisplayMessage" : false,
        "hasContent" : true
      }, {
        "name" : "Response JSON: {\n    \"content\": \"msg[18]: error: can't delete a db while it's creating\"\n}\n",
        "time" : {
          "start" : 1712177146783,
          "stop" : 1712177146783,
          "duration" : 0
        },
        "status" : "passed",
        "steps" : [ ],
        "attachments" : [ ],
        "parameters" : [ ],
        "stepsCount" : 0,
        "attachmentsCount" : 0,
        "shouldDisplayMessage" : false,
        "hasContent" : false
      } ],
      "attachments" : [ ],
      "parameters" : [ ],
      "stepsCount" : 8,
      "attachmentsCount" : 0,
      "shouldDisplayMessage" : false,
      "hasContent" : true
    }, {
      "name" : "Assert status code: 200 == Response status code: 400",
      "time" : {
        "start" : 1712177146784,
        "stop" : 1712177146784,
        "duration" : 0
      },
      "status" : "failed",
      "statusMessage" : "AssertionError: Incorrect status code\n",
      "statusTrace" : "  File \"/home/runner/work/Oblache/Oblache/tests_api/utils/checking.py\", line 18, in check_status_code\n    assert status_code == result.status_code, 'Incorrect status code'\n",
      "steps" : [ ],
      "attachments" : [ ],
      "parameters" : [ ],
      "stepsCount" : 0,
      "attachmentsCount" : 0,
      "shouldDisplayMessage" : true,
      "hasContent" : true
    } ],
    "attachments" : [ ],
    "parameters" : [ ],
    "stepsCount" : 10,
    "attachmentsCount" : 0,
    "shouldDisplayMessage" : true,
    "hasContent" : true
  },
  "afterStages" : [ ],
  "labels" : [ {
    "name" : "suite",
    "value" : "POST"
  }, {
    "name" : "epic",
    "value" : "POST REQUESTS"
  }, {
    "name" : "parentSuite",
    "value" : "tests_api"
  }, {
    "name" : "subSuite",
    "value" : "TestPOST"
  }, {
    "name" : "host",
    "value" : "fv-az1391-135"
  }, {
    "name" : "thread",
    "value" : "2329-MainThread"
  }, {
    "name" : "framework",
    "value" : "pytest"
  }, {
    "name" : "language",
    "value" : "cpython3"
  }, {
    "name" : "package",
    "value" : "tests_api.test_bd"
  }, {
    "name" : "resultFormat",
    "value" : "allure2"
  } ],
  "parameters" : [ ],
  "links" : [ ],
  "hidden" : false,
  "retry" : false,
  "extra" : {
    "severity" : "normal",
    "retries" : [ ],
    "categories" : [ {
      "name" : "Product defects",
      "matchedStatuses" : [ ],
      "flaky" : false
    } ],
    "history" : {
      "statistic" : {
        "failed" : 5,
        "broken" : 1,
        "skipped" : 0,
        "passed" : 0,
        "unknown" : 0,
        "total" : 6
      },
      "items" : [ {
        "uid" : "cc9d2fb52923b925",
        "reportUrl" : "https://Areso.github.io/Oblache/76//#testresult/cc9d2fb52923b925",
        "status" : "failed",
        "statusDetails" : "AssertionError: Incorrect status code",
        "time" : {
          "start" : 1712176292538,
          "stop" : 1712176293631,
          "duration" : 1093
        }
      }, {
        "uid" : "7fc3dd9c608515a8",
        "reportUrl" : "https://Areso.github.io/Oblache/75//#testresult/7fc3dd9c608515a8",
        "status" : "failed",
        "statusDetails" : "AssertionError: Incorrect status code",
        "time" : {
          "start" : 1712175356894,
          "stop" : 1712175357752,
          "duration" : 858
        }
      }, {
        "uid" : "5bd0f0d971b408c4",
        "reportUrl" : "https://Areso.github.io/Oblache/74//#testresult/5bd0f0d971b408c4",
        "status" : "broken",
        "statusDetails" : "requests.exceptions.JSONDecodeError: Expecting value: line 1 column 1 (char 0)",
        "time" : {
          "start" : 1712174729543,
          "stop" : 1712174729847,
          "duration" : 304
        }
      }, {
        "uid" : "c2e5d0ae2c038a78",
        "reportUrl" : "https://Areso.github.io/Oblache/73//#testresult/c2e5d0ae2c038a78",
        "status" : "failed",
        "statusDetails" : "AssertionError: Incorrect status code",
        "time" : {
          "start" : 1712173487509,
          "stop" : 1712173488621,
          "duration" : 1112
        }
      }, {
        "uid" : "a0c458020dbbaef9",
        "reportUrl" : "https://Areso.github.io/Oblache/71//#testresult/a0c458020dbbaef9",
        "status" : "failed",
        "statusDetails" : "AssertionError: Incorrect status code",
        "time" : {
          "start" : 1711374196840,
          "stop" : 1711374197633,
          "duration" : 793
        }
      } ]
    },
    "tags" : [ ]
  },
  "source" : "b757e5bd7ab730b9.json",
  "parameterValues" : [ ]
}