{
  "uid" : "5d8d84850d217750",
  "name" : "POST checking ports_len negative symbols",
  "fullName" : "tests_api.test_bd.TestPOST#test_post_checking_ports_len_negative_symbols",
  "historyId" : "381cac88cc6f55198cae5b20cb94989e",
  "time" : {
    "start" : 1746323672842,
    "stop" : 1746323673157,
    "duration" : 315
  },
  "status" : "failed",
  "statusMessage" : "AssertionError: Result is not equal expected value",
  "statusTrace" : "self = <tests_api.test_bd.TestPOST object at 0x7fc875ffc320>\n\n    @allure.title('POST checking ports_len negative symbols')\n    def test_post_checking_ports_len_negative_symbols(self):\n        result = API.post_create_docker_container_checking_ports(\n            token=TestPOST.token,\n            port_len=\"qwert\")\n        Checking.check_status_code(result, 400)\n>       Checking.check_json_value(result, 'msg', \"msg[]: ports range isn't accepted\")\n\ntests_api/test_bd.py:399: \n_ _ _ _ _ _ _ _ _ _ _ _ _ _ _ _ _ _ _ _ _ _ _ _ _ _ _ _ _ _ _ _ _ _ _ _ _ _ _ _ \n\nresponse = <Response [400]>, field_name = 'msg'\nexpected_value = \"msg[]: ports range isn't accepted\"\n\n    @staticmethod\n    def check_json_value(response: requests.models.Response, field_name: str, expected_value):\n        \"\"\"\n        :param response: requests.models.Response\n        :param field_name:\n        :param expected_value:\n        \"\"\"\n        check = response.json()\n        check_info = check.get(field_name)\n        with allure.step(\n                f'Compare result request with expected value:'\n                f'\\nResponse: {response}\\nField name: {field_name}\\nValue: {expected_value}'):\n>           assert check_info == expected_value, 'Result is not equal expected value'\nE           AssertionError: Result is not equal expected value\n\ntests_api/utils/checking.py:57: AssertionError",
  "flaky" : false,
  "newFailed" : false,
  "beforeStages" : [ ],
  "testStage" : {
    "status" : "failed",
    "statusMessage" : "AssertionError: Result is not equal expected value",
    "statusTrace" : "self = <tests_api.test_bd.TestPOST object at 0x7fc875ffc320>\n\n    @allure.title('POST checking ports_len negative symbols')\n    def test_post_checking_ports_len_negative_symbols(self):\n        result = API.post_create_docker_container_checking_ports(\n            token=TestPOST.token,\n            port_len=\"qwert\")\n        Checking.check_status_code(result, 400)\n>       Checking.check_json_value(result, 'msg', \"msg[]: ports range isn't accepted\")\n\ntests_api/test_bd.py:399: \n_ _ _ _ _ _ _ _ _ _ _ _ _ _ _ _ _ _ _ _ _ _ _ _ _ _ _ _ _ _ _ _ _ _ _ _ _ _ _ _ \n\nresponse = <Response [400]>, field_name = 'msg'\nexpected_value = \"msg[]: ports range isn't accepted\"\n\n    @staticmethod\n    def check_json_value(response: requests.models.Response, field_name: str, expected_value):\n        \"\"\"\n        :param response: requests.models.Response\n        :param field_name:\n        :param expected_value:\n        \"\"\"\n        check = response.json()\n        check_info = check.get(field_name)\n        with allure.step(\n                f'Compare result request with expected value:'\n                f'\\nResponse: {response}\\nField name: {field_name}\\nValue: {expected_value}'):\n>           assert check_info == expected_value, 'Result is not equal expected value'\nE           AssertionError: Result is not equal expected value\n\ntests_api/utils/checking.py:57: AssertionError",
    "steps" : [ {
      "name" : "post_create_docker_container",
      "time" : {
        "start" : 1746323672842,
        "stop" : 1746323673157,
        "duration" : 315
      },
      "status" : "passed",
      "steps" : [ {
        "name" : "Endpoint: /container_create",
        "time" : {
          "start" : 1746323673157,
          "stop" : 1746323673157,
          "duration" : 0
        },
        "status" : "passed",
        "steps" : [ ],
        "attachments" : [ ],
        "parameters" : [ ],
        "stepsCount" : 0,
        "attachmentsCount" : 0,
        "shouldDisplayMessage" : false,
        "hasContent" : false
      }, {
        "name" : "Request:",
        "time" : {
          "start" : 1746323673157,
          "stop" : 1746323673157,
          "duration" : 0
        },
        "status" : "passed",
        "steps" : [ {
          "name" : "Headers: {'Content-Type': 'application/json', 'Authorization': '53bdccb8-2aea-4461-8dc6-c7215395930c'}",
          "time" : {
            "start" : 1746323673157,
            "stop" : 1746323673157,
            "duration" : 0
          },
          "status" : "passed",
          "steps" : [ ],
          "attachments" : [ ],
          "parameters" : [ ],
          "stepsCount" : 0,
          "attachmentsCount" : 0,
          "shouldDisplayMessage" : false,
          "hasContent" : false
        }, {
          "name" : "Body: {\"docker_image\": \"nginx\", \"int_ports\": f\"qwert\", \"env\": 3, \"region\": 3}",
          "time" : {
            "start" : 1746323673157,
            "stop" : 1746323673157,
            "duration" : 0
          },
          "status" : "passed",
          "steps" : [ ],
          "attachments" : [ ],
          "parameters" : [ ],
          "stepsCount" : 0,
          "attachmentsCount" : 0,
          "shouldDisplayMessage" : false,
          "hasContent" : false
        } ],
        "attachments" : [ ],
        "parameters" : [ ],
        "stepsCount" : 2,
        "attachmentsCount" : 0,
        "shouldDisplayMessage" : false,
        "hasContent" : true
      }, {
        "name" : "Response:",
        "time" : {
          "start" : 1746323673157,
          "stop" : 1746323673157,
          "duration" : 0
        },
        "status" : "passed",
        "steps" : [ {
          "name" : "Status code: 400",
          "time" : {
            "start" : 1746323673157,
            "stop" : 1746323673157,
            "duration" : 0
          },
          "status" : "passed",
          "steps" : [ ],
          "attachments" : [ ],
          "parameters" : [ ],
          "stepsCount" : 0,
          "attachmentsCount" : 0,
          "shouldDisplayMessage" : false,
          "hasContent" : false
        }, {
          "name" : "JSON: {\n    \"msg_code\": -1,\n    \"msg\": \"endpoint is disabled\"\n}\n",
          "time" : {
            "start" : 1746323673157,
            "stop" : 1746323673157,
            "duration" : 0
          },
          "status" : "passed",
          "steps" : [ ],
          "attachments" : [ ],
          "parameters" : [ ],
          "stepsCount" : 0,
          "attachmentsCount" : 0,
          "shouldDisplayMessage" : false,
          "hasContent" : false
        } ],
        "attachments" : [ ],
        "parameters" : [ ],
        "stepsCount" : 2,
        "attachmentsCount" : 0,
        "shouldDisplayMessage" : false,
        "hasContent" : true
      } ],
      "attachments" : [ ],
      "parameters" : [ ],
      "stepsCount" : 7,
      "attachmentsCount" : 0,
      "shouldDisplayMessage" : false,
      "hasContent" : true
    }, {
      "name" : "Assert status code: 400 == Response status code: 400",
      "time" : {
        "start" : 1746323673157,
        "stop" : 1746323673157,
        "duration" : 0
      },
      "status" : "passed",
      "steps" : [ ],
      "attachments" : [ ],
      "parameters" : [ ],
      "stepsCount" : 0,
      "attachmentsCount" : 0,
      "shouldDisplayMessage" : false,
      "hasContent" : false
    }, {
      "name" : "Compare result request with expected value:\nResponse: <Response [400]>\nField name: msg\nValue: msg[]: ports range isn't accepted",
      "time" : {
        "start" : 1746323673157,
        "stop" : 1746323673157,
        "duration" : 0
      },
      "status" : "failed",
      "statusMessage" : "AssertionError: Result is not equal expected value\n",
      "statusTrace" : "  File \"/home/runner/work/Oblache/Oblache/tests_api/utils/checking.py\", line 57, in check_json_value\n    assert check_info == expected_value, 'Result is not equal expected value'\n           ^^^^^^^^^^^^^^^^^^^^^^^^^^^^\n",
      "steps" : [ ],
      "attachments" : [ ],
      "parameters" : [ ],
      "stepsCount" : 0,
      "attachmentsCount" : 0,
      "shouldDisplayMessage" : true,
      "hasContent" : true
    } ],
    "attachments" : [ ],
    "parameters" : [ ],
    "stepsCount" : 10,
    "attachmentsCount" : 0,
    "shouldDisplayMessage" : true,
    "hasContent" : true
  },
  "afterStages" : [ ],
  "labels" : [ {
    "name" : "suite",
    "value" : "POST"
  }, {
    "name" : "parentSuite",
    "value" : "tests_api"
  }, {
    "name" : "subSuite",
    "value" : "TestPOST"
  }, {
    "name" : "host",
    "value" : "fv-az1950-655"
  }, {
    "name" : "thread",
    "value" : "2466-MainThread"
  }, {
    "name" : "framework",
    "value" : "pytest"
  }, {
    "name" : "language",
    "value" : "cpython3"
  }, {
    "name" : "package",
    "value" : "tests_api.test_bd"
  }, {
    "name" : "resultFormat",
    "value" : "allure2"
  } ],
  "parameters" : [ ],
  "links" : [ ],
  "hidden" : false,
  "retry" : false,
  "extra" : {
    "severity" : "normal",
    "retries" : [ ],
    "categories" : [ {
      "name" : "Product defects",
      "matchedStatuses" : [ ],
      "flaky" : false
    } ],
    "history" : {
      "statistic" : {
        "failed" : 193,
        "broken" : 3,
        "skipped" : 0,
        "passed" : 70,
        "unknown" : 0,
        "total" : 266
      },
      "items" : [ {
        "uid" : "a6b467a661e7ef7a",
        "reportUrl" : "https://Areso.github.io/Oblache/387//#testresult/a6b467a661e7ef7a",
        "status" : "failed",
        "statusDetails" : "AssertionError: Result is not equal expected value",
        "time" : {
          "start" : 1746236599814,
          "stop" : 1746236600303,
          "duration" : 489
        }
      }, {
        "uid" : "343ccd4db889a09b",
        "reportUrl" : "https://Areso.github.io/Oblache/386//#testresult/343ccd4db889a09b",
        "status" : "failed",
        "statusDetails" : "AssertionError: Result is not equal expected value",
        "time" : {
          "start" : 1746150351883,
          "stop" : 1746150352383,
          "duration" : 500
        }
      }, {
        "uid" : "7930429afb23838b",
        "reportUrl" : "https://Areso.github.io/Oblache/385//#testresult/7930429afb23838b",
        "status" : "failed",
        "statusDetails" : "AssertionError: Result is not equal expected value",
        "time" : {
          "start" : 1746064425356,
          "stop" : 1746064425656,
          "duration" : 300
        }
      }, {
        "uid" : "8754f622744e8dfa",
        "reportUrl" : "https://Areso.github.io/Oblache/384//#testresult/8754f622744e8dfa",
        "status" : "failed",
        "statusDetails" : "AssertionError: Result is not equal expected value",
        "time" : {
          "start" : 1745977507638,
          "stop" : 1745977507950,
          "duration" : 312
        }
      }, {
        "uid" : "f712ea7f003d0532",
        "reportUrl" : "https://Areso.github.io/Oblache/383//#testresult/f712ea7f003d0532",
        "status" : "failed",
        "statusDetails" : "AssertionError: Result is not equal expected value",
        "time" : {
          "start" : 1745891167805,
          "stop" : 1745891168318,
          "duration" : 513
        }
      }, {
        "uid" : "cbae8907e54e7f33",
        "reportUrl" : "https://Areso.github.io/Oblache/382//#testresult/cbae8907e54e7f33",
        "status" : "failed",
        "statusDetails" : "AssertionError: Result is not equal expected value",
        "time" : {
          "start" : 1745804881733,
          "stop" : 1745804882055,
          "duration" : 322
        }
      }, {
        "uid" : "21843e60c1dd9f2d",
        "reportUrl" : "https://Areso.github.io/Oblache/381//#testresult/21843e60c1dd9f2d",
        "status" : "failed",
        "statusDetails" : "AssertionError: Result is not equal expected value",
        "time" : {
          "start" : 1745718577836,
          "stop" : 1745718578244,
          "duration" : 408
        }
      }, {
        "uid" : "5f749ebfc79d73b0",
        "reportUrl" : "https://Areso.github.io/Oblache/380//#testresult/5f749ebfc79d73b0",
        "status" : "failed",
        "statusDetails" : "AssertionError: Result is not equal expected value",
        "time" : {
          "start" : 1745631678360,
          "stop" : 1745631678675,
          "duration" : 315
        }
      }, {
        "uid" : "6f2c19277c7cebdb",
        "reportUrl" : "https://Areso.github.io/Oblache/379//#testresult/6f2c19277c7cebdb",
        "status" : "failed",
        "statusDetails" : "AssertionError: Result is not equal expected value",
        "time" : {
          "start" : 1745545496256,
          "stop" : 1745545496572,
          "duration" : 316
        }
      }, {
        "uid" : "ab024837109318d7",
        "reportUrl" : "https://Areso.github.io/Oblache/378//#testresult/ab024837109318d7",
        "status" : "failed",
        "statusDetails" : "AssertionError: Result is not equal expected value",
        "time" : {
          "start" : 1745459074640,
          "stop" : 1745459075011,
          "duration" : 371
        }
      }, {
        "uid" : "7158085e2a392992",
        "reportUrl" : "https://Areso.github.io/Oblache/377//#testresult/7158085e2a392992",
        "status" : "failed",
        "statusDetails" : "AssertionError: Result is not equal expected value",
        "time" : {
          "start" : 1745372647278,
          "stop" : 1745372647574,
          "duration" : 296
        }
      }, {
        "uid" : "2e296f7bda5d88e3",
        "reportUrl" : "https://Areso.github.io/Oblache/376//#testresult/2e296f7bda5d88e3",
        "status" : "failed",
        "statusDetails" : "AssertionError: Result is not equal expected value",
        "time" : {
          "start" : 1745286243819,
          "stop" : 1745286244332,
          "duration" : 513
        }
      }, {
        "uid" : "51cca4e58e005c8",
        "reportUrl" : "https://Areso.github.io/Oblache/375//#testresult/51cca4e58e005c8",
        "status" : "failed",
        "statusDetails" : "AssertionError: Result is not equal expected value",
        "time" : {
          "start" : 1745200087463,
          "stop" : 1745200087766,
          "duration" : 303
        }
      }, {
        "uid" : "dfc0cf4ab52490d9",
        "reportUrl" : "https://Areso.github.io/Oblache/374//#testresult/dfc0cf4ab52490d9",
        "status" : "failed",
        "statusDetails" : "AssertionError: Result is not equal expected value",
        "time" : {
          "start" : 1745113742586,
          "stop" : 1745113742902,
          "duration" : 316
        }
      }, {
        "uid" : "31a2dd82e04c777f",
        "reportUrl" : "https://Areso.github.io/Oblache/373//#testresult/31a2dd82e04c777f",
        "status" : "failed",
        "statusDetails" : "AssertionError: Result is not equal expected value",
        "time" : {
          "start" : 1745026739475,
          "stop" : 1745026739954,
          "duration" : 479
        }
      }, {
        "uid" : "f0abd94e03ecc8e",
        "reportUrl" : "https://Areso.github.io/Oblache/372//#testresult/f0abd94e03ecc8e",
        "status" : "failed",
        "statusDetails" : "AssertionError: Result is not equal expected value",
        "time" : {
          "start" : 1744940468391,
          "stop" : 1744940468696,
          "duration" : 305
        }
      }, {
        "uid" : "4956c511cf36e265",
        "reportUrl" : "https://Areso.github.io/Oblache/371//#testresult/4956c511cf36e265",
        "status" : "failed",
        "statusDetails" : "AssertionError: Result is not equal expected value",
        "time" : {
          "start" : 1744854188221,
          "stop" : 1744854188577,
          "duration" : 356
        }
      }, {
        "uid" : "2491e4fdd2ad7242",
        "reportUrl" : "https://Areso.github.io/Oblache/370//#testresult/2491e4fdd2ad7242",
        "status" : "failed",
        "statusDetails" : "AssertionError: Result is not equal expected value",
        "time" : {
          "start" : 1744767878669,
          "stop" : 1744767879030,
          "duration" : 361
        }
      }, {
        "uid" : "abe1539141568a1e",
        "reportUrl" : "https://Areso.github.io/Oblache/369//#testresult/abe1539141568a1e",
        "status" : "failed",
        "statusDetails" : "AssertionError: Result is not equal expected value",
        "time" : {
          "start" : 1744681521524,
          "stop" : 1744681522023,
          "duration" : 499
        }
      }, {
        "uid" : "ca43f3b0cb1987",
        "reportUrl" : "https://Areso.github.io/Oblache/368//#testresult/ca43f3b0cb1987",
        "status" : "failed",
        "statusDetails" : "AssertionError: Result is not equal expected value",
        "time" : {
          "start" : 1744595153290,
          "stop" : 1744595153606,
          "duration" : 316
        }
      } ]
    },
    "tags" : [ ]
  },
  "source" : "5d8d84850d217750.json",
  "parameterValues" : [ ]
}