{
  "uid" : "a4e538079213512f",
  "name" : "POST create_docker_container_without_token",
  "fullName" : "tests_api.test_bd.TestPOST#test_post_create_docker_with_defunct_image",
  "historyId" : "346493b9ad20460bc067ba466e60ac88",
  "time" : {
    "start" : 1738027445949,
    "stop" : 1738027446304,
    "duration" : 355
  },
  "status" : "failed",
  "statusMessage" : "AssertionError: Result is not equal expected value",
  "statusTrace" : "self = <tests_api.test_bd.TestPOST object at 0x7fe5c5036540>\n\n    @allure.title('POST create_docker_container_without_token')\n    def test_post_create_docker_with_defunct_image(self):\n        result = API.post_create_docker_container_with_defunct_image(token=TestPOST.token)\n        Checking.check_status_code(result, 400)\n>       Checking.check_json_value(result, 'msg', \"msg[]: the image doesn't found in the DockerHub\")\n\ntests_api/test_bd.py:411: \n_ _ _ _ _ _ _ _ _ _ _ _ _ _ _ _ _ _ _ _ _ _ _ _ _ _ _ _ _ _ _ _ _ _ _ _ _ _ _ _ \n\nresponse = <Response [400]>, field_name = 'msg'\nexpected_value = \"msg[]: the image doesn't found in the DockerHub\"\n\n    @staticmethod\n    def check_json_value(response: requests.models.Response, field_name: str, expected_value):\n        \"\"\"\n        :param response: requests.models.Response\n        :param field_name:\n        :param expected_value:\n        \"\"\"\n        check = response.json()\n        check_info = check.get(field_name)\n        with allure.step(\n                f'Compare result request with expected value:'\n                f'\\nResponse: {response}\\nField name: {field_name}\\nValue: {expected_value}'):\n>           assert check_info == expected_value, 'Result is not equal expected value'\nE           AssertionError: Result is not equal expected value\n\ntests_api/utils/checking.py:57: AssertionError",
  "flaky" : false,
  "newFailed" : false,
  "beforeStages" : [ ],
  "testStage" : {
    "status" : "failed",
    "statusMessage" : "AssertionError: Result is not equal expected value",
    "statusTrace" : "self = <tests_api.test_bd.TestPOST object at 0x7fe5c5036540>\n\n    @allure.title('POST create_docker_container_without_token')\n    def test_post_create_docker_with_defunct_image(self):\n        result = API.post_create_docker_container_with_defunct_image(token=TestPOST.token)\n        Checking.check_status_code(result, 400)\n>       Checking.check_json_value(result, 'msg', \"msg[]: the image doesn't found in the DockerHub\")\n\ntests_api/test_bd.py:411: \n_ _ _ _ _ _ _ _ _ _ _ _ _ _ _ _ _ _ _ _ _ _ _ _ _ _ _ _ _ _ _ _ _ _ _ _ _ _ _ _ \n\nresponse = <Response [400]>, field_name = 'msg'\nexpected_value = \"msg[]: the image doesn't found in the DockerHub\"\n\n    @staticmethod\n    def check_json_value(response: requests.models.Response, field_name: str, expected_value):\n        \"\"\"\n        :param response: requests.models.Response\n        :param field_name:\n        :param expected_value:\n        \"\"\"\n        check = response.json()\n        check_info = check.get(field_name)\n        with allure.step(\n                f'Compare result request with expected value:'\n                f'\\nResponse: {response}\\nField name: {field_name}\\nValue: {expected_value}'):\n>           assert check_info == expected_value, 'Result is not equal expected value'\nE           AssertionError: Result is not equal expected value\n\ntests_api/utils/checking.py:57: AssertionError",
    "steps" : [ {
      "name" : "post_create_docker_container_with_defunct_image",
      "time" : {
        "start" : 1738027445949,
        "stop" : 1738027446304,
        "duration" : 355
      },
      "status" : "passed",
      "steps" : [ {
        "name" : "Endpoint: /container_create",
        "time" : {
          "start" : 1738027446304,
          "stop" : 1738027446304,
          "duration" : 0
        },
        "status" : "passed",
        "steps" : [ ],
        "attachments" : [ ],
        "parameters" : [ ],
        "attachmentsCount" : 0,
        "shouldDisplayMessage" : false,
        "hasContent" : false,
        "stepsCount" : 0
      }, {
        "name" : "Request:",
        "time" : {
          "start" : 1738027446304,
          "stop" : 1738027446304,
          "duration" : 0
        },
        "status" : "passed",
        "steps" : [ {
          "name" : "Url: https://dbend.areso.pro/container_create",
          "time" : {
            "start" : 1738027446304,
            "stop" : 1738027446304,
            "duration" : 0
          },
          "status" : "passed",
          "steps" : [ ],
          "attachments" : [ ],
          "parameters" : [ ],
          "attachmentsCount" : 0,
          "shouldDisplayMessage" : false,
          "hasContent" : false,
          "stepsCount" : 0
        }, {
          "name" : "Headers: {'Content-Type': 'application/json', 'Authorization': 'a15687ea-da43-465e-840b-d4d960e29e77'}",
          "time" : {
            "start" : 1738027446304,
            "stop" : 1738027446304,
            "duration" : 0
          },
          "status" : "passed",
          "steps" : [ ],
          "attachments" : [ ],
          "parameters" : [ ],
          "attachmentsCount" : 0,
          "shouldDisplayMessage" : false,
          "hasContent" : false,
          "stepsCount" : 0
        }, {
          "name" : "Body: {\"docker_image\": \"\", \"int_ports\": \"80\", \"env\": 3, \"region\": 3}",
          "time" : {
            "start" : 1738027446304,
            "stop" : 1738027446304,
            "duration" : 0
          },
          "status" : "passed",
          "steps" : [ ],
          "attachments" : [ ],
          "parameters" : [ ],
          "attachmentsCount" : 0,
          "shouldDisplayMessage" : false,
          "hasContent" : false,
          "stepsCount" : 0
        } ],
        "attachments" : [ ],
        "parameters" : [ ],
        "attachmentsCount" : 0,
        "shouldDisplayMessage" : false,
        "hasContent" : true,
        "stepsCount" : 3
      }, {
        "name" : "Response:",
        "time" : {
          "start" : 1738027446304,
          "stop" : 1738027446304,
          "duration" : 0
        },
        "status" : "passed",
        "steps" : [ {
          "name" : "Status code: 400",
          "time" : {
            "start" : 1738027446304,
            "stop" : 1738027446304,
            "duration" : 0
          },
          "status" : "passed",
          "steps" : [ ],
          "attachments" : [ ],
          "parameters" : [ ],
          "attachmentsCount" : 0,
          "shouldDisplayMessage" : false,
          "hasContent" : false,
          "stepsCount" : 0
        }, {
          "name" : "JSON: {\n    \"msg_code\": -1,\n    \"msg\": \"endpoint is disabled\"\n}\n",
          "time" : {
            "start" : 1738027446304,
            "stop" : 1738027446304,
            "duration" : 0
          },
          "status" : "passed",
          "steps" : [ ],
          "attachments" : [ ],
          "parameters" : [ ],
          "attachmentsCount" : 0,
          "shouldDisplayMessage" : false,
          "hasContent" : false,
          "stepsCount" : 0
        } ],
        "attachments" : [ ],
        "parameters" : [ ],
        "attachmentsCount" : 0,
        "shouldDisplayMessage" : false,
        "hasContent" : true,
        "stepsCount" : 2
      } ],
      "attachments" : [ ],
      "parameters" : [ ],
      "attachmentsCount" : 0,
      "shouldDisplayMessage" : false,
      "hasContent" : true,
      "stepsCount" : 8
    }, {
      "name" : "Assert status code: 400 == Response status code: 400",
      "time" : {
        "start" : 1738027446304,
        "stop" : 1738027446304,
        "duration" : 0
      },
      "status" : "passed",
      "steps" : [ ],
      "attachments" : [ ],
      "parameters" : [ ],
      "attachmentsCount" : 0,
      "shouldDisplayMessage" : false,
      "hasContent" : false,
      "stepsCount" : 0
    }, {
      "name" : "Compare result request with expected value:\nResponse: <Response [400]>\nField name: msg\nValue: msg[]: the image doesn't found in the DockerHub",
      "time" : {
        "start" : 1738027446304,
        "stop" : 1738027446304,
        "duration" : 0
      },
      "status" : "failed",
      "statusMessage" : "AssertionError: Result is not equal expected value\n",
      "statusTrace" : "  File \"/home/runner/work/Oblache/Oblache/tests_api/utils/checking.py\", line 57, in check_json_value\n    assert check_info == expected_value, 'Result is not equal expected value'\n           ^^^^^^^^^^^^^^^^^^^^^^^^^^^^\n",
      "steps" : [ ],
      "attachments" : [ ],
      "parameters" : [ ],
      "attachmentsCount" : 0,
      "shouldDisplayMessage" : true,
      "hasContent" : true,
      "stepsCount" : 0
    } ],
    "attachments" : [ ],
    "parameters" : [ ],
    "attachmentsCount" : 0,
    "shouldDisplayMessage" : true,
    "hasContent" : true,
    "stepsCount" : 11
  },
  "afterStages" : [ ],
  "labels" : [ {
    "name" : "suite",
    "value" : "POST"
  }, {
    "name" : "parentSuite",
    "value" : "tests_api"
  }, {
    "name" : "subSuite",
    "value" : "TestPOST"
  }, {
    "name" : "host",
    "value" : "fv-az1042-771"
  }, {
    "name" : "thread",
    "value" : "2446-MainThread"
  }, {
    "name" : "framework",
    "value" : "pytest"
  }, {
    "name" : "language",
    "value" : "cpython3"
  }, {
    "name" : "package",
    "value" : "tests_api.test_bd"
  }, {
    "name" : "resultFormat",
    "value" : "allure2"
  } ],
  "parameters" : [ ],
  "links" : [ ],
  "hidden" : false,
  "retry" : false,
  "extra" : {
    "severity" : "normal",
    "retries" : [ ],
    "categories" : [ {
      "name" : "Product defects",
      "matchedStatuses" : [ ],
      "flaky" : false
    } ],
    "history" : {
      "statistic" : {
        "failed" : 97,
        "broken" : 3,
        "skipped" : 0,
        "passed" : 70,
        "unknown" : 0,
        "total" : 170
      },
      "items" : [ {
        "uid" : "13d32983da48384",
        "reportUrl" : "https://Areso.github.io/Oblache/291//#testresult/13d32983da48384",
        "status" : "failed",
        "statusDetails" : "AssertionError: Result is not equal expected value",
        "time" : {
          "start" : 1737941154795,
          "stop" : 1737941155166,
          "duration" : 371
        }
      }, {
        "uid" : "fd71bf2a40b7fb47",
        "reportUrl" : "https://Areso.github.io/Oblache/290//#testresult/fd71bf2a40b7fb47",
        "status" : "failed",
        "statusDetails" : "AssertionError: Result is not equal expected value",
        "time" : {
          "start" : 1737854830706,
          "stop" : 1737854831182,
          "duration" : 476
        }
      }, {
        "uid" : "df7989d7b1bb0b30",
        "reportUrl" : "https://Areso.github.io/Oblache/289//#testresult/df7989d7b1bb0b30",
        "status" : "failed",
        "statusDetails" : "AssertionError: Result is not equal expected value",
        "time" : {
          "start" : 1737768054941,
          "stop" : 1737768055254,
          "duration" : 313
        }
      }, {
        "uid" : "1c362d69bf017153",
        "reportUrl" : "https://Areso.github.io/Oblache/288//#testresult/1c362d69bf017153",
        "status" : "failed",
        "statusDetails" : "AssertionError: Result is not equal expected value",
        "time" : {
          "start" : 1737681898211,
          "stop" : 1737681898739,
          "duration" : 528
        }
      }, {
        "uid" : "2aefab9e5395c5dd",
        "reportUrl" : "https://Areso.github.io/Oblache/287//#testresult/2aefab9e5395c5dd",
        "status" : "failed",
        "statusDetails" : "AssertionError: Result is not equal expected value",
        "time" : {
          "start" : 1737595471823,
          "stop" : 1737595472180,
          "duration" : 357
        }
      }, {
        "uid" : "a5421500d6b2155",
        "reportUrl" : "https://Areso.github.io/Oblache/286//#testresult/a5421500d6b2155",
        "status" : "failed",
        "statusDetails" : "AssertionError: Result is not equal expected value",
        "time" : {
          "start" : 1737509189932,
          "stop" : 1737509190436,
          "duration" : 504
        }
      }, {
        "uid" : "e5864016a4265092",
        "reportUrl" : "https://Areso.github.io/Oblache/285//#testresult/e5864016a4265092",
        "status" : "failed",
        "statusDetails" : "AssertionError: Result is not equal expected value",
        "time" : {
          "start" : 1737422654401,
          "stop" : 1737422654720,
          "duration" : 319
        }
      }, {
        "uid" : "ea3505d234e7a38a",
        "reportUrl" : "https://Areso.github.io/Oblache/284//#testresult/ea3505d234e7a38a",
        "status" : "failed",
        "statusDetails" : "AssertionError: Result is not equal expected value",
        "time" : {
          "start" : 1737336347268,
          "stop" : 1737336347644,
          "duration" : 376
        }
      }, {
        "uid" : "3ec8f8c477572d90",
        "reportUrl" : "https://Areso.github.io/Oblache/283//#testresult/3ec8f8c477572d90",
        "status" : "failed",
        "statusDetails" : "AssertionError: Result is not equal expected value",
        "time" : {
          "start" : 1737250618654,
          "stop" : 1737250619022,
          "duration" : 368
        }
      }, {
        "uid" : "7ba0175920cc3e5d",
        "reportUrl" : "https://Areso.github.io/Oblache/282//#testresult/7ba0175920cc3e5d",
        "status" : "failed",
        "statusDetails" : "AssertionError: Result is not equal expected value",
        "time" : {
          "start" : 1737163312118,
          "stop" : 1737163312526,
          "duration" : 408
        }
      }, {
        "uid" : "619b8b3b095ded28",
        "reportUrl" : "https://Areso.github.io/Oblache/281//#testresult/619b8b3b095ded28",
        "status" : "failed",
        "statusDetails" : "AssertionError: Result is not equal expected value",
        "time" : {
          "start" : 1737077023681,
          "stop" : 1737077024004,
          "duration" : 323
        }
      }, {
        "uid" : "e53e36e2f7704eb1",
        "reportUrl" : "https://Areso.github.io/Oblache/280//#testresult/e53e36e2f7704eb1",
        "status" : "failed",
        "statusDetails" : "AssertionError: Result is not equal expected value",
        "time" : {
          "start" : 1736990650301,
          "stop" : 1736990650617,
          "duration" : 316
        }
      }, {
        "uid" : "eb55d5e53ae9b90",
        "reportUrl" : "https://Areso.github.io/Oblache/279//#testresult/eb55d5e53ae9b90",
        "status" : "failed",
        "statusDetails" : "AssertionError: Result is not equal expected value",
        "time" : {
          "start" : 1736904298043,
          "stop" : 1736904298401,
          "duration" : 358
        }
      }, {
        "uid" : "9b7bdcc952ca5a5e",
        "reportUrl" : "https://Areso.github.io/Oblache/278//#testresult/9b7bdcc952ca5a5e",
        "status" : "failed",
        "statusDetails" : "AssertionError: Incorrect status code: 500",
        "time" : {
          "start" : 1736817788375,
          "stop" : 1736817788703,
          "duration" : 328
        }
      }, {
        "uid" : "25a16fcf96638e23",
        "reportUrl" : "https://Areso.github.io/Oblache/277//#testresult/25a16fcf96638e23",
        "status" : "failed",
        "statusDetails" : "AssertionError: Result is not equal expected value",
        "time" : {
          "start" : 1736732322204,
          "stop" : 1736732322570,
          "duration" : 366
        }
      }, {
        "uid" : "e2983deeb2ca1cfc",
        "reportUrl" : "https://Areso.github.io/Oblache/276//#testresult/e2983deeb2ca1cfc",
        "status" : "failed",
        "statusDetails" : "AssertionError: Result is not equal expected value",
        "time" : {
          "start" : 1736646096583,
          "stop" : 1736646096900,
          "duration" : 317
        }
      }, {
        "uid" : "26751e22c9951aa5",
        "reportUrl" : "https://Areso.github.io/Oblache/275//#testresult/26751e22c9951aa5",
        "status" : "failed",
        "statusDetails" : "AssertionError: Result is not equal expected value",
        "time" : {
          "start" : 1736558832969,
          "stop" : 1736558833300,
          "duration" : 331
        }
      }, {
        "uid" : "7a1351ba5a3b6cef",
        "reportUrl" : "https://Areso.github.io/Oblache/274//#testresult/7a1351ba5a3b6cef",
        "status" : "failed",
        "statusDetails" : "AssertionError: Result is not equal expected value",
        "time" : {
          "start" : 1736472983557,
          "stop" : 1736472983858,
          "duration" : 301
        }
      }, {
        "uid" : "4e7dc1fb87f13801",
        "reportUrl" : "https://Areso.github.io/Oblache/273//#testresult/4e7dc1fb87f13801",
        "status" : "failed",
        "statusDetails" : "AssertionError: Result is not equal expected value",
        "time" : {
          "start" : 1736385990080,
          "stop" : 1736385990594,
          "duration" : 514
        }
      }, {
        "uid" : "1c9d3036c7058000",
        "reportUrl" : "https://Areso.github.io/Oblache/272//#testresult/1c9d3036c7058000",
        "status" : "failed",
        "statusDetails" : "AssertionError: Result is not equal expected value",
        "time" : {
          "start" : 1736299615544,
          "stop" : 1736299615907,
          "duration" : 363
        }
      } ]
    },
    "tags" : [ ]
  },
  "source" : "a4e538079213512f.json",
  "parameterValues" : [ ]
}