{
  "uid" : "3ec8f8c477572d90",
  "name" : "POST create_docker_container_without_token",
  "fullName" : "tests_api.test_bd.TestPOST#test_post_create_docker_with_defunct_image",
  "historyId" : "346493b9ad20460bc067ba466e60ac88",
  "time" : {
    "start" : 1737250618654,
    "stop" : 1737250619022,
    "duration" : 368
  },
  "status" : "failed",
  "statusMessage" : "AssertionError: Result is not equal expected value",
  "statusTrace" : "self = <tests_api.test_bd.TestPOST object at 0x7fd8bb0460c0>\n\n    @allure.title('POST create_docker_container_without_token')\n    def test_post_create_docker_with_defunct_image(self):\n        result = API.post_create_docker_container_with_defunct_image(token=TestPOST.token)\n        Checking.check_status_code(result, 400)\n>       Checking.check_json_value(result, 'msg', \"msg[]: the image doesn't found in the DockerHub\")\n\ntests_api/test_bd.py:411: \n_ _ _ _ _ _ _ _ _ _ _ _ _ _ _ _ _ _ _ _ _ _ _ _ _ _ _ _ _ _ _ _ _ _ _ _ _ _ _ _ \n\nresponse = <Response [400]>, field_name = 'msg'\nexpected_value = \"msg[]: the image doesn't found in the DockerHub\"\n\n    @staticmethod\n    def check_json_value(response: requests.models.Response, field_name: str, expected_value):\n        \"\"\"\n        :param response: requests.models.Response\n        :param field_name:\n        :param expected_value:\n        \"\"\"\n        check = response.json()\n        check_info = check.get(field_name)\n        with allure.step(\n                f'Compare result request with expected value:'\n                f'\\nResponse: {response}\\nField name: {field_name}\\nValue: {expected_value}'):\n>           assert check_info == expected_value, 'Result is not equal expected value'\nE           AssertionError: Result is not equal expected value\n\ntests_api/utils/checking.py:57: AssertionError",
  "flaky" : false,
  "newFailed" : false,
  "beforeStages" : [ ],
  "testStage" : {
    "status" : "failed",
    "statusMessage" : "AssertionError: Result is not equal expected value",
    "statusTrace" : "self = <tests_api.test_bd.TestPOST object at 0x7fd8bb0460c0>\n\n    @allure.title('POST create_docker_container_without_token')\n    def test_post_create_docker_with_defunct_image(self):\n        result = API.post_create_docker_container_with_defunct_image(token=TestPOST.token)\n        Checking.check_status_code(result, 400)\n>       Checking.check_json_value(result, 'msg', \"msg[]: the image doesn't found in the DockerHub\")\n\ntests_api/test_bd.py:411: \n_ _ _ _ _ _ _ _ _ _ _ _ _ _ _ _ _ _ _ _ _ _ _ _ _ _ _ _ _ _ _ _ _ _ _ _ _ _ _ _ \n\nresponse = <Response [400]>, field_name = 'msg'\nexpected_value = \"msg[]: the image doesn't found in the DockerHub\"\n\n    @staticmethod\n    def check_json_value(response: requests.models.Response, field_name: str, expected_value):\n        \"\"\"\n        :param response: requests.models.Response\n        :param field_name:\n        :param expected_value:\n        \"\"\"\n        check = response.json()\n        check_info = check.get(field_name)\n        with allure.step(\n                f'Compare result request with expected value:'\n                f'\\nResponse: {response}\\nField name: {field_name}\\nValue: {expected_value}'):\n>           assert check_info == expected_value, 'Result is not equal expected value'\nE           AssertionError: Result is not equal expected value\n\ntests_api/utils/checking.py:57: AssertionError",
    "steps" : [ {
      "name" : "post_create_docker_container_with_defunct_image",
      "time" : {
        "start" : 1737250618654,
        "stop" : 1737250619022,
        "duration" : 368
      },
      "status" : "passed",
      "steps" : [ {
        "name" : "Endpoint: /container_create",
        "time" : {
          "start" : 1737250619022,
          "stop" : 1737250619022,
          "duration" : 0
        },
        "status" : "passed",
        "steps" : [ ],
        "attachments" : [ ],
        "parameters" : [ ],
        "stepsCount" : 0,
        "attachmentsCount" : 0,
        "shouldDisplayMessage" : false,
        "hasContent" : false
      }, {
        "name" : "Request:",
        "time" : {
          "start" : 1737250619022,
          "stop" : 1737250619022,
          "duration" : 0
        },
        "status" : "passed",
        "steps" : [ {
          "name" : "Url: https://dbend.areso.pro/container_create",
          "time" : {
            "start" : 1737250619022,
            "stop" : 1737250619022,
            "duration" : 0
          },
          "status" : "passed",
          "steps" : [ ],
          "attachments" : [ ],
          "parameters" : [ ],
          "stepsCount" : 0,
          "attachmentsCount" : 0,
          "shouldDisplayMessage" : false,
          "hasContent" : false
        }, {
          "name" : "Headers: {'Content-Type': 'application/json', 'Authorization': 'efd52a12-732a-43dd-97a8-3b1d366b05fe'}",
          "time" : {
            "start" : 1737250619022,
            "stop" : 1737250619022,
            "duration" : 0
          },
          "status" : "passed",
          "steps" : [ ],
          "attachments" : [ ],
          "parameters" : [ ],
          "stepsCount" : 0,
          "attachmentsCount" : 0,
          "shouldDisplayMessage" : false,
          "hasContent" : false
        }, {
          "name" : "Body: {\"docker_image\": \"\", \"int_ports\": \"80\", \"env\": 3, \"region\": 3}",
          "time" : {
            "start" : 1737250619022,
            "stop" : 1737250619022,
            "duration" : 0
          },
          "status" : "passed",
          "steps" : [ ],
          "attachments" : [ ],
          "parameters" : [ ],
          "stepsCount" : 0,
          "attachmentsCount" : 0,
          "shouldDisplayMessage" : false,
          "hasContent" : false
        } ],
        "attachments" : [ ],
        "parameters" : [ ],
        "stepsCount" : 3,
        "attachmentsCount" : 0,
        "shouldDisplayMessage" : false,
        "hasContent" : true
      }, {
        "name" : "Response:",
        "time" : {
          "start" : 1737250619022,
          "stop" : 1737250619022,
          "duration" : 0
        },
        "status" : "passed",
        "steps" : [ {
          "name" : "Status code: 400",
          "time" : {
            "start" : 1737250619022,
            "stop" : 1737250619022,
            "duration" : 0
          },
          "status" : "passed",
          "steps" : [ ],
          "attachments" : [ ],
          "parameters" : [ ],
          "stepsCount" : 0,
          "attachmentsCount" : 0,
          "shouldDisplayMessage" : false,
          "hasContent" : false
        }, {
          "name" : "JSON: {\n    \"msg_code\": -1,\n    \"msg\": \"endpoint is disabled\"\n}\n",
          "time" : {
            "start" : 1737250619022,
            "stop" : 1737250619022,
            "duration" : 0
          },
          "status" : "passed",
          "steps" : [ ],
          "attachments" : [ ],
          "parameters" : [ ],
          "stepsCount" : 0,
          "attachmentsCount" : 0,
          "shouldDisplayMessage" : false,
          "hasContent" : false
        } ],
        "attachments" : [ ],
        "parameters" : [ ],
        "stepsCount" : 2,
        "attachmentsCount" : 0,
        "shouldDisplayMessage" : false,
        "hasContent" : true
      } ],
      "attachments" : [ ],
      "parameters" : [ ],
      "stepsCount" : 8,
      "attachmentsCount" : 0,
      "shouldDisplayMessage" : false,
      "hasContent" : true
    }, {
      "name" : "Assert status code: 400 == Response status code: 400",
      "time" : {
        "start" : 1737250619022,
        "stop" : 1737250619022,
        "duration" : 0
      },
      "status" : "passed",
      "steps" : [ ],
      "attachments" : [ ],
      "parameters" : [ ],
      "stepsCount" : 0,
      "attachmentsCount" : 0,
      "shouldDisplayMessage" : false,
      "hasContent" : false
    }, {
      "name" : "Compare result request with expected value:\nResponse: <Response [400]>\nField name: msg\nValue: msg[]: the image doesn't found in the DockerHub",
      "time" : {
        "start" : 1737250619022,
        "stop" : 1737250619022,
        "duration" : 0
      },
      "status" : "failed",
      "statusMessage" : "AssertionError: Result is not equal expected value\n",
      "statusTrace" : "  File \"/home/runner/work/Oblache/Oblache/tests_api/utils/checking.py\", line 57, in check_json_value\n    assert check_info == expected_value, 'Result is not equal expected value'\n           ^^^^^^^^^^^^^^^^^^^^^^^^^^^^\n",
      "steps" : [ ],
      "attachments" : [ ],
      "parameters" : [ ],
      "stepsCount" : 0,
      "attachmentsCount" : 0,
      "shouldDisplayMessage" : true,
      "hasContent" : true
    } ],
    "attachments" : [ ],
    "parameters" : [ ],
    "stepsCount" : 11,
    "attachmentsCount" : 0,
    "shouldDisplayMessage" : true,
    "hasContent" : true
  },
  "afterStages" : [ ],
  "labels" : [ {
    "name" : "suite",
    "value" : "POST"
  }, {
    "name" : "parentSuite",
    "value" : "tests_api"
  }, {
    "name" : "subSuite",
    "value" : "TestPOST"
  }, {
    "name" : "host",
    "value" : "fv-az1371-941"
  }, {
    "name" : "thread",
    "value" : "2508-MainThread"
  }, {
    "name" : "framework",
    "value" : "pytest"
  }, {
    "name" : "language",
    "value" : "cpython3"
  }, {
    "name" : "package",
    "value" : "tests_api.test_bd"
  }, {
    "name" : "resultFormat",
    "value" : "allure2"
  } ],
  "parameters" : [ ],
  "links" : [ ],
  "hidden" : false,
  "retry" : false,
  "extra" : {
    "severity" : "normal",
    "retries" : [ ],
    "categories" : [ {
      "name" : "Product defects",
      "matchedStatuses" : [ ],
      "flaky" : false
    } ],
    "history" : {
      "statistic" : {
        "failed" : 88,
        "broken" : 3,
        "skipped" : 0,
        "passed" : 70,
        "unknown" : 0,
        "total" : 161
      },
      "items" : [ {
        "uid" : "7ba0175920cc3e5d",
        "reportUrl" : "https://Areso.github.io/Oblache/282//#testresult/7ba0175920cc3e5d",
        "status" : "failed",
        "statusDetails" : "AssertionError: Result is not equal expected value",
        "time" : {
          "start" : 1737163312118,
          "stop" : 1737163312526,
          "duration" : 408
        }
      }, {
        "uid" : "619b8b3b095ded28",
        "reportUrl" : "https://Areso.github.io/Oblache/281//#testresult/619b8b3b095ded28",
        "status" : "failed",
        "statusDetails" : "AssertionError: Result is not equal expected value",
        "time" : {
          "start" : 1737077023681,
          "stop" : 1737077024004,
          "duration" : 323
        }
      }, {
        "uid" : "e53e36e2f7704eb1",
        "reportUrl" : "https://Areso.github.io/Oblache/280//#testresult/e53e36e2f7704eb1",
        "status" : "failed",
        "statusDetails" : "AssertionError: Result is not equal expected value",
        "time" : {
          "start" : 1736990650301,
          "stop" : 1736990650617,
          "duration" : 316
        }
      }, {
        "uid" : "eb55d5e53ae9b90",
        "reportUrl" : "https://Areso.github.io/Oblache/279//#testresult/eb55d5e53ae9b90",
        "status" : "failed",
        "statusDetails" : "AssertionError: Result is not equal expected value",
        "time" : {
          "start" : 1736904298043,
          "stop" : 1736904298401,
          "duration" : 358
        }
      }, {
        "uid" : "9b7bdcc952ca5a5e",
        "reportUrl" : "https://Areso.github.io/Oblache/278//#testresult/9b7bdcc952ca5a5e",
        "status" : "failed",
        "statusDetails" : "AssertionError: Incorrect status code: 500",
        "time" : {
          "start" : 1736817788375,
          "stop" : 1736817788703,
          "duration" : 328
        }
      }, {
        "uid" : "25a16fcf96638e23",
        "reportUrl" : "https://Areso.github.io/Oblache/277//#testresult/25a16fcf96638e23",
        "status" : "failed",
        "statusDetails" : "AssertionError: Result is not equal expected value",
        "time" : {
          "start" : 1736732322204,
          "stop" : 1736732322570,
          "duration" : 366
        }
      }, {
        "uid" : "e2983deeb2ca1cfc",
        "reportUrl" : "https://Areso.github.io/Oblache/276//#testresult/e2983deeb2ca1cfc",
        "status" : "failed",
        "statusDetails" : "AssertionError: Result is not equal expected value",
        "time" : {
          "start" : 1736646096583,
          "stop" : 1736646096900,
          "duration" : 317
        }
      }, {
        "uid" : "26751e22c9951aa5",
        "reportUrl" : "https://Areso.github.io/Oblache/275//#testresult/26751e22c9951aa5",
        "status" : "failed",
        "statusDetails" : "AssertionError: Result is not equal expected value",
        "time" : {
          "start" : 1736558832969,
          "stop" : 1736558833300,
          "duration" : 331
        }
      }, {
        "uid" : "7a1351ba5a3b6cef",
        "reportUrl" : "https://Areso.github.io/Oblache/274//#testresult/7a1351ba5a3b6cef",
        "status" : "failed",
        "statusDetails" : "AssertionError: Result is not equal expected value",
        "time" : {
          "start" : 1736472983557,
          "stop" : 1736472983858,
          "duration" : 301
        }
      }, {
        "uid" : "4e7dc1fb87f13801",
        "reportUrl" : "https://Areso.github.io/Oblache/273//#testresult/4e7dc1fb87f13801",
        "status" : "failed",
        "statusDetails" : "AssertionError: Result is not equal expected value",
        "time" : {
          "start" : 1736385990080,
          "stop" : 1736385990594,
          "duration" : 514
        }
      }, {
        "uid" : "1c9d3036c7058000",
        "reportUrl" : "https://Areso.github.io/Oblache/272//#testresult/1c9d3036c7058000",
        "status" : "failed",
        "statusDetails" : "AssertionError: Result is not equal expected value",
        "time" : {
          "start" : 1736299615544,
          "stop" : 1736299615907,
          "duration" : 363
        }
      }, {
        "uid" : "1c124317dfd8828a",
        "reportUrl" : "https://Areso.github.io/Oblache/271//#testresult/1c124317dfd8828a",
        "status" : "failed",
        "statusDetails" : "AssertionError: Result is not equal expected value",
        "time" : {
          "start" : 1736213231871,
          "stop" : 1736213232235,
          "duration" : 364
        }
      }, {
        "uid" : "6d4bcc498e234929",
        "reportUrl" : "https://Areso.github.io/Oblache/270//#testresult/6d4bcc498e234929",
        "status" : "failed",
        "statusDetails" : "AssertionError: Result is not equal expected value",
        "time" : {
          "start" : 1736127502814,
          "stop" : 1736127503331,
          "duration" : 517
        }
      }, {
        "uid" : "5c7a2eb59906d5f8",
        "reportUrl" : "https://Areso.github.io/Oblache/269//#testresult/5c7a2eb59906d5f8",
        "status" : "failed",
        "statusDetails" : "AssertionError: Result is not equal expected value",
        "time" : {
          "start" : 1736041213750,
          "stop" : 1736041214270,
          "duration" : 520
        }
      }, {
        "uid" : "6795783907d20aab",
        "reportUrl" : "https://Areso.github.io/Oblache/268//#testresult/6795783907d20aab",
        "status" : "failed",
        "statusDetails" : "AssertionError: Result is not equal expected value",
        "time" : {
          "start" : 1735953926415,
          "stop" : 1735953926932,
          "duration" : 517
        }
      }, {
        "uid" : "1399fec3594450f6",
        "reportUrl" : "https://Areso.github.io/Oblache/267//#testresult/1399fec3594450f6",
        "status" : "failed",
        "statusDetails" : "AssertionError: Result is not equal expected value",
        "time" : {
          "start" : 1735867606342,
          "stop" : 1735867606674,
          "duration" : 332
        }
      }, {
        "uid" : "3630978269b27f30",
        "reportUrl" : "https://Areso.github.io/Oblache/266//#testresult/3630978269b27f30",
        "status" : "failed",
        "statusDetails" : "AssertionError: Result is not equal expected value",
        "time" : {
          "start" : 1735781162483,
          "stop" : 1735781163003,
          "duration" : 520
        }
      }, {
        "uid" : "b0f98739e91528b3",
        "reportUrl" : "https://Areso.github.io/Oblache/265//#testresult/b0f98739e91528b3",
        "status" : "failed",
        "statusDetails" : "AssertionError: Result is not equal expected value",
        "time" : {
          "start" : 1735695653697,
          "stop" : 1735695654017,
          "duration" : 320
        }
      }, {
        "uid" : "893e955dafd00c9d",
        "reportUrl" : "https://Areso.github.io/Oblache/264//#testresult/893e955dafd00c9d",
        "status" : "failed",
        "statusDetails" : "AssertionError: Result is not equal expected value",
        "time" : {
          "start" : 1735608381056,
          "stop" : 1735608381575,
          "duration" : 519
        }
      }, {
        "uid" : "5aba4368360a8e90",
        "reportUrl" : "https://Areso.github.io/Oblache/263//#testresult/5aba4368360a8e90",
        "status" : "failed",
        "statusDetails" : "AssertionError: Result is not equal expected value",
        "time" : {
          "start" : 1735522607576,
          "stop" : 1735522608083,
          "duration" : 507
        }
      } ]
    },
    "tags" : [ ]
  },
  "source" : "3ec8f8c477572d90.json",
  "parameterValues" : [ ]
}