{
  "uid" : "40dc0e30dd0df078",
  "name" : "Post registration",
  "fullName" : "tests_api.test_bd.TestPOST#test_post_registration",
  "historyId" : "3b43b056873de27c596c9d6f53ea4da7",
  "time" : {
    "start" : 1710943335386,
    "stop" : 1710943335792,
    "duration" : 406
  },
  "status" : "skipped",
  "statusMessage" : "XFAIL\n\nAssertionError: Incorrect status code",
  "statusTrace" : "self = <tests_api.test_bd.TestPOST object at 0x7f060012c500>\n\n    @pytest.mark.xfail()\n    @allure.title('Post registration')\n    def test_post_registration(self):\n        result_post = API.post_registration(\"en-us\", True)\n        print(result_post.json())\n>       Checking.check_status_code(result_post, 201)\n\ntests_api/test_bd.py:129: \n_ _ _ _ _ _ _ _ _ _ _ _ _ _ _ _ _ _ _ _ _ _ _ _ _ _ _ _ _ _ _ _ _ _ _ _ _ _ _ _ \n\nresult = <Response [400]>, status_code = 201\n\n    @staticmethod\n    def check_status_code(result: requests.models.Response, status_code: int):\n        \"\"\"\n        Method check status code\n        :param result: Response JSON\n        :param status_code:\n        \"\"\"\n        with allure.step(f'Assert status code: {status_code} == Response status code: {result.status_code}'):\n>           assert status_code == result.status_code, 'Incorrect status code'\nE           AssertionError: Incorrect status code\n\ntests_api/utils/checking.py:18: AssertionError",
  "flaky" : false,
  "newFailed" : false,
  "beforeStages" : [ ],
  "testStage" : {
    "status" : "skipped",
    "statusMessage" : "XFAIL\n\nAssertionError: Incorrect status code",
    "statusTrace" : "self = <tests_api.test_bd.TestPOST object at 0x7f060012c500>\n\n    @pytest.mark.xfail()\n    @allure.title('Post registration')\n    def test_post_registration(self):\n        result_post = API.post_registration(\"en-us\", True)\n        print(result_post.json())\n>       Checking.check_status_code(result_post, 201)\n\ntests_api/test_bd.py:129: \n_ _ _ _ _ _ _ _ _ _ _ _ _ _ _ _ _ _ _ _ _ _ _ _ _ _ _ _ _ _ _ _ _ _ _ _ _ _ _ _ \n\nresult = <Response [400]>, status_code = 201\n\n    @staticmethod\n    def check_status_code(result: requests.models.Response, status_code: int):\n        \"\"\"\n        Method check status code\n        :param result: Response JSON\n        :param status_code:\n        \"\"\"\n        with allure.step(f'Assert status code: {status_code} == Response status code: {result.status_code}'):\n>           assert status_code == result.status_code, 'Incorrect status code'\nE           AssertionError: Incorrect status code\n\ntests_api/utils/checking.py:18: AssertionError",
    "steps" : [ {
      "name" : "post_registration",
      "time" : {
        "start" : 1710943335386,
        "stop" : 1710943335791,
        "duration" : 405
      },
      "status" : "passed",
      "steps" : [ {
        "name" : "POST https://dbend.areso.pro/register",
        "time" : {
          "start" : 1710943335386,
          "stop" : 1710943335791,
          "duration" : 405
        },
        "status" : "passed",
        "steps" : [ {
          "name" : "Status code: 400",
          "time" : {
            "start" : 1710943335791,
            "stop" : 1710943335791,
            "duration" : 0
          },
          "status" : "passed",
          "steps" : [ ],
          "attachments" : [ ],
          "parameters" : [ ],
          "hasContent" : false,
          "stepsCount" : 0,
          "attachmentsCount" : 0,
          "shouldDisplayMessage" : false
        }, {
          "name" : "Params url: https://dbend.areso.pro/register",
          "time" : {
            "start" : 1710943335791,
            "stop" : 1710943335791,
            "duration" : 0
          },
          "status" : "passed",
          "steps" : [ ],
          "attachments" : [ ],
          "parameters" : [ ],
          "hasContent" : false,
          "stepsCount" : 0,
          "attachmentsCount" : 0,
          "shouldDisplayMessage" : false
        } ],
        "attachments" : [ ],
        "parameters" : [ ],
        "hasContent" : true,
        "stepsCount" : 2,
        "attachmentsCount" : 0,
        "shouldDisplayMessage" : false
      } ],
      "attachments" : [ ],
      "parameters" : [ {
        "name" : "language",
        "value" : "'en-us'"
      }, {
        "name" : "tos_agree",
        "value" : "True"
      } ],
      "hasContent" : true,
      "stepsCount" : 3,
      "attachmentsCount" : 0,
      "shouldDisplayMessage" : false
    }, {
      "name" : "Assert status code: 201 == Response status code: 400",
      "time" : {
        "start" : 1710943335791,
        "stop" : 1710943335791,
        "duration" : 0
      },
      "status" : "failed",
      "statusMessage" : "AssertionError: Incorrect status code\n",
      "statusTrace" : "  File \"/home/runner/work/Oblache/Oblache/tests_api/utils/checking.py\", line 18, in check_status_code\n    assert status_code == result.status_code, 'Incorrect status code'\n",
      "steps" : [ ],
      "attachments" : [ ],
      "parameters" : [ ],
      "hasContent" : true,
      "stepsCount" : 0,
      "attachmentsCount" : 0,
      "shouldDisplayMessage" : true
    } ],
    "attachments" : [ ],
    "parameters" : [ ],
    "hasContent" : true,
    "stepsCount" : 5,
    "attachmentsCount" : 0,
    "shouldDisplayMessage" : true
  },
  "afterStages" : [ ],
  "labels" : [ {
    "name" : "suite",
    "value" : "POST"
  }, {
    "name" : "epic",
    "value" : "POST REQUESTS"
  }, {
    "name" : "tag",
    "value" : "@pytest.mark.xfail"
  }, {
    "name" : "parentSuite",
    "value" : "tests_api"
  }, {
    "name" : "subSuite",
    "value" : "TestPOST"
  }, {
    "name" : "host",
    "value" : "fv-az1205-275"
  }, {
    "name" : "thread",
    "value" : "2391-MainThread"
  }, {
    "name" : "framework",
    "value" : "pytest"
  }, {
    "name" : "language",
    "value" : "cpython3"
  }, {
    "name" : "package",
    "value" : "tests_api.test_bd"
  }, {
    "name" : "resultFormat",
    "value" : "allure2"
  } ],
  "parameters" : [ ],
  "links" : [ ],
  "hidden" : false,
  "retry" : false,
  "extra" : {
    "severity" : "normal",
    "retries" : [ ],
    "categories" : [ ],
    "history" : {
      "statistic" : {
        "failed" : 0,
        "broken" : 0,
        "skipped" : 3,
        "passed" : 0,
        "unknown" : 0,
        "total" : 3
      },
      "items" : [ {
        "uid" : "5ea2ef29b477abde",
        "reportUrl" : "https://Areso.github.io/Oblache/66//#testresult/5ea2ef29b477abde",
        "status" : "skipped",
        "statusDetails" : "XFAIL\n\nAssertionError: Incorrect status code",
        "time" : {
          "start" : 1710942876914,
          "stop" : 1710942877249,
          "duration" : 335
        }
      }, {
        "uid" : "ac111544fd10817",
        "reportUrl" : "https://Areso.github.io/Oblache/65//#testresult/ac111544fd10817",
        "status" : "skipped",
        "statusDetails" : "XFAIL\n\nAssertionError: Incorrect status code",
        "time" : {
          "start" : 1710942236790,
          "stop" : 1710942237117,
          "duration" : 327
        }
      } ]
    },
    "tags" : [ "@pytest.mark.xfail" ]
  },
  "source" : "40dc0e30dd0df078.json",
  "parameterValues" : [ ]
}