{
  "uid" : "1667919f473211a4",
  "name" : "Post registration email is taken for bg-bg",
  "fullName" : "tests_api.test_bd.TestPOST#test_post_registration_email_is_taken_for_bg_bg",
  "historyId" : "c7811bd494d11b8399f0b3c44a1e89fb",
  "time" : {
    "start" : 1710086218376,
    "stop" : 1710086218681,
    "duration" : 305
  },
  "status" : "failed",
  "statusMessage" : "AssertionError: Incorrect status code",
  "statusTrace" : "self = <tests_api.test_bd.TestPOST object at 0x7ff2f21d11b0>\n\n    @allure.title('Post registration email is taken for bg-bg')\n    def test_post_registration_email_is_taken_for_bg_bg(self):\n        result_post = API.post_registration(\"bg-bg\", True)\n        status_code = result_post\n>       Checking.check_status_code(status_code, 400)\n\ntests_api/test_bd.py:177: \n_ _ _ _ _ _ _ _ _ _ _ _ _ _ _ _ _ _ _ _ _ _ _ _ _ _ _ _ _ _ _ _ _ _ _ _ _ _ _ _ \n\nresult = <Response [502]>, status_code = 400\n\n    @staticmethod\n    def check_status_code(result: requests.models.Response, status_code: int):\n        \"\"\"\n        Method check status code\n        :param result: Response JSON\n        :param status_code:\n        \"\"\"\n        with allure.step(f'Assert status code: {status_code} == Response status code: {result.status_code}'):\n>           assert status_code == result.status_code, 'Incorrect status code'\nE           AssertionError: Incorrect status code\n\ntests_api/utils/checking.py:18: AssertionError",
  "flaky" : false,
  "newFailed" : false,
  "beforeStages" : [ ],
  "testStage" : {
    "status" : "failed",
    "statusMessage" : "AssertionError: Incorrect status code",
    "statusTrace" : "self = <tests_api.test_bd.TestPOST object at 0x7ff2f21d11b0>\n\n    @allure.title('Post registration email is taken for bg-bg')\n    def test_post_registration_email_is_taken_for_bg_bg(self):\n        result_post = API.post_registration(\"bg-bg\", True)\n        status_code = result_post\n>       Checking.check_status_code(status_code, 400)\n\ntests_api/test_bd.py:177: \n_ _ _ _ _ _ _ _ _ _ _ _ _ _ _ _ _ _ _ _ _ _ _ _ _ _ _ _ _ _ _ _ _ _ _ _ _ _ _ _ \n\nresult = <Response [502]>, status_code = 400\n\n    @staticmethod\n    def check_status_code(result: requests.models.Response, status_code: int):\n        \"\"\"\n        Method check status code\n        :param result: Response JSON\n        :param status_code:\n        \"\"\"\n        with allure.step(f'Assert status code: {status_code} == Response status code: {result.status_code}'):\n>           assert status_code == result.status_code, 'Incorrect status code'\nE           AssertionError: Incorrect status code\n\ntests_api/utils/checking.py:18: AssertionError",
    "steps" : [ {
      "name" : "post_registration",
      "time" : {
        "start" : 1710086218376,
        "stop" : 1710086218681,
        "duration" : 305
      },
      "status" : "passed",
      "steps" : [ {
        "name" : "POST https://dbend.areso.pro/register",
        "time" : {
          "start" : 1710086218376,
          "stop" : 1710086218681,
          "duration" : 305
        },
        "status" : "passed",
        "steps" : [ {
          "name" : "Status code: 502",
          "time" : {
            "start" : 1710086218680,
            "stop" : 1710086218680,
            "duration" : 0
          },
          "status" : "passed",
          "steps" : [ ],
          "attachments" : [ ],
          "parameters" : [ ],
          "attachmentsCount" : 0,
          "shouldDisplayMessage" : false,
          "stepsCount" : 0,
          "hasContent" : false
        }, {
          "name" : "Params url: https://dbend.areso.pro/register",
          "time" : {
            "start" : 1710086218680,
            "stop" : 1710086218681,
            "duration" : 1
          },
          "status" : "passed",
          "steps" : [ ],
          "attachments" : [ ],
          "parameters" : [ ],
          "attachmentsCount" : 0,
          "shouldDisplayMessage" : false,
          "stepsCount" : 0,
          "hasContent" : false
        } ],
        "attachments" : [ ],
        "parameters" : [ ],
        "attachmentsCount" : 0,
        "shouldDisplayMessage" : false,
        "stepsCount" : 2,
        "hasContent" : true
      } ],
      "attachments" : [ ],
      "parameters" : [ {
        "name" : "language",
        "value" : "'bg-bg'"
      }, {
        "name" : "tos_agree",
        "value" : "True"
      } ],
      "attachmentsCount" : 0,
      "shouldDisplayMessage" : false,
      "stepsCount" : 3,
      "hasContent" : true
    }, {
      "name" : "Assert status code: 400 == Response status code: 502",
      "time" : {
        "start" : 1710086218681,
        "stop" : 1710086218681,
        "duration" : 0
      },
      "status" : "failed",
      "statusMessage" : "AssertionError: Incorrect status code\n",
      "statusTrace" : "  File \"/home/runner/work/Oblache/Oblache/tests_api/utils/checking.py\", line 18, in check_status_code\n    assert status_code == result.status_code, 'Incorrect status code'\n",
      "steps" : [ ],
      "attachments" : [ ],
      "parameters" : [ ],
      "attachmentsCount" : 0,
      "shouldDisplayMessage" : true,
      "stepsCount" : 0,
      "hasContent" : true
    } ],
    "attachments" : [ ],
    "parameters" : [ ],
    "attachmentsCount" : 0,
    "shouldDisplayMessage" : true,
    "stepsCount" : 5,
    "hasContent" : true
  },
  "afterStages" : [ ],
  "labels" : [ {
    "name" : "suite",
    "value" : "POST"
  }, {
    "name" : "epic",
    "value" : "POST REQUESTS"
  }, {
    "name" : "parentSuite",
    "value" : "tests_api"
  }, {
    "name" : "subSuite",
    "value" : "TestPOST"
  }, {
    "name" : "host",
    "value" : "fv-az1542-603"
  }, {
    "name" : "thread",
    "value" : "1804-MainThread"
  }, {
    "name" : "framework",
    "value" : "pytest"
  }, {
    "name" : "language",
    "value" : "cpython3"
  }, {
    "name" : "package",
    "value" : "tests_api.test_bd"
  }, {
    "name" : "resultFormat",
    "value" : "allure2"
  } ],
  "parameters" : [ ],
  "links" : [ ],
  "hidden" : false,
  "retry" : false,
  "extra" : {
    "severity" : "normal",
    "retries" : [ ],
    "categories" : [ {
      "name" : "Product defects",
      "matchedStatuses" : [ ],
      "flaky" : false
    } ],
    "history" : {
      "statistic" : {
        "failed" : 2,
        "broken" : 0,
        "skipped" : 0,
        "passed" : 0,
        "unknown" : 0,
        "total" : 2
      },
      "items" : [ {
        "uid" : "b23e0b9561171bf7",
        "status" : "failed",
        "statusDetails" : "AssertionError: Incorrect status code",
        "time" : {
          "start" : 1710085912052,
          "stop" : 1710085912356,
          "duration" : 304
        }
      } ]
    },
    "tags" : [ ]
  },
  "source" : "1667919f473211a4.json",
  "parameterValues" : [ ]
}