{
  "uid" : "34aabe5e59c52d8b",
  "name" : "Post db_create with wrong db_version.",
  "fullName" : "tests_api.test_bd.TestPOST#test_post_db_create_with_wrong_values_db_version",
  "historyId" : "bda6ac446aec42c036b6b747abee39c3",
  "time" : {
    "start" : 1708876669678,
    "stop" : 1708876669982,
    "duration" : 304
  },
  "status" : "failed",
  "statusMessage" : "AssertionError: Incorrect status code",
  "statusTrace" : "self = <tests_api.test_bd.TestPOST object at 0x7f9a20609090>\n\n    @allure.title('Post db_create with wrong db_version.')\n    def test_post_db_create_with_wrong_values_db_version(self):\n        print('\\n\\nMethod POST: post_db_create_wrong_value_db_versione')\n        result_post_db_list = API.post_db_create_wrong_value_db_version(TestData.token)\n>       Checking.check_status_code(result_post_db_list, 400)\n\ntests_api/test_bd.py:192: \n_ _ _ _ _ _ _ _ _ _ _ _ _ _ _ _ _ _ _ _ _ _ _ _ _ _ _ _ _ _ _ _ _ _ _ _ _ _ _ _ \n\nresult = <Response [403]>, status_code = 400\n\n    @staticmethod\n    def check_status_code(result: requests.models.Response, status_code: int):\n        \"\"\"\n        Method check status code\n        :param result: Response JSON\n        :param status_code:\n        \"\"\"\n        with allure.step(f'Assert status code: {status_code} == Response status code: {result.status_code}'):\n>           assert status_code == result.status_code, 'Incorrect status code'\nE           AssertionError: Incorrect status code\n\ntests_api/utils/checking.py:18: AssertionError",
  "flaky" : false,
  "newFailed" : true,
  "beforeStages" : [ ],
  "testStage" : {
    "status" : "failed",
    "statusMessage" : "AssertionError: Incorrect status code",
    "statusTrace" : "self = <tests_api.test_bd.TestPOST object at 0x7f9a20609090>\n\n    @allure.title('Post db_create with wrong db_version.')\n    def test_post_db_create_with_wrong_values_db_version(self):\n        print('\\n\\nMethod POST: post_db_create_wrong_value_db_versione')\n        result_post_db_list = API.post_db_create_wrong_value_db_version(TestData.token)\n>       Checking.check_status_code(result_post_db_list, 400)\n\ntests_api/test_bd.py:192: \n_ _ _ _ _ _ _ _ _ _ _ _ _ _ _ _ _ _ _ _ _ _ _ _ _ _ _ _ _ _ _ _ _ _ _ _ _ _ _ _ \n\nresult = <Response [403]>, status_code = 400\n\n    @staticmethod\n    def check_status_code(result: requests.models.Response, status_code: int):\n        \"\"\"\n        Method check status code\n        :param result: Response JSON\n        :param status_code:\n        \"\"\"\n        with allure.step(f'Assert status code: {status_code} == Response status code: {result.status_code}'):\n>           assert status_code == result.status_code, 'Incorrect status code'\nE           AssertionError: Incorrect status code\n\ntests_api/utils/checking.py:18: AssertionError",
    "steps" : [ {
      "name" : "post_db_create_wrong_value_db_version",
      "time" : {
        "start" : 1708876669678,
        "stop" : 1708876669981,
        "duration" : 303
      },
      "status" : "passed",
      "steps" : [ {
        "name" : "POST https://dbend.areso.pro/db_create",
        "time" : {
          "start" : 1708876669678,
          "stop" : 1708876669678,
          "duration" : 0
        },
        "status" : "passed",
        "steps" : [ ],
        "attachments" : [ ],
        "parameters" : [ ],
        "attachmentsCount" : 0,
        "shouldDisplayMessage" : false,
        "stepsCount" : 0,
        "hasContent" : false
      }, {
        "name" : "Status code: 403",
        "time" : {
          "start" : 1708876669981,
          "stop" : 1708876669981,
          "duration" : 0
        },
        "status" : "passed",
        "steps" : [ ],
        "attachments" : [ ],
        "parameters" : [ ],
        "attachmentsCount" : 0,
        "shouldDisplayMessage" : false,
        "stepsCount" : 0,
        "hasContent" : false
      }, {
        "name" : "Params url: https://dbend.areso.pro/db_create",
        "time" : {
          "start" : 1708876669981,
          "stop" : 1708876669981,
          "duration" : 0
        },
        "status" : "passed",
        "steps" : [ ],
        "attachments" : [ ],
        "parameters" : [ ],
        "attachmentsCount" : 0,
        "shouldDisplayMessage" : false,
        "stepsCount" : 0,
        "hasContent" : false
      }, {
        "name" : "Response: <Response [403]>",
        "time" : {
          "start" : 1708876669981,
          "stop" : 1708876669981,
          "duration" : 0
        },
        "status" : "passed",
        "steps" : [ ],
        "attachments" : [ ],
        "parameters" : [ ],
        "attachmentsCount" : 0,
        "shouldDisplayMessage" : false,
        "stepsCount" : 0,
        "hasContent" : false
      } ],
      "attachments" : [ ],
      "parameters" : [ ],
      "attachmentsCount" : 0,
      "shouldDisplayMessage" : false,
      "stepsCount" : 4,
      "hasContent" : true
    }, {
      "name" : "Assert status code: 400 == Response status code: 403",
      "time" : {
        "start" : 1708876669981,
        "stop" : 1708876669981,
        "duration" : 0
      },
      "status" : "failed",
      "statusMessage" : "AssertionError: Incorrect status code\n",
      "statusTrace" : "  File \"/home/runner/work/Oblache/Oblache/tests_api/utils/checking.py\", line 18, in check_status_code\n    assert status_code == result.status_code, 'Incorrect status code'\n",
      "steps" : [ ],
      "attachments" : [ ],
      "parameters" : [ ],
      "attachmentsCount" : 0,
      "shouldDisplayMessage" : true,
      "stepsCount" : 0,
      "hasContent" : true
    } ],
    "attachments" : [ ],
    "parameters" : [ ],
    "attachmentsCount" : 0,
    "shouldDisplayMessage" : true,
    "stepsCount" : 6,
    "hasContent" : true
  },
  "afterStages" : [ ],
  "labels" : [ {
    "name" : "epic",
    "value" : "POST REQUESTS"
  }, {
    "name" : "suite",
    "value" : "POST"
  }, {
    "name" : "parentSuite",
    "value" : "tests_api"
  }, {
    "name" : "subSuite",
    "value" : "TestPOST"
  }, {
    "name" : "host",
    "value" : "fv-az665-41"
  }, {
    "name" : "thread",
    "value" : "1844-MainThread"
  }, {
    "name" : "framework",
    "value" : "pytest"
  }, {
    "name" : "language",
    "value" : "cpython3"
  }, {
    "name" : "package",
    "value" : "tests_api.test_bd"
  }, {
    "name" : "resultFormat",
    "value" : "allure2"
  } ],
  "parameters" : [ ],
  "links" : [ ],
  "hidden" : false,
  "retry" : false,
  "extra" : {
    "severity" : "normal",
    "retries" : [ ],
    "categories" : [ {
      "name" : "Product defects",
      "matchedStatuses" : [ ],
      "flaky" : false
    } ],
    "history" : {
      "statistic" : {
        "failed" : 1,
        "broken" : 0,
        "skipped" : 0,
        "passed" : 4,
        "unknown" : 0,
        "total" : 5
      },
      "items" : [ {
        "uid" : "dfb629681f296145",
        "status" : "passed",
        "time" : {
          "start" : 1708032435744,
          "stop" : 1708032436297,
          "duration" : 553
        }
      }, {
        "uid" : "fe42ef05cf284247",
        "status" : "passed",
        "time" : {
          "start" : 1708031930292,
          "stop" : 1708031930826,
          "duration" : 534
        }
      }, {
        "uid" : "2bcdda40012bf8f",
        "status" : "passed",
        "time" : {
          "start" : 1708028405789,
          "stop" : 1708028406173,
          "duration" : 384
        }
      }, {
        "uid" : "6352c7713ecbfaaf",
        "status" : "passed",
        "time" : {
          "start" : 1707696106700,
          "stop" : 1707696107221,
          "duration" : 521
        }
      } ]
    },
    "tags" : [ ]
  },
  "source" : "34aabe5e59c52d8b.json",
  "parameterValues" : [ ]
}