{
  "uid" : "5d3b5bb8a883596a",
  "name" : "Post db_create with wrong region.",
  "fullName" : "tests_api.test_bd.TestPOST#test_post_db_create_with_wrong_values_region",
  "historyId" : "856aa6401c668dd622a03a1da3937968",
  "time" : {
    "start" : 1708876670307,
    "stop" : 1708876670619,
    "duration" : 312
  },
  "status" : "failed",
  "statusMessage" : "AssertionError: Incorrect status code",
  "statusTrace" : "self = <tests_api.test_bd.TestPOST object at 0x7f9a2060ab60>\n\n    @allure.title('Post db_create with wrong region.')\n    def test_post_db_create_with_wrong_values_region(self):\n        print('\\n\\nMethod POST: post_db_create_wrong_value_region')\n        result_post_db_list = API.post_db_create_wrong_value_region(TestData.token)\n        print(result_post_db_list.json())\n>       Checking.check_status_code(result_post_db_list, 400)\n\ntests_api/test_bd.py:209: \n_ _ _ _ _ _ _ _ _ _ _ _ _ _ _ _ _ _ _ _ _ _ _ _ _ _ _ _ _ _ _ _ _ _ _ _ _ _ _ _ \n\nresult = <Response [403]>, status_code = 400\n\n    @staticmethod\n    def check_status_code(result: requests.models.Response, status_code: int):\n        \"\"\"\n        Method check status code\n        :param result: Response JSON\n        :param status_code:\n        \"\"\"\n        with allure.step(f'Assert status code: {status_code} == Response status code: {result.status_code}'):\n>           assert status_code == result.status_code, 'Incorrect status code'\nE           AssertionError: Incorrect status code\n\ntests_api/utils/checking.py:18: AssertionError",
  "flaky" : false,
  "newFailed" : true,
  "beforeStages" : [ ],
  "testStage" : {
    "status" : "failed",
    "statusMessage" : "AssertionError: Incorrect status code",
    "statusTrace" : "self = <tests_api.test_bd.TestPOST object at 0x7f9a2060ab60>\n\n    @allure.title('Post db_create with wrong region.')\n    def test_post_db_create_with_wrong_values_region(self):\n        print('\\n\\nMethod POST: post_db_create_wrong_value_region')\n        result_post_db_list = API.post_db_create_wrong_value_region(TestData.token)\n        print(result_post_db_list.json())\n>       Checking.check_status_code(result_post_db_list, 400)\n\ntests_api/test_bd.py:209: \n_ _ _ _ _ _ _ _ _ _ _ _ _ _ _ _ _ _ _ _ _ _ _ _ _ _ _ _ _ _ _ _ _ _ _ _ _ _ _ _ \n\nresult = <Response [403]>, status_code = 400\n\n    @staticmethod\n    def check_status_code(result: requests.models.Response, status_code: int):\n        \"\"\"\n        Method check status code\n        :param result: Response JSON\n        :param status_code:\n        \"\"\"\n        with allure.step(f'Assert status code: {status_code} == Response status code: {result.status_code}'):\n>           assert status_code == result.status_code, 'Incorrect status code'\nE           AssertionError: Incorrect status code\n\ntests_api/utils/checking.py:18: AssertionError",
    "steps" : [ {
      "name" : "post_db_create_wrong_value_region",
      "time" : {
        "start" : 1708876670307,
        "stop" : 1708876670619,
        "duration" : 312
      },
      "status" : "passed",
      "steps" : [ {
        "name" : "POST https://dbend.areso.pro/db_create",
        "time" : {
          "start" : 1708876670307,
          "stop" : 1708876670307,
          "duration" : 0
        },
        "status" : "passed",
        "steps" : [ ],
        "attachments" : [ ],
        "parameters" : [ ],
        "attachmentsCount" : 0,
        "shouldDisplayMessage" : false,
        "stepsCount" : 0,
        "hasContent" : false
      }, {
        "name" : "Status code: 403",
        "time" : {
          "start" : 1708876670619,
          "stop" : 1708876670619,
          "duration" : 0
        },
        "status" : "passed",
        "steps" : [ ],
        "attachments" : [ ],
        "parameters" : [ ],
        "attachmentsCount" : 0,
        "shouldDisplayMessage" : false,
        "stepsCount" : 0,
        "hasContent" : false
      }, {
        "name" : "Params url: https://dbend.areso.pro/db_create",
        "time" : {
          "start" : 1708876670619,
          "stop" : 1708876670619,
          "duration" : 0
        },
        "status" : "passed",
        "steps" : [ ],
        "attachments" : [ ],
        "parameters" : [ ],
        "attachmentsCount" : 0,
        "shouldDisplayMessage" : false,
        "stepsCount" : 0,
        "hasContent" : false
      }, {
        "name" : "Response: <Response [403]>",
        "time" : {
          "start" : 1708876670619,
          "stop" : 1708876670619,
          "duration" : 0
        },
        "status" : "passed",
        "steps" : [ ],
        "attachments" : [ ],
        "parameters" : [ ],
        "attachmentsCount" : 0,
        "shouldDisplayMessage" : false,
        "stepsCount" : 0,
        "hasContent" : false
      } ],
      "attachments" : [ ],
      "parameters" : [ ],
      "attachmentsCount" : 0,
      "shouldDisplayMessage" : false,
      "stepsCount" : 4,
      "hasContent" : true
    }, {
      "name" : "Assert status code: 400 == Response status code: 403",
      "time" : {
        "start" : 1708876670619,
        "stop" : 1708876670619,
        "duration" : 0
      },
      "status" : "failed",
      "statusMessage" : "AssertionError: Incorrect status code\n",
      "statusTrace" : "  File \"/home/runner/work/Oblache/Oblache/tests_api/utils/checking.py\", line 18, in check_status_code\n    assert status_code == result.status_code, 'Incorrect status code'\n",
      "steps" : [ ],
      "attachments" : [ ],
      "parameters" : [ ],
      "attachmentsCount" : 0,
      "shouldDisplayMessage" : true,
      "stepsCount" : 0,
      "hasContent" : true
    } ],
    "attachments" : [ ],
    "parameters" : [ ],
    "attachmentsCount" : 0,
    "shouldDisplayMessage" : true,
    "stepsCount" : 6,
    "hasContent" : true
  },
  "afterStages" : [ ],
  "labels" : [ {
    "name" : "epic",
    "value" : "POST REQUESTS"
  }, {
    "name" : "suite",
    "value" : "POST"
  }, {
    "name" : "parentSuite",
    "value" : "tests_api"
  }, {
    "name" : "subSuite",
    "value" : "TestPOST"
  }, {
    "name" : "host",
    "value" : "fv-az665-41"
  }, {
    "name" : "thread",
    "value" : "1844-MainThread"
  }, {
    "name" : "framework",
    "value" : "pytest"
  }, {
    "name" : "language",
    "value" : "cpython3"
  }, {
    "name" : "package",
    "value" : "tests_api.test_bd"
  }, {
    "name" : "resultFormat",
    "value" : "allure2"
  } ],
  "parameters" : [ ],
  "links" : [ ],
  "hidden" : false,
  "retry" : false,
  "extra" : {
    "severity" : "normal",
    "retries" : [ ],
    "categories" : [ {
      "name" : "Product defects",
      "matchedStatuses" : [ ],
      "flaky" : false
    } ],
    "history" : {
      "statistic" : {
        "failed" : 1,
        "broken" : 0,
        "skipped" : 0,
        "passed" : 4,
        "unknown" : 0,
        "total" : 5
      },
      "items" : [ {
        "uid" : "224b339d01f3097a",
        "status" : "passed",
        "time" : {
          "start" : 1708032436805,
          "stop" : 1708032437335,
          "duration" : 530
        }
      }, {
        "uid" : "3a26579efe08a85a",
        "status" : "passed",
        "time" : {
          "start" : 1708031931337,
          "stop" : 1708031931827,
          "duration" : 490
        }
      }, {
        "uid" : "178ddf70c06a67ad",
        "status" : "passed",
        "time" : {
          "start" : 1708028406552,
          "stop" : 1708028406925,
          "duration" : 373
        }
      }, {
        "uid" : "c2a0851c3ccd181",
        "status" : "passed",
        "time" : {
          "start" : 1707696107740,
          "stop" : 1707696108251,
          "duration" : 511
        }
      } ]
    },
    "tags" : [ ]
  },
  "source" : "5d3b5bb8a883596a.json",
  "parameterValues" : [ ]
}