{
  "uid" : "6c987ac1da10334f",
  "name" : "Post registration",
  "fullName" : "tests.test_bd.TestPOST#test_post_registration",
  "historyId" : "2a65ea35f5f222c4de1aaf9f487f0bf6",
  "time" : {
    "start" : 1706630866256,
    "stop" : 1706630866589,
    "duration" : 333
  },
  "status" : "skipped",
  "statusMessage" : "XFAIL\n\nAssertionError: Incorrect status code",
  "statusTrace" : "self = <tests.test_bd.TestPOST object at 0x7f450eb157e0>\n\n    @pytest.mark.xfail()\n    @allure.sub_suite('POST')\n    @allure.title('Post registration')\n    def test_post_registration(self):\n        print('\\n\\nMethod POST: registration')\n        result_post = API.post_registration()\n        status_code = result_post\n>       Checking.check_status_code(status_code, 200)\n\ntests/test_bd.py:64: \n_ _ _ _ _ _ _ _ _ _ _ _ _ _ _ _ _ _ _ _ _ _ _ _ _ _ _ _ _ _ _ _ _ _ _ _ _ _ _ _ \n\nresult = <Response [400]>, status_code = 200\n\n    @staticmethod\n    def check_status_code(result: requests.models.Response, status_code: int):\n        \"\"\"\n        Method check status code\n        :param result: Response JSON\n        :param status_code:\n        :return: int\n        \"\"\"\n>       assert status_code == result.status_code, 'Incorrect status code'\nE       AssertionError: Incorrect status code\n\nutils/checking.py:17: AssertionError",
  "flaky" : false,
  "newFailed" : false,
  "beforeStages" : [ ],
  "testStage" : {
    "status" : "skipped",
    "statusMessage" : "XFAIL\n\nAssertionError: Incorrect status code",
    "statusTrace" : "self = <tests.test_bd.TestPOST object at 0x7f450eb157e0>\n\n    @pytest.mark.xfail()\n    @allure.sub_suite('POST')\n    @allure.title('Post registration')\n    def test_post_registration(self):\n        print('\\n\\nMethod POST: registration')\n        result_post = API.post_registration()\n        status_code = result_post\n>       Checking.check_status_code(status_code, 200)\n\ntests/test_bd.py:64: \n_ _ _ _ _ _ _ _ _ _ _ _ _ _ _ _ _ _ _ _ _ _ _ _ _ _ _ _ _ _ _ _ _ _ _ _ _ _ _ _ \n\nresult = <Response [400]>, status_code = 200\n\n    @staticmethod\n    def check_status_code(result: requests.models.Response, status_code: int):\n        \"\"\"\n        Method check status code\n        :param result: Response JSON\n        :param status_code:\n        :return: int\n        \"\"\"\n>       assert status_code == result.status_code, 'Incorrect status code'\nE       AssertionError: Incorrect status code\n\nutils/checking.py:17: AssertionError",
    "steps" : [ {
      "name" : "Method POST",
      "time" : {
        "start" : 1706630866256,
        "stop" : 1706630866589,
        "duration" : 333
      },
      "status" : "passed",
      "steps" : [ {
        "name" : "Add request",
        "time" : {
          "start" : 1706630866256,
          "stop" : 1706630866256,
          "duration" : 0
        },
        "status" : "passed",
        "steps" : [ ],
        "attachments" : [ ],
        "parameters" : [ {
          "name" : "url",
          "value" : "'https://dbend.areso.pro/register'"
        }, {
          "name" : "method",
          "value" : "'POST'"
        } ],
        "attachmentsCount" : 0,
        "shouldDisplayMessage" : false,
        "stepsCount" : 0,
        "hasContent" : true
      }, {
        "name" : "Add response",
        "time" : {
          "start" : 1706630866589,
          "stop" : 1706630866589,
          "duration" : 0
        },
        "status" : "passed",
        "steps" : [ {
          "name" : "Response code: 400\n",
          "time" : {
            "start" : 1706630866589,
            "stop" : 1706630866589,
            "duration" : 0
          },
          "status" : "passed",
          "steps" : [ ],
          "attachments" : [ ],
          "parameters" : [ ],
          "attachmentsCount" : 0,
          "shouldDisplayMessage" : false,
          "stepsCount" : 0,
          "hasContent" : false
        }, {
          "name" : "Response text: {\n    \"content\": \"msg[3]: registration failed, this email is taken\"\n}\n\n",
          "time" : {
            "start" : 1706630866589,
            "stop" : 1706630866589,
            "duration" : 0
          },
          "status" : "passed",
          "steps" : [ ],
          "attachments" : [ ],
          "parameters" : [ ],
          "attachmentsCount" : 0,
          "shouldDisplayMessage" : false,
          "stepsCount" : 0,
          "hasContent" : false
        } ],
        "attachments" : [ ],
        "parameters" : [ {
          "name" : "result",
          "value" : "<Response [400]>"
        } ],
        "attachmentsCount" : 0,
        "shouldDisplayMessage" : false,
        "stepsCount" : 2,
        "hasContent" : true
      } ],
      "attachments" : [ ],
      "parameters" : [ {
        "name" : "url",
        "value" : "'https://dbend.areso.pro/register'"
      }, {
        "name" : "body",
        "value" : "{'email': 'test4', 'password': 'testpassword'}"
      } ],
      "attachmentsCount" : 0,
      "shouldDisplayMessage" : false,
      "stepsCount" : 4,
      "hasContent" : true
    } ],
    "attachments" : [ {
      "uid" : "59547fd9d2d1442b",
      "name" : "stdout",
      "source" : "59547fd9d2d1442b.txt",
      "type" : "text/plain",
      "size" : 148
    } ],
    "parameters" : [ ],
    "attachmentsCount" : 1,
    "shouldDisplayMessage" : true,
    "stepsCount" : 5,
    "hasContent" : true
  },
  "afterStages" : [ ],
  "labels" : [ {
    "name" : "epic",
    "value" : "POST REQUESTS"
  }, {
    "name" : "subSuite",
    "value" : "POST"
  }, {
    "name" : "suite",
    "value" : "REQUESTS POST"
  }, {
    "name" : "tag",
    "value" : "@pytest.mark.xfail"
  }, {
    "name" : "parentSuite",
    "value" : "tests"
  }, {
    "name" : "host",
    "value" : "fv-az700-177"
  }, {
    "name" : "thread",
    "value" : "1804-MainThread"
  }, {
    "name" : "framework",
    "value" : "pytest"
  }, {
    "name" : "language",
    "value" : "cpython3"
  }, {
    "name" : "package",
    "value" : "tests.test_bd"
  }, {
    "name" : "resultFormat",
    "value" : "allure2"
  } ],
  "parameters" : [ ],
  "links" : [ ],
  "hidden" : false,
  "retry" : false,
  "extra" : {
    "severity" : "normal",
    "retries" : [ ],
    "categories" : [ ],
    "history" : {
      "statistic" : {
        "failed" : 0,
        "broken" : 0,
        "skipped" : 5,
        "passed" : 0,
        "unknown" : 0,
        "total" : 5
      },
      "items" : [ {
        "uid" : "4ff2082e1bd4202c",
        "status" : "skipped",
        "statusDetails" : "XFAIL\n\nAssertionError: Incorrect status code",
        "time" : {
          "start" : 1706630298654,
          "stop" : 1706630299028,
          "duration" : 374
        }
      }, {
        "uid" : "aa0dde15a9f6c0fe",
        "status" : "skipped",
        "statusDetails" : "XFAIL\n\nAssertionError: Incorrect status code",
        "time" : {
          "start" : 1706630059905,
          "stop" : 1706630060296,
          "duration" : 391
        }
      }, {
        "uid" : "65709cba18f0defc",
        "status" : "skipped",
        "statusDetails" : "XFAIL\n\nAssertionError: Incorrect status code",
        "time" : {
          "start" : 1706484250159,
          "stop" : 1706484250540,
          "duration" : 381
        }
      }, {
        "uid" : "d54c54b39fb9f892",
        "status" : "skipped",
        "statusDetails" : "XFAIL\n\nAssertionError: Incorrect status code",
        "time" : {
          "start" : 1706282536811,
          "stop" : 1706282537260,
          "duration" : 449
        }
      } ]
    },
    "tags" : [ "@pytest.mark.xfail" ]
  },
  "source" : "6c987ac1da10334f.json",
  "parameterValues" : [ ]
}