{
  "uid" : "6fbf5d940a7fe648",
  "name" : "Post registration",
  "fullName" : "tests_api.test_bd.TestPOST#test_post_registration",
  "historyId" : "3b43b056873de27c596c9d6f53ea4da7",
  "time" : {
    "start" : 1707696103039,
    "stop" : 1707696103531,
    "duration" : 492
  },
  "status" : "skipped",
  "statusMessage" : "XFAIL\n\nAssertionError: Incorrect status code",
  "statusTrace" : "self = <tests_api.test_bd.TestPOST object at 0x7f2b41361f60>\n\n    @pytest.mark.xfail()\n    @allure.title('Post registration')\n    def test_post_registration(self):\n        print('\\n\\nMethod POST: registration')\n        result_post = API.post_registration()\n        status_code = result_post\n>       Checking.check_status_code(status_code, 201)\n\ntests_api/test_bd.py:131: \n_ _ _ _ _ _ _ _ _ _ _ _ _ _ _ _ _ _ _ _ _ _ _ _ _ _ _ _ _ _ _ _ _ _ _ _ _ _ _ _ \n\nresult = <Response [400]>, status_code = 201\n\n    @staticmethod\n    def check_status_code(result: requests.models.Response, status_code: int):\n        \"\"\"\n        Method check status code\n        :param result: Response JSON\n        :param status_code:\n        \"\"\"\n        with allure.step(f'Assert status code: {status_code} == Response status code: {result.status_code}'):\n>           assert status_code == result.status_code, 'Incorrect status code'\nE           AssertionError: Incorrect status code\n\ntests_api/utils/checking.py:18: AssertionError",
  "flaky" : false,
  "newFailed" : false,
  "beforeStages" : [ ],
  "testStage" : {
    "status" : "skipped",
    "statusMessage" : "XFAIL\n\nAssertionError: Incorrect status code",
    "statusTrace" : "self = <tests_api.test_bd.TestPOST object at 0x7f2b41361f60>\n\n    @pytest.mark.xfail()\n    @allure.title('Post registration')\n    def test_post_registration(self):\n        print('\\n\\nMethod POST: registration')\n        result_post = API.post_registration()\n        status_code = result_post\n>       Checking.check_status_code(status_code, 201)\n\ntests_api/test_bd.py:131: \n_ _ _ _ _ _ _ _ _ _ _ _ _ _ _ _ _ _ _ _ _ _ _ _ _ _ _ _ _ _ _ _ _ _ _ _ _ _ _ _ \n\nresult = <Response [400]>, status_code = 201\n\n    @staticmethod\n    def check_status_code(result: requests.models.Response, status_code: int):\n        \"\"\"\n        Method check status code\n        :param result: Response JSON\n        :param status_code:\n        \"\"\"\n        with allure.step(f'Assert status code: {status_code} == Response status code: {result.status_code}'):\n>           assert status_code == result.status_code, 'Incorrect status code'\nE           AssertionError: Incorrect status code\n\ntests_api/utils/checking.py:18: AssertionError",
    "steps" : [ {
      "name" : "post_registration",
      "time" : {
        "start" : 1707696103040,
        "stop" : 1707696103531,
        "duration" : 491
      },
      "status" : "passed",
      "steps" : [ {
        "name" : "POST https://dbend.areso.pro/register",
        "time" : {
          "start" : 1707696103040,
          "stop" : 1707696103040,
          "duration" : 0
        },
        "status" : "passed",
        "steps" : [ ],
        "attachments" : [ ],
        "parameters" : [ ],
        "attachmentsCount" : 0,
        "shouldDisplayMessage" : false,
        "stepsCount" : 0,
        "hasContent" : false
      }, {
        "name" : "Status code: 400",
        "time" : {
          "start" : 1707696103531,
          "stop" : 1707696103531,
          "duration" : 0
        },
        "status" : "passed",
        "steps" : [ ],
        "attachments" : [ ],
        "parameters" : [ ],
        "attachmentsCount" : 0,
        "shouldDisplayMessage" : false,
        "stepsCount" : 0,
        "hasContent" : false
      }, {
        "name" : "Params url: https://dbend.areso.pro/register",
        "time" : {
          "start" : 1707696103531,
          "stop" : 1707696103531,
          "duration" : 0
        },
        "status" : "passed",
        "steps" : [ ],
        "attachments" : [ ],
        "parameters" : [ ],
        "attachmentsCount" : 0,
        "shouldDisplayMessage" : false,
        "stepsCount" : 0,
        "hasContent" : false
      }, {
        "name" : "Response: <Response [400]>",
        "time" : {
          "start" : 1707696103531,
          "stop" : 1707696103531,
          "duration" : 0
        },
        "status" : "passed",
        "steps" : [ ],
        "attachments" : [ ],
        "parameters" : [ ],
        "attachmentsCount" : 0,
        "shouldDisplayMessage" : false,
        "stepsCount" : 0,
        "hasContent" : false
      } ],
      "attachments" : [ ],
      "parameters" : [ ],
      "attachmentsCount" : 0,
      "shouldDisplayMessage" : false,
      "stepsCount" : 4,
      "hasContent" : true
    }, {
      "name" : "Assert status code: 201 == Response status code: 400",
      "time" : {
        "start" : 1707696103531,
        "stop" : 1707696103531,
        "duration" : 0
      },
      "status" : "failed",
      "statusMessage" : "AssertionError: Incorrect status code\n",
      "statusTrace" : "  File \"/home/runner/work/Oblache/Oblache/tests_api/utils/checking.py\", line 18, in check_status_code\n    assert status_code == result.status_code, 'Incorrect status code'\n",
      "steps" : [ ],
      "attachments" : [ ],
      "parameters" : [ ],
      "attachmentsCount" : 0,
      "shouldDisplayMessage" : true,
      "stepsCount" : 0,
      "hasContent" : true
    } ],
    "attachments" : [ ],
    "parameters" : [ ],
    "attachmentsCount" : 0,
    "shouldDisplayMessage" : true,
    "stepsCount" : 6,
    "hasContent" : true
  },
  "afterStages" : [ ],
  "labels" : [ {
    "name" : "epic",
    "value" : "POST REQUESTS"
  }, {
    "name" : "suite",
    "value" : "POST"
  }, {
    "name" : "tag",
    "value" : "@pytest.mark.xfail"
  }, {
    "name" : "parentSuite",
    "value" : "tests_api"
  }, {
    "name" : "subSuite",
    "value" : "TestPOST"
  }, {
    "name" : "host",
    "value" : "fv-az915-40"
  }, {
    "name" : "thread",
    "value" : "1814-MainThread"
  }, {
    "name" : "framework",
    "value" : "pytest"
  }, {
    "name" : "language",
    "value" : "cpython3"
  }, {
    "name" : "package",
    "value" : "tests_api.test_bd"
  }, {
    "name" : "resultFormat",
    "value" : "allure2"
  } ],
  "parameters" : [ ],
  "links" : [ ],
  "hidden" : false,
  "retry" : false,
  "extra" : {
    "severity" : "normal",
    "retries" : [ ],
    "categories" : [ ],
    "tags" : [ "@pytest.mark.xfail" ]
  },
  "source" : "6fbf5d940a7fe648.json",
  "parameterValues" : [ ]
}