{
  "uid" : "77826c4702d8046d",
  "name" : "Post registration email is taken for en-us",
  "fullName" : "tests_api.test_bd.TestPOST#test_post_registration_email_is_taken_for_en_en",
  "historyId" : "01089481a801c3ca1d24c8f43d47f1d3",
  "time" : {
    "start" : 1710086218071,
    "stop" : 1710086218368,
    "duration" : 297
  },
  "status" : "failed",
  "statusMessage" : "AssertionError: Incorrect status code",
  "statusTrace" : "self = <tests_api.test_bd.TestPOST object at 0x7ff2f21d12d0>\n\n    @allure.title('Post registration email is taken for en-us')\n    def test_post_registration_email_is_taken_for_en_en(self):\n        result_post = API.post_registration(\"en-us\", True)\n        status_code = result_post\n>       Checking.check_status_code(status_code, 400)\n\ntests_api/test_bd.py:169: \n_ _ _ _ _ _ _ _ _ _ _ _ _ _ _ _ _ _ _ _ _ _ _ _ _ _ _ _ _ _ _ _ _ _ _ _ _ _ _ _ \n\nresult = <Response [502]>, status_code = 400\n\n    @staticmethod\n    def check_status_code(result: requests.models.Response, status_code: int):\n        \"\"\"\n        Method check status code\n        :param result: Response JSON\n        :param status_code:\n        \"\"\"\n        with allure.step(f'Assert status code: {status_code} == Response status code: {result.status_code}'):\n>           assert status_code == result.status_code, 'Incorrect status code'\nE           AssertionError: Incorrect status code\n\ntests_api/utils/checking.py:18: AssertionError",
  "flaky" : false,
  "newFailed" : false,
  "beforeStages" : [ ],
  "testStage" : {
    "status" : "failed",
    "statusMessage" : "AssertionError: Incorrect status code",
    "statusTrace" : "self = <tests_api.test_bd.TestPOST object at 0x7ff2f21d12d0>\n\n    @allure.title('Post registration email is taken for en-us')\n    def test_post_registration_email_is_taken_for_en_en(self):\n        result_post = API.post_registration(\"en-us\", True)\n        status_code = result_post\n>       Checking.check_status_code(status_code, 400)\n\ntests_api/test_bd.py:169: \n_ _ _ _ _ _ _ _ _ _ _ _ _ _ _ _ _ _ _ _ _ _ _ _ _ _ _ _ _ _ _ _ _ _ _ _ _ _ _ _ \n\nresult = <Response [502]>, status_code = 400\n\n    @staticmethod\n    def check_status_code(result: requests.models.Response, status_code: int):\n        \"\"\"\n        Method check status code\n        :param result: Response JSON\n        :param status_code:\n        \"\"\"\n        with allure.step(f'Assert status code: {status_code} == Response status code: {result.status_code}'):\n>           assert status_code == result.status_code, 'Incorrect status code'\nE           AssertionError: Incorrect status code\n\ntests_api/utils/checking.py:18: AssertionError",
    "steps" : [ {
      "name" : "post_registration",
      "time" : {
        "start" : 1710086218071,
        "stop" : 1710086218368,
        "duration" : 297
      },
      "status" : "passed",
      "steps" : [ {
        "name" : "POST https://dbend.areso.pro/register",
        "time" : {
          "start" : 1710086218071,
          "stop" : 1710086218368,
          "duration" : 297
        },
        "status" : "passed",
        "steps" : [ {
          "name" : "Status code: 502",
          "time" : {
            "start" : 1710086218368,
            "stop" : 1710086218368,
            "duration" : 0
          },
          "status" : "passed",
          "steps" : [ ],
          "attachments" : [ ],
          "parameters" : [ ],
          "attachmentsCount" : 0,
          "shouldDisplayMessage" : false,
          "stepsCount" : 0,
          "hasContent" : false
        }, {
          "name" : "Params url: https://dbend.areso.pro/register",
          "time" : {
            "start" : 1710086218368,
            "stop" : 1710086218368,
            "duration" : 0
          },
          "status" : "passed",
          "steps" : [ ],
          "attachments" : [ ],
          "parameters" : [ ],
          "attachmentsCount" : 0,
          "shouldDisplayMessage" : false,
          "stepsCount" : 0,
          "hasContent" : false
        } ],
        "attachments" : [ ],
        "parameters" : [ ],
        "attachmentsCount" : 0,
        "shouldDisplayMessage" : false,
        "stepsCount" : 2,
        "hasContent" : true
      } ],
      "attachments" : [ ],
      "parameters" : [ {
        "name" : "language",
        "value" : "'en-us'"
      }, {
        "name" : "tos_agree",
        "value" : "True"
      } ],
      "attachmentsCount" : 0,
      "shouldDisplayMessage" : false,
      "stepsCount" : 3,
      "hasContent" : true
    }, {
      "name" : "Assert status code: 400 == Response status code: 502",
      "time" : {
        "start" : 1710086218368,
        "stop" : 1710086218368,
        "duration" : 0
      },
      "status" : "failed",
      "statusMessage" : "AssertionError: Incorrect status code\n",
      "statusTrace" : "  File \"/home/runner/work/Oblache/Oblache/tests_api/utils/checking.py\", line 18, in check_status_code\n    assert status_code == result.status_code, 'Incorrect status code'\n",
      "steps" : [ ],
      "attachments" : [ ],
      "parameters" : [ ],
      "attachmentsCount" : 0,
      "shouldDisplayMessage" : true,
      "stepsCount" : 0,
      "hasContent" : true
    } ],
    "attachments" : [ ],
    "parameters" : [ ],
    "attachmentsCount" : 0,
    "shouldDisplayMessage" : true,
    "stepsCount" : 5,
    "hasContent" : true
  },
  "afterStages" : [ ],
  "labels" : [ {
    "name" : "suite",
    "value" : "POST"
  }, {
    "name" : "epic",
    "value" : "POST REQUESTS"
  }, {
    "name" : "parentSuite",
    "value" : "tests_api"
  }, {
    "name" : "subSuite",
    "value" : "TestPOST"
  }, {
    "name" : "host",
    "value" : "fv-az1542-603"
  }, {
    "name" : "thread",
    "value" : "1804-MainThread"
  }, {
    "name" : "framework",
    "value" : "pytest"
  }, {
    "name" : "language",
    "value" : "cpython3"
  }, {
    "name" : "package",
    "value" : "tests_api.test_bd"
  }, {
    "name" : "resultFormat",
    "value" : "allure2"
  } ],
  "parameters" : [ ],
  "links" : [ ],
  "hidden" : false,
  "retry" : false,
  "extra" : {
    "severity" : "normal",
    "retries" : [ ],
    "categories" : [ {
      "name" : "Product defects",
      "matchedStatuses" : [ ],
      "flaky" : false
    } ],
    "history" : {
      "statistic" : {
        "failed" : 2,
        "broken" : 0,
        "skipped" : 0,
        "passed" : 0,
        "unknown" : 0,
        "total" : 2
      },
      "items" : [ {
        "uid" : "3d09c63139c61e7d",
        "status" : "failed",
        "statusDetails" : "AssertionError: Incorrect status code",
        "time" : {
          "start" : 1710085911739,
          "stop" : 1710085912044,
          "duration" : 305
        }
      } ]
    },
    "tags" : [ ]
  },
  "source" : "77826c4702d8046d.json",
  "parameterValues" : [ ]
}