{
  "uid" : "7fdeee0da1f8700",
  "name" : "Post db_create with wrong db_type.",
  "fullName" : "tests_api.test_bd.TestPOST#test_post_db_create_with_wrong_values_dbtype",
  "historyId" : "ae63095b2fe55ca99f871a9193b615b5",
  "time" : {
    "start" : 1708876669366,
    "stop" : 1708876669671,
    "duration" : 305
  },
  "status" : "failed",
  "statusMessage" : "AssertionError: Incorrect status code",
  "statusTrace" : "self = <tests_api.test_bd.TestPOST object at 0x7f9a206091b0>\n\n    @allure.title('Post db_create with wrong db_type.')\n    def test_post_db_create_with_wrong_values_dbtype(self):\n        print('\\n\\nMethod POST: post_db_create_wrong_value_dbtype')\n        result_post_db_list = API.post_db_create_wrong_value_db_type(TestData.token)\n>       Checking.check_status_code(result_post_db_list, 400)\n\ntests_api/test_bd.py:184: \n_ _ _ _ _ _ _ _ _ _ _ _ _ _ _ _ _ _ _ _ _ _ _ _ _ _ _ _ _ _ _ _ _ _ _ _ _ _ _ _ \n\nresult = <Response [403]>, status_code = 400\n\n    @staticmethod\n    def check_status_code(result: requests.models.Response, status_code: int):\n        \"\"\"\n        Method check status code\n        :param result: Response JSON\n        :param status_code:\n        \"\"\"\n        with allure.step(f'Assert status code: {status_code} == Response status code: {result.status_code}'):\n>           assert status_code == result.status_code, 'Incorrect status code'\nE           AssertionError: Incorrect status code\n\ntests_api/utils/checking.py:18: AssertionError",
  "flaky" : false,
  "newFailed" : true,
  "beforeStages" : [ ],
  "testStage" : {
    "status" : "failed",
    "statusMessage" : "AssertionError: Incorrect status code",
    "statusTrace" : "self = <tests_api.test_bd.TestPOST object at 0x7f9a206091b0>\n\n    @allure.title('Post db_create with wrong db_type.')\n    def test_post_db_create_with_wrong_values_dbtype(self):\n        print('\\n\\nMethod POST: post_db_create_wrong_value_dbtype')\n        result_post_db_list = API.post_db_create_wrong_value_db_type(TestData.token)\n>       Checking.check_status_code(result_post_db_list, 400)\n\ntests_api/test_bd.py:184: \n_ _ _ _ _ _ _ _ _ _ _ _ _ _ _ _ _ _ _ _ _ _ _ _ _ _ _ _ _ _ _ _ _ _ _ _ _ _ _ _ \n\nresult = <Response [403]>, status_code = 400\n\n    @staticmethod\n    def check_status_code(result: requests.models.Response, status_code: int):\n        \"\"\"\n        Method check status code\n        :param result: Response JSON\n        :param status_code:\n        \"\"\"\n        with allure.step(f'Assert status code: {status_code} == Response status code: {result.status_code}'):\n>           assert status_code == result.status_code, 'Incorrect status code'\nE           AssertionError: Incorrect status code\n\ntests_api/utils/checking.py:18: AssertionError",
    "steps" : [ {
      "name" : "post_db_create_wrong_value_db_type",
      "time" : {
        "start" : 1708876669366,
        "stop" : 1708876669670,
        "duration" : 304
      },
      "status" : "passed",
      "steps" : [ {
        "name" : "POST https://dbend.areso.pro/db_create",
        "time" : {
          "start" : 1708876669366,
          "stop" : 1708876669366,
          "duration" : 0
        },
        "status" : "passed",
        "steps" : [ ],
        "attachments" : [ ],
        "parameters" : [ ],
        "attachmentsCount" : 0,
        "shouldDisplayMessage" : false,
        "stepsCount" : 0,
        "hasContent" : false
      }, {
        "name" : "Status code: 403",
        "time" : {
          "start" : 1708876669670,
          "stop" : 1708876669670,
          "duration" : 0
        },
        "status" : "passed",
        "steps" : [ ],
        "attachments" : [ ],
        "parameters" : [ ],
        "attachmentsCount" : 0,
        "shouldDisplayMessage" : false,
        "stepsCount" : 0,
        "hasContent" : false
      }, {
        "name" : "Params url: https://dbend.areso.pro/db_create",
        "time" : {
          "start" : 1708876669670,
          "stop" : 1708876669670,
          "duration" : 0
        },
        "status" : "passed",
        "steps" : [ ],
        "attachments" : [ ],
        "parameters" : [ ],
        "attachmentsCount" : 0,
        "shouldDisplayMessage" : false,
        "stepsCount" : 0,
        "hasContent" : false
      }, {
        "name" : "Response: <Response [403]>",
        "time" : {
          "start" : 1708876669670,
          "stop" : 1708876669670,
          "duration" : 0
        },
        "status" : "passed",
        "steps" : [ ],
        "attachments" : [ ],
        "parameters" : [ ],
        "attachmentsCount" : 0,
        "shouldDisplayMessage" : false,
        "stepsCount" : 0,
        "hasContent" : false
      } ],
      "attachments" : [ ],
      "parameters" : [ ],
      "attachmentsCount" : 0,
      "shouldDisplayMessage" : false,
      "stepsCount" : 4,
      "hasContent" : true
    }, {
      "name" : "Assert status code: 400 == Response status code: 403",
      "time" : {
        "start" : 1708876669670,
        "stop" : 1708876669671,
        "duration" : 1
      },
      "status" : "failed",
      "statusMessage" : "AssertionError: Incorrect status code\n",
      "statusTrace" : "  File \"/home/runner/work/Oblache/Oblache/tests_api/utils/checking.py\", line 18, in check_status_code\n    assert status_code == result.status_code, 'Incorrect status code'\n",
      "steps" : [ ],
      "attachments" : [ ],
      "parameters" : [ ],
      "attachmentsCount" : 0,
      "shouldDisplayMessage" : true,
      "stepsCount" : 0,
      "hasContent" : true
    } ],
    "attachments" : [ ],
    "parameters" : [ ],
    "attachmentsCount" : 0,
    "shouldDisplayMessage" : true,
    "stepsCount" : 6,
    "hasContent" : true
  },
  "afterStages" : [ ],
  "labels" : [ {
    "name" : "epic",
    "value" : "POST REQUESTS"
  }, {
    "name" : "suite",
    "value" : "POST"
  }, {
    "name" : "parentSuite",
    "value" : "tests_api"
  }, {
    "name" : "subSuite",
    "value" : "TestPOST"
  }, {
    "name" : "host",
    "value" : "fv-az665-41"
  }, {
    "name" : "thread",
    "value" : "1844-MainThread"
  }, {
    "name" : "framework",
    "value" : "pytest"
  }, {
    "name" : "language",
    "value" : "cpython3"
  }, {
    "name" : "package",
    "value" : "tests_api.test_bd"
  }, {
    "name" : "resultFormat",
    "value" : "allure2"
  } ],
  "parameters" : [ ],
  "links" : [ ],
  "hidden" : false,
  "retry" : false,
  "extra" : {
    "severity" : "normal",
    "retries" : [ ],
    "categories" : [ {
      "name" : "Product defects",
      "matchedStatuses" : [ ],
      "flaky" : false
    } ],
    "history" : {
      "statistic" : {
        "failed" : 1,
        "broken" : 0,
        "skipped" : 0,
        "passed" : 4,
        "unknown" : 0,
        "total" : 5
      },
      "items" : [ {
        "uid" : "94f2c6fefe624915",
        "status" : "passed",
        "time" : {
          "start" : 1708032435219,
          "stop" : 1708032435742,
          "duration" : 523
        }
      }, {
        "uid" : "945b99aa7539f55d",
        "status" : "passed",
        "time" : {
          "start" : 1708031929783,
          "stop" : 1708031930290,
          "duration" : 507
        }
      }, {
        "uid" : "f42e61c37a307b82",
        "status" : "passed",
        "time" : {
          "start" : 1708028405413,
          "stop" : 1708028405787,
          "duration" : 374
        }
      }, {
        "uid" : "22c16fa302ccdc5a",
        "status" : "passed",
        "time" : {
          "start" : 1707696106173,
          "stop" : 1707696106698,
          "duration" : 525
        }
      } ]
    },
    "tags" : [ ]
  },
  "source" : "7fdeee0da1f8700.json",
  "parameterValues" : [ ]
}