{
  "uid" : "a27a102e32028160",
  "name" : "Post registration",
  "fullName" : "tests.test_bd.TestPOST#test_post_registration",
  "historyId" : "2a65ea35f5f222c4de1aaf9f487f0bf6",
  "time" : {
    "start" : 1707069363859,
    "stop" : 1707069364232,
    "duration" : 373
  },
  "status" : "skipped",
  "statusMessage" : "XFAIL\n\nAssertionError: Incorrect status code",
  "statusTrace" : "self = <tests.test_bd.TestPOST object at 0x7faa6e722830>\n\n    @pytest.mark.xfail()\n    @allure.title('Post registration')\n    def test_post_registration(self):\n        print('\\n\\nMethod POST: registration')\n        result_post = API.post_registration()\n        status_code = result_post\n>       Checking.check_status_code(status_code, 201)\n\ntests/test_bd.py:67: \n_ _ _ _ _ _ _ _ _ _ _ _ _ _ _ _ _ _ _ _ _ _ _ _ _ _ _ _ _ _ _ _ _ _ _ _ _ _ _ _ \n\nresult = <Response [400]>, status_code = 201\n\n    @staticmethod\n    def check_status_code(result: requests.models.Response, status_code: int):\n        \"\"\"\n        Method check status code\n        :param result: Response JSON\n        :param status_code:\n        \"\"\"\n        with allure.step(f'Assert status code: {status_code} == Response status code: {result.status_code}'):\n>           assert status_code == result.status_code, 'Incorrect status code'\nE           AssertionError: Incorrect status code\n\nutils/checking.py:18: AssertionError",
  "flaky" : false,
  "newFailed" : false,
  "beforeStages" : [ ],
  "testStage" : {
    "status" : "skipped",
    "statusMessage" : "XFAIL\n\nAssertionError: Incorrect status code",
    "statusTrace" : "self = <tests.test_bd.TestPOST object at 0x7faa6e722830>\n\n    @pytest.mark.xfail()\n    @allure.title('Post registration')\n    def test_post_registration(self):\n        print('\\n\\nMethod POST: registration')\n        result_post = API.post_registration()\n        status_code = result_post\n>       Checking.check_status_code(status_code, 201)\n\ntests/test_bd.py:67: \n_ _ _ _ _ _ _ _ _ _ _ _ _ _ _ _ _ _ _ _ _ _ _ _ _ _ _ _ _ _ _ _ _ _ _ _ _ _ _ _ \n\nresult = <Response [400]>, status_code = 201\n\n    @staticmethod\n    def check_status_code(result: requests.models.Response, status_code: int):\n        \"\"\"\n        Method check status code\n        :param result: Response JSON\n        :param status_code:\n        \"\"\"\n        with allure.step(f'Assert status code: {status_code} == Response status code: {result.status_code}'):\n>           assert status_code == result.status_code, 'Incorrect status code'\nE           AssertionError: Incorrect status code\n\nutils/checking.py:18: AssertionError",
    "steps" : [ {
      "name" : "POST https://dbend.areso.pro/register",
      "time" : {
        "start" : 1707069363859,
        "stop" : 1707069363859,
        "duration" : 0
      },
      "status" : "passed",
      "steps" : [ ],
      "attachments" : [ ],
      "parameters" : [ ],
      "stepsCount" : 0,
      "attachmentsCount" : 0,
      "shouldDisplayMessage" : false,
      "hasContent" : false
    }, {
      "name" : "Params:{'email': 'test4', 'password': 'testpassword'}",
      "time" : {
        "start" : 1707069363859,
        "stop" : 1707069363859,
        "duration" : 0
      },
      "status" : "passed",
      "steps" : [ ],
      "attachments" : [ ],
      "parameters" : [ ],
      "stepsCount" : 0,
      "attachmentsCount" : 0,
      "shouldDisplayMessage" : false,
      "hasContent" : false
    }, {
      "name" : "Status code: 400",
      "time" : {
        "start" : 1707069364232,
        "stop" : 1707069364232,
        "duration" : 0
      },
      "status" : "passed",
      "steps" : [ ],
      "attachments" : [ ],
      "parameters" : [ ],
      "stepsCount" : 0,
      "attachmentsCount" : 0,
      "shouldDisplayMessage" : false,
      "hasContent" : false
    }, {
      "name" : "Params url: https://dbend.areso.pro/register\nBody: {'email': 'test4', 'password': 'testpassword'}",
      "time" : {
        "start" : 1707069364232,
        "stop" : 1707069364232,
        "duration" : 0
      },
      "status" : "passed",
      "steps" : [ ],
      "attachments" : [ ],
      "parameters" : [ ],
      "stepsCount" : 0,
      "attachmentsCount" : 0,
      "shouldDisplayMessage" : false,
      "hasContent" : false
    }, {
      "name" : "Response: {\n    \"content\": \"msg[3]: registration failed, this email is taken\"\n}\n",
      "time" : {
        "start" : 1707069364232,
        "stop" : 1707069364232,
        "duration" : 0
      },
      "status" : "passed",
      "steps" : [ ],
      "attachments" : [ ],
      "parameters" : [ ],
      "stepsCount" : 0,
      "attachmentsCount" : 0,
      "shouldDisplayMessage" : false,
      "hasContent" : false
    }, {
      "name" : "Assert status code: 201 == Response status code: 400",
      "time" : {
        "start" : 1707069364232,
        "stop" : 1707069364232,
        "duration" : 0
      },
      "status" : "failed",
      "statusMessage" : "AssertionError: Incorrect status code\n",
      "statusTrace" : "  File \"/home/runner/work/Oblache/Oblache/utils/checking.py\", line 18, in check_status_code\n    assert status_code == result.status_code, 'Incorrect status code'\n",
      "steps" : [ ],
      "attachments" : [ ],
      "parameters" : [ ],
      "stepsCount" : 0,
      "attachmentsCount" : 0,
      "shouldDisplayMessage" : true,
      "hasContent" : true
    } ],
    "attachments" : [ {
      "uid" : "90a6dcb31f6e2227",
      "name" : "stdout",
      "source" : "90a6dcb31f6e2227.txt",
      "type" : "text/plain",
      "size" : 148
    } ],
    "parameters" : [ ],
    "stepsCount" : 6,
    "attachmentsCount" : 1,
    "shouldDisplayMessage" : true,
    "hasContent" : true
  },
  "afterStages" : [ ],
  "labels" : [ {
    "name" : "epic",
    "value" : "POST REQUESTS"
  }, {
    "name" : "suite",
    "value" : "POST"
  }, {
    "name" : "tag",
    "value" : "@pytest.mark.xfail"
  }, {
    "name" : "parentSuite",
    "value" : "tests"
  }, {
    "name" : "subSuite",
    "value" : "TestPOST"
  }, {
    "name" : "host",
    "value" : "fv-az740-811"
  }, {
    "name" : "thread",
    "value" : "1770-MainThread"
  }, {
    "name" : "framework",
    "value" : "pytest"
  }, {
    "name" : "language",
    "value" : "cpython3"
  }, {
    "name" : "package",
    "value" : "tests.test_bd"
  }, {
    "name" : "resultFormat",
    "value" : "allure2"
  } ],
  "parameters" : [ ],
  "links" : [ ],
  "hidden" : false,
  "retry" : false,
  "extra" : {
    "severity" : "normal",
    "retries" : [ ],
    "categories" : [ ],
    "history" : {
      "statistic" : {
        "failed" : 0,
        "broken" : 0,
        "skipped" : 11,
        "passed" : 0,
        "unknown" : 0,
        "total" : 11
      },
      "items" : [ {
        "uid" : "ffa83eaafa0105f2",
        "status" : "skipped",
        "statusDetails" : "XFAIL\n\nAssertionError: Incorrect status code",
        "time" : {
          "start" : 1707068499920,
          "stop" : 1707068500252,
          "duration" : 332
        }
      }, {
        "uid" : "3f6e4632f9dc6a0d",
        "status" : "skipped",
        "statusDetails" : "XFAIL\n\nAssertionError: Incorrect status code",
        "time" : {
          "start" : 1707067410587,
          "stop" : 1707067411107,
          "duration" : 520
        }
      }, {
        "uid" : "b871c186ce620e20",
        "status" : "skipped",
        "statusDetails" : "XFAIL\n\nAssertionError: Incorrect status code",
        "time" : {
          "start" : 1706811865430,
          "stop" : 1706811865777,
          "duration" : 347
        }
      }, {
        "uid" : "fa1fbbf5fae9d630",
        "status" : "skipped",
        "statusDetails" : "XFAIL\n\nAssertionError: Incorrect status code",
        "time" : {
          "start" : 1706810640297,
          "stop" : 1706810640631,
          "duration" : 334
        }
      }, {
        "uid" : "b7e9c6cd49eaef9a",
        "status" : "skipped",
        "statusDetails" : "XFAIL\n\nAssertionError: Incorrect status code",
        "time" : {
          "start" : 1706729025829,
          "stop" : 1706729026188,
          "duration" : 359
        }
      }, {
        "uid" : "6c987ac1da10334f",
        "status" : "skipped",
        "statusDetails" : "XFAIL\n\nAssertionError: Incorrect status code",
        "time" : {
          "start" : 1706630866256,
          "stop" : 1706630866589,
          "duration" : 333
        }
      }, {
        "uid" : "4ff2082e1bd4202c",
        "status" : "skipped",
        "statusDetails" : "XFAIL\n\nAssertionError: Incorrect status code",
        "time" : {
          "start" : 1706630298654,
          "stop" : 1706630299028,
          "duration" : 374
        }
      }, {
        "uid" : "aa0dde15a9f6c0fe",
        "status" : "skipped",
        "statusDetails" : "XFAIL\n\nAssertionError: Incorrect status code",
        "time" : {
          "start" : 1706630059905,
          "stop" : 1706630060296,
          "duration" : 391
        }
      }, {
        "uid" : "65709cba18f0defc",
        "status" : "skipped",
        "statusDetails" : "XFAIL\n\nAssertionError: Incorrect status code",
        "time" : {
          "start" : 1706484250159,
          "stop" : 1706484250540,
          "duration" : 381
        }
      }, {
        "uid" : "d54c54b39fb9f892",
        "status" : "skipped",
        "statusDetails" : "XFAIL\n\nAssertionError: Incorrect status code",
        "time" : {
          "start" : 1706282536811,
          "stop" : 1706282537260,
          "duration" : 449
        }
      } ]
    },
    "tags" : [ "@pytest.mark.xfail" ]
  },
  "source" : "a27a102e32028160.json",
  "parameterValues" : [ ]
}