{
  "uid" : "dc02a9ffe34a8fc9",
  "name" : "Post db_create with wrong env.",
  "fullName" : "tests_api.test_bd.TestPOST#test_post_db_create_with_wrong_values_env",
  "historyId" : "7ce8359f9c0963d82ed82d33290818c9",
  "time" : {
    "start" : 1708876669990,
    "stop" : 1708876670300,
    "duration" : 310
  },
  "status" : "failed",
  "statusMessage" : "AssertionError: Incorrect status code",
  "statusTrace" : "self = <tests_api.test_bd.TestPOST object at 0x7f9a206094b0>\n\n    @allure.title('Post db_create with wrong env.')\n    def test_post_db_create_with_wrong_values_env(self):\n        print('\\n\\nMethod POST: post_db_create_wrong_value_env')\n        result_post_db_list = API.post_db_create_wrong_value_env(TestData.token)\n>       Checking.check_status_code(result_post_db_list, 400)\n\ntests_api/test_bd.py:200: \n_ _ _ _ _ _ _ _ _ _ _ _ _ _ _ _ _ _ _ _ _ _ _ _ _ _ _ _ _ _ _ _ _ _ _ _ _ _ _ _ \n\nresult = <Response [403]>, status_code = 400\n\n    @staticmethod\n    def check_status_code(result: requests.models.Response, status_code: int):\n        \"\"\"\n        Method check status code\n        :param result: Response JSON\n        :param status_code:\n        \"\"\"\n        with allure.step(f'Assert status code: {status_code} == Response status code: {result.status_code}'):\n>           assert status_code == result.status_code, 'Incorrect status code'\nE           AssertionError: Incorrect status code\n\ntests_api/utils/checking.py:18: AssertionError",
  "flaky" : false,
  "newFailed" : true,
  "beforeStages" : [ ],
  "testStage" : {
    "status" : "failed",
    "statusMessage" : "AssertionError: Incorrect status code",
    "statusTrace" : "self = <tests_api.test_bd.TestPOST object at 0x7f9a206094b0>\n\n    @allure.title('Post db_create with wrong env.')\n    def test_post_db_create_with_wrong_values_env(self):\n        print('\\n\\nMethod POST: post_db_create_wrong_value_env')\n        result_post_db_list = API.post_db_create_wrong_value_env(TestData.token)\n>       Checking.check_status_code(result_post_db_list, 400)\n\ntests_api/test_bd.py:200: \n_ _ _ _ _ _ _ _ _ _ _ _ _ _ _ _ _ _ _ _ _ _ _ _ _ _ _ _ _ _ _ _ _ _ _ _ _ _ _ _ \n\nresult = <Response [403]>, status_code = 400\n\n    @staticmethod\n    def check_status_code(result: requests.models.Response, status_code: int):\n        \"\"\"\n        Method check status code\n        :param result: Response JSON\n        :param status_code:\n        \"\"\"\n        with allure.step(f'Assert status code: {status_code} == Response status code: {result.status_code}'):\n>           assert status_code == result.status_code, 'Incorrect status code'\nE           AssertionError: Incorrect status code\n\ntests_api/utils/checking.py:18: AssertionError",
    "steps" : [ {
      "name" : "post_db_create_wrong_value_env",
      "time" : {
        "start" : 1708876669990,
        "stop" : 1708876670300,
        "duration" : 310
      },
      "status" : "passed",
      "steps" : [ {
        "name" : "POST https://dbend.areso.pro/db_create",
        "time" : {
          "start" : 1708876669990,
          "stop" : 1708876669990,
          "duration" : 0
        },
        "status" : "passed",
        "steps" : [ ],
        "attachments" : [ ],
        "parameters" : [ ],
        "attachmentsCount" : 0,
        "shouldDisplayMessage" : false,
        "stepsCount" : 0,
        "hasContent" : false
      }, {
        "name" : "Status code: 403",
        "time" : {
          "start" : 1708876670300,
          "stop" : 1708876670300,
          "duration" : 0
        },
        "status" : "passed",
        "steps" : [ ],
        "attachments" : [ ],
        "parameters" : [ ],
        "attachmentsCount" : 0,
        "shouldDisplayMessage" : false,
        "stepsCount" : 0,
        "hasContent" : false
      }, {
        "name" : "Params url: https://dbend.areso.pro/db_create",
        "time" : {
          "start" : 1708876670300,
          "stop" : 1708876670300,
          "duration" : 0
        },
        "status" : "passed",
        "steps" : [ ],
        "attachments" : [ ],
        "parameters" : [ ],
        "attachmentsCount" : 0,
        "shouldDisplayMessage" : false,
        "stepsCount" : 0,
        "hasContent" : false
      }, {
        "name" : "Response: <Response [403]>",
        "time" : {
          "start" : 1708876670300,
          "stop" : 1708876670300,
          "duration" : 0
        },
        "status" : "passed",
        "steps" : [ ],
        "attachments" : [ ],
        "parameters" : [ ],
        "attachmentsCount" : 0,
        "shouldDisplayMessage" : false,
        "stepsCount" : 0,
        "hasContent" : false
      } ],
      "attachments" : [ ],
      "parameters" : [ ],
      "attachmentsCount" : 0,
      "shouldDisplayMessage" : false,
      "stepsCount" : 4,
      "hasContent" : true
    }, {
      "name" : "Assert status code: 400 == Response status code: 403",
      "time" : {
        "start" : 1708876670300,
        "stop" : 1708876670300,
        "duration" : 0
      },
      "status" : "failed",
      "statusMessage" : "AssertionError: Incorrect status code\n",
      "statusTrace" : "  File \"/home/runner/work/Oblache/Oblache/tests_api/utils/checking.py\", line 18, in check_status_code\n    assert status_code == result.status_code, 'Incorrect status code'\n",
      "steps" : [ ],
      "attachments" : [ ],
      "parameters" : [ ],
      "attachmentsCount" : 0,
      "shouldDisplayMessage" : true,
      "stepsCount" : 0,
      "hasContent" : true
    } ],
    "attachments" : [ ],
    "parameters" : [ ],
    "attachmentsCount" : 0,
    "shouldDisplayMessage" : true,
    "stepsCount" : 6,
    "hasContent" : true
  },
  "afterStages" : [ ],
  "labels" : [ {
    "name" : "epic",
    "value" : "POST REQUESTS"
  }, {
    "name" : "suite",
    "value" : "POST"
  }, {
    "name" : "parentSuite",
    "value" : "tests_api"
  }, {
    "name" : "subSuite",
    "value" : "TestPOST"
  }, {
    "name" : "host",
    "value" : "fv-az665-41"
  }, {
    "name" : "thread",
    "value" : "1844-MainThread"
  }, {
    "name" : "framework",
    "value" : "pytest"
  }, {
    "name" : "language",
    "value" : "cpython3"
  }, {
    "name" : "package",
    "value" : "tests_api.test_bd"
  }, {
    "name" : "resultFormat",
    "value" : "allure2"
  } ],
  "parameters" : [ ],
  "links" : [ ],
  "hidden" : false,
  "retry" : false,
  "extra" : {
    "severity" : "normal",
    "retries" : [ ],
    "categories" : [ {
      "name" : "Product defects",
      "matchedStatuses" : [ ],
      "flaky" : false
    } ],
    "history" : {
      "statistic" : {
        "failed" : 1,
        "broken" : 0,
        "skipped" : 0,
        "passed" : 4,
        "unknown" : 0,
        "total" : 5
      },
      "items" : [ {
        "uid" : "621bec68b41a6384",
        "status" : "passed",
        "time" : {
          "start" : 1708032436299,
          "stop" : 1708032436803,
          "duration" : 504
        }
      }, {
        "uid" : "8ad4508717c7a07a",
        "status" : "passed",
        "time" : {
          "start" : 1708031930828,
          "stop" : 1708031931335,
          "duration" : 507
        }
      }, {
        "uid" : "6091af531495a5f9",
        "status" : "passed",
        "time" : {
          "start" : 1708028406175,
          "stop" : 1708028406550,
          "duration" : 375
        }
      }, {
        "uid" : "1e5dabfe7880e651",
        "status" : "passed",
        "time" : {
          "start" : 1707696107222,
          "stop" : 1707696107738,
          "duration" : 516
        }
      } ]
    },
    "tags" : [ ]
  },
  "source" : "dc02a9ffe34a8fc9.json",
  "parameterValues" : [ ]
}